[ 2014-12-13T01:13:26+08:00 ] ::1 /timetravel/Admin/index.php?s=/admin/route/index.html
INFO: [ app_init ] --START--
INFO: Run Behavior\BuildLiteBehavior [ RunTime:0.000017s ]
INFO: Run Common\Behavior\InitHookBehavior [ RunTime:0.004531s ]
INFO: [ app_init ] --END-- [ RunTime:0.005458s ]
INFO: [ app_begin ] --START--
INFO: Run Behavior\ReadHtmlCacheBehavior [ RunTime:0.000989s ]
INFO: [ app_begin ] --END-- [ RunTime:0.001061s ]
NOTIC: [8] Undefined variable: map /Users/Boolean93/www/timetravel/Admin/Application/Admin/Controller/RouteController.class.php 第 34 行.
SQL: SHOW COLUMNS FROM `route` [ RunTime:0.002331s ]
SQL: SELECT COUNT(*) AS tp_count FROM `route` LIMIT 1   [ RunTime:0.000473s ]
SQL: SELECT `id`,`title`,`travel_line`,`content`,`create_time`,`start_time`,`end_time`,`pic_url`,`type` FROM `route` ORDER BY id LIMIT 0,10   [ RunTime:0.000468s ]
NOTIC: [8] Undefined variable: map /Users/Boolean93/www/timetravel/Admin/Application/Admin/Controller/RouteController.class.php 第 36 行.
INFO: [ view_parse ] --START--
INFO: [ template_filter ] --START--
INFO: Run Behavior\ContentReplaceBehavior [ RunTime:0.000059s ]
INFO: [ template_filter ] --END-- [ RunTime:0.000108s ]
INFO: Run Behavior\ParseTemplateBehavior [ RunTime:0.013466s ]
INFO: [ view_parse ] --END-- [ RunTime:0.013536s ]
INFO: [ view_filter ] --START--
INFO: Run Behavior\WriteHtmlCacheBehavior [ RunTime:0.000584s ]
INFO: [ view_filter ] --END-- [ RunTime:0.000636s ]
INFO: [ app_end ] --START--
INFO: Run Behavior\ShowPageTraceBehavior [ RunTime:0.001249s ]
INFO: [ app_end ] --END-- [ RunTime:0.001341s ]

[ 2014-12-13T01:23:15+08:00 ] ::1 /timetravel/Admin/index.php?s=/Admin/Route/edit/id/2.html
INFO: [ app_init ] --START--
INFO: Run Behavior\BuildLiteBehavior [ RunTime:0.000010s ]
INFO: Run Common\Behavior\InitHookBehavior [ RunTime:0.000861s ]
INFO: [ app_init ] --END-- [ RunTime:0.001146s ]
INFO: [ app_begin ] --START--
INFO: Run Behavior\ReadHtmlCacheBehavior [ RunTime:0.000257s ]
INFO: [ app_begin ] --END-- [ RunTime:0.000289s ]
SQL: SHOW COLUMNS FROM `route` [ RunTime:0.002293s ]
SQL: SELECT `id`,`title`,`travel_line`,`content`,`create_time`,`start_time`,`end_time`,`pic_url`,`type` FROM `route` WHERE ( `id` = 2 ) LIMIT 1   [ RunTime:0.000395s ]
SQL: SHOW COLUMNS FROM `category` [ RunTime:0.002839s ]
SQL: SELECT `cid`,`title`,`ename`,`pid`,`type`,`keywords`,`description`,`content`,`status`,`sort` FROM `category`  [ RunTime:0.000538s ]
INFO: [ view_parse ] --START--
INFO: [ template_filter ] --START--
INFO: Run Behavior\ContentReplaceBehavior [ RunTime:0.000058s ]
INFO: [ template_filter ] --END-- [ RunTime:0.000105s ]
INFO: Run Behavior\ParseTemplateBehavior [ RunTime:0.008823s ]
INFO: [ view_parse ] --END-- [ RunTime:0.008864s ]
INFO: [ view_filter ] --START--
INFO: Run Behavior\WriteHtmlCacheBehavior [ RunTime:0.000120s ]
INFO: [ view_filter ] --END-- [ RunTime:0.000147s ]
INFO: [ app_end ] --START--
INFO: Run Behavior\ShowPageTraceBehavior [ RunTime:0.000473s ]
INFO: [ app_end ] --END-- [ RunTime:0.000516s ]

[ 2014-12-13T01:23:16+08:00 ] ::1 /timetravel/Admin/index.php?s=/Admin/Article/ueditor.html&action=config&&noCache=1418404996071
INFO: [ app_init ] --START--
INFO: Run Behavior\BuildLiteBehavior [ RunTime:0.000016s ]
INFO: Run Common\Behavior\InitHookBehavior [ RunTime:0.001467s ]
INFO: [ app_init ] --END-- [ RunTime:0.001910s ]
INFO: [ app_begin ] --START--
INFO: Run Behavior\ReadHtmlCacheBehavior [ RunTime:0.000428s ]
INFO: [ app_begin ] --END-- [ RunTime:0.000492s ]
INFO: [ app_end ] --START--
INFO: Run Behavior\ShowPageTraceBehavior [ RunTime:0.000693s ]
INFO: [ app_end ] --END-- [ RunTime:0.000787s ]

[ 2014-12-13T01:23:20+08:00 ] ::1 /timetravel/Admin/index.php?s=/Admin/Route/edit.html
INFO: [ app_init ] --START--
INFO: Run Behavior\BuildLiteBehavior [ RunTime:0.000029s ]
INFO: Run Common\Behavior\InitHookBehavior [ RunTime:0.001126s ]
INFO: [ app_init ] --END-- [ RunTime:0.001746s ]
INFO: [ app_begin ] --START--
INFO: Run Behavior\ReadHtmlCacheBehavior [ RunTime:0.000422s ]
INFO: [ app_begin ] --END-- [ RunTime:0.000471s ]
SQL: SHOW COLUMNS FROM `route` [ RunTime:0.003788s ]
SQL: UPDATE `route` SET `title`='啊实打实',`travel_line`='阿斯顿',`pic_url`='img_1.jpg',`start_time`='12313',`end_time`='124141424888',`type`='young',`content`='&lt;p&gt;lqskjdlkasjd&lt;/p&gt;' WHERE ( `id` = 2 ) [ RunTime:0.001107s ]
SQL: SHOW COLUMNS FROM `action` [ RunTime:0.002526s ]
SQL: SELECT * FROM `action` WHERE ( `name` = 'edit_route' ) LIMIT 1   [ RunTime:0.000406s ]

[ 2014-12-13T01:23:21+08:00 ] ::1 /timetravel/Admin/index.php?s=/admin/route/index.html
INFO: [ app_init ] --START--
INFO: Run Behavior\BuildLiteBehavior [ RunTime:0.000013s ]
INFO: Run Common\Behavior\InitHookBehavior [ RunTime:0.001023s ]
INFO: [ app_init ] --END-- [ RunTime:0.001339s ]
INFO: [ app_begin ] --START--
INFO: Run Behavior\ReadHtmlCacheBehavior [ RunTime:0.000336s ]
INFO: [ app_begin ] --END-- [ RunTime:0.000379s ]
NOTIC: [8] Undefined variable: map /Users/Boolean93/www/timetravel/Admin/Application/Admin/Controller/RouteController.class.php 第 34 行.
SQL: SHOW COLUMNS FROM `route` [ RunTime:0.002706s ]
SQL: SELECT COUNT(*) AS tp_count FROM `route` LIMIT 1   [ RunTime:0.000315s ]
SQL: SELECT `id`,`title`,`travel_line`,`content`,`create_time`,`start_time`,`end_time`,`pic_url`,`type` FROM `route` ORDER BY id LIMIT 0,10   [ RunTime:0.000316s ]
NOTIC: [8] Undefined variable: map /Users/Boolean93/www/timetravel/Admin/Application/Admin/Controller/RouteController.class.php 第 36 行.
INFO: [ view_parse ] --START--
INFO: [ template_filter ] --START--
INFO: Run Behavior\ContentReplaceBehavior [ RunTime:0.000055s ]
INFO: [ template_filter ] --END-- [ RunTime:0.000103s ]
INFO: Run Behavior\ParseTemplateBehavior [ RunTime:0.007214s ]
INFO: [ view_parse ] --END-- [ RunTime:0.007282s ]
INFO: [ view_filter ] --START--
INFO: Run Behavior\WriteHtmlCacheBehavior [ RunTime:0.000234s ]
INFO: [ view_filter ] --END-- [ RunTime:0.000281s ]
INFO: [ app_end ] --START--
INFO: Run Behavior\ShowPageTraceBehavior [ RunTime:0.000710s ]
INFO: [ app_end ] --END-- [ RunTime:0.000777s ]

[ 2014-12-13T01:35:05+08:00 ] ::1 /timetravel/Admin/index.php?s=/Admin/Route/edit/id/2.html
INFO: [ app_init ] --START--
INFO: Run Behavior\BuildLiteBehavior [ RunTime:0.000013s ]
INFO: Run Common\Behavior\InitHookBehavior [ RunTime:0.001214s ]
INFO: [ app_init ] --END-- [ RunTime:0.001547s ]
INFO: [ app_begin ] --START--
INFO: Run Behavior\ReadHtmlCacheBehavior [ RunTime:0.000863s ]
INFO: [ app_begin ] --END-- [ RunTime:0.000960s ]
SQL: SHOW COLUMNS FROM `route` [ RunTime:0.002674s ]
SQL: SELECT `id`,`title`,`travel_line`,`content`,`create_time`,`start_time`,`end_time`,`pic_url`,`type` FROM `route` WHERE ( `id` = 2 ) LIMIT 1   [ RunTime:0.000400s ]
SQL: SHOW COLUMNS FROM `category` [ RunTime:0.002657s ]
SQL: SELECT `cid`,`title`,`ename`,`pid`,`type`,`keywords`,`description`,`content`,`status`,`sort` FROM `category`  [ RunTime:0.000357s ]
INFO: [ view_parse ] --START--
INFO: [ template_filter ] --START--
INFO: Run Behavior\ContentReplaceBehavior [ RunTime:0.000157s ]
INFO: [ template_filter ] --END-- [ RunTime:0.000223s ]
INFO: Run Behavior\ParseTemplateBehavior [ RunTime:0.005501s ]
INFO: [ view_parse ] --END-- [ RunTime:0.005608s ]
INFO: [ view_filter ] --START--
INFO: Run Behavior\WriteHtmlCacheBehavior [ RunTime:0.000109s ]
INFO: [ view_filter ] --END-- [ RunTime:0.000133s ]
INFO: [ app_end ] --START--
INFO: Run Behavior\ShowPageTraceBehavior [ RunTime:0.000303s ]
INFO: [ app_end ] --END-- [ RunTime:0.000329s ]

[ 2014-12-13T01:35:05+08:00 ] ::1 /timetravel/Admin/index.php?s=/Admin/Article/ueditor.html&action=config&&noCache=1418405705758
INFO: [ app_init ] --START--
INFO: Run Behavior\BuildLiteBehavior [ RunTime:0.000023s ]
INFO: Run Common\Behavior\InitHookBehavior [ RunTime:0.001928s ]
INFO: [ app_init ] --END-- [ RunTime:0.002454s ]
INFO: [ app_begin ] --START--
INFO: Run Behavior\ReadHtmlCacheBehavior [ RunTime:0.000371s ]
INFO: [ app_begin ] --END-- [ RunTime:0.000426s ]
INFO: [ app_end ] --START--
INFO: Run Behavior\ShowPageTraceBehavior [ RunTime:0.000338s ]
INFO: [ app_end ] --END-- [ RunTime:0.000391s ]

[ 2014-12-13T01:35:09+08:00 ] ::1 /timetravel/Admin/index.php?s=/Admin/Route/edit.html
INFO: [ app_init ] --START--
INFO: Run Behavior\BuildLiteBehavior [ RunTime:0.000011s ]
INFO: Run Common\Behavior\InitHookBehavior [ RunTime:0.000882s ]
INFO: [ app_init ] --END-- [ RunTime:0.001165s ]
INFO: [ app_begin ] --START--
INFO: Run Behavior\ReadHtmlCacheBehavior [ RunTime:0.000536s ]
INFO: [ app_begin ] --END-- [ RunTime:0.000601s ]
SQL: SHOW COLUMNS FROM `route` [ RunTime:0.001589s ]
SQL: UPDATE `route` SET `title`='啊实打实',`travel_line`='阿斯顿',`pic_url`='img_1.jpg',`start_time`='12313',`end_time`='1241414',`type`='young',`content`='&lt;p&gt;lqskjdlkasjd&lt;/p&gt;' WHERE ( `id` = 2 ) [ RunTime:0.000607s ]
SQL: SHOW COLUMNS FROM `action` [ RunTime:0.001563s ]
SQL: SELECT * FROM `action` WHERE ( `name` = 'edit_route' ) LIMIT 1   [ RunTime:0.000354s ]

[ 2014-12-13T01:35:11+08:00 ] ::1 /timetravel/Admin/index.php?s=/admin/route/index.html
INFO: [ app_init ] --START--
INFO: Run Behavior\BuildLiteBehavior [ RunTime:0.000010s ]
INFO: Run Common\Behavior\InitHookBehavior [ RunTime:0.000865s ]
INFO: [ app_init ] --END-- [ RunTime:0.001134s ]
INFO: [ app_begin ] --START--
INFO: Run Behavior\ReadHtmlCacheBehavior [ RunTime:0.000291s ]
INFO: [ app_begin ] --END-- [ RunTime:0.000325s ]
NOTIC: [8] Undefined variable: map /Users/Boolean93/www/timetravel/Admin/Application/Admin/Controller/RouteController.class.php 第 34 行.
SQL: SHOW COLUMNS FROM `route` [ RunTime:0.003265s ]
SQL: SELECT COUNT(*) AS tp_count FROM `route` LIMIT 1   [ RunTime:0.000385s ]
SQL: SELECT `id`,`title`,`travel_line`,`content`,`create_time`,`start_time`,`end_time`,`pic_url`,`type` FROM `route` ORDER BY id LIMIT 0,10   [ RunTime:0.000343s ]
NOTIC: [8] Undefined variable: map /Users/Boolean93/www/timetravel/Admin/Application/Admin/Controller/RouteController.class.php 第 36 行.
INFO: [ view_parse ] --START--
INFO: [ template_filter ] --START--
INFO: Run Behavior\ContentReplaceBehavior [ RunTime:0.000058s ]
INFO: [ template_filter ] --END-- [ RunTime:0.000100s ]
INFO: Run Behavior\ParseTemplateBehavior [ RunTime:0.007165s ]
INFO: [ view_parse ] --END-- [ RunTime:0.007245s ]
INFO: [ view_filter ] --START--
INFO: Run Behavior\WriteHtmlCacheBehavior [ RunTime:0.000241s ]
INFO: [ view_filter ] --END-- [ RunTime:0.000289s ]
INFO: [ app_end ] --START--
INFO: Run Behavior\ShowPageTraceBehavior [ RunTime:0.000571s ]
INFO: [ app_end ] --END-- [ RunTime:0.000642s ]

[ 2014-12-13T15:50:25+08:00 ] ::1 /timetravel/Admin/index.php?s=/admin/route/index.html
INFO: [ app_init ] --START--
INFO: Run Behavior\BuildLiteBehavior [ RunTime:0.000020s ]
INFO: Run Common\Behavior\InitHookBehavior [ RunTime:0.004233s ]
INFO: [ app_init ] --END-- [ RunTime:0.005266s ]
INFO: [ app_begin ] --START--
INFO: Run Behavior\ReadHtmlCacheBehavior [ RunTime:0.000975s ]
INFO: [ app_begin ] --END-- [ RunTime:0.001046s ]
NOTIC: [8] Undefined variable: map /Users/Boolean93/www/timetravel/Admin/Application/Admin/Controller/RouteController.class.php 第 34 行.
SQL: SHOW COLUMNS FROM `route` [ RunTime:0.001847s ]
SQL: SELECT COUNT(*) AS tp_count FROM `route` LIMIT 1   [ RunTime:0.003573s ]
SQL: SELECT `id`,`title`,`travel_line`,`content`,`create_time`,`start_time`,`end_time`,`pic_url`,`type` FROM `route` ORDER BY id LIMIT 0,10   [ RunTime:0.000634s ]
NOTIC: [8] Undefined variable: map /Users/Boolean93/www/timetravel/Admin/Application/Admin/Controller/RouteController.class.php 第 36 行.
INFO: [ view_parse ] --START--
INFO: [ template_filter ] --START--
INFO: Run Behavior\ContentReplaceBehavior [ RunTime:0.000060s ]
INFO: [ template_filter ] --END-- [ RunTime:0.000112s ]
INFO: Run Behavior\ParseTemplateBehavior [ RunTime:0.013288s ]
INFO: [ view_parse ] --END-- [ RunTime:0.013339s ]
INFO: [ view_filter ] --START--
INFO: Run Behavior\WriteHtmlCacheBehavior [ RunTime:0.000582s ]
INFO: [ view_filter ] --END-- [ RunTime:0.000644s ]
INFO: [ app_end ] --START--
INFO: Run Behavior\ShowPageTraceBehavior [ RunTime:0.001268s ]
INFO: [ app_end ] --END-- [ RunTime:0.001371s ]

[ 2014-12-13T15:54:01+08:00 ] ::1 /timetravel/Admin/
INFO: [ app_init ] --START--
INFO: Run Behavior\BuildLiteBehavior [ RunTime:0.000016s ]
INFO: Run Common\Behavior\InitHookBehavior [ RunTime:0.001271s ]
INFO: [ app_init ] --END-- [ RunTime:0.001724s ]
INFO: [ app_begin ] --START--
INFO: Run Behavior\ReadHtmlCacheBehavior [ RunTime:0.000408s ]
INFO: [ app_begin ] --END-- [ RunTime:0.000462s ]
SQL: SHOW COLUMNS FROM `auth` [ RunTime:0.001936s ]
NOTIC: [8] Undefined variable: map /Users/Boolean93/www/timetravel/Admin/Application/Admin/Controller/IndexController.class.php 第 31 行.
SQL: SELECT * FROM `auth` ORDER BY sort  [ RunTime:0.000610s ]
SQL: SHOW COLUMNS FROM `addons` [ RunTime:0.002210s ]
SQL: SELECT `title`,`name` FROM `addons` WHERE ( status=1 AND has_adminlist=1 )  [ RunTime:0.000318s ]
NOTIC: [8] Undefined index: id /Users/Boolean93/www/timetravel/Admin/Application/Common/Common/function.php 第 312 行.
INFO: [ view_parse ] --START--
INFO: [ template_filter ] --START--
INFO: Run Behavior\ContentReplaceBehavior [ RunTime:0.000061s ]
INFO: [ template_filter ] --END-- [ RunTime:0.000123s ]
NOTIC: [8] Undefined index: id /Users/Boolean93/www/timetravel/Admin/#Runtime/Cache/Admin/b595b808c2ebeeeb0478ffc30bb4e87a.php 第 107 行.
INFO: Run Behavior\ParseTemplateBehavior [ RunTime:0.011895s ]
INFO: [ view_parse ] --END-- [ RunTime:0.011968s ]
INFO: [ view_filter ] --START--
INFO: Run Behavior\WriteHtmlCacheBehavior [ RunTime:0.000187s ]
INFO: [ view_filter ] --END-- [ RunTime:0.000223s ]
INFO: [ app_end ] --START--
INFO: Run Behavior\ShowPageTraceBehavior [ RunTime:0.000587s ]
INFO: [ app_end ] --END-- [ RunTime:0.000692s ]

[ 2014-12-13T15:54:01+08:00 ] ::1 /timetravel/Admin/index.php?s=/admin/index/center.html
INFO: [ app_init ] --START--
INFO: Run Behavior\BuildLiteBehavior [ RunTime:0.000014s ]
INFO: Run Common\Behavior\InitHookBehavior [ RunTime:0.001371s ]
INFO: [ app_init ] --END-- [ RunTime:0.001773s ]
INFO: [ app_begin ] --START--
INFO: Run Behavior\ReadHtmlCacheBehavior [ RunTime:0.000745s ]
INFO: [ app_begin ] --END-- [ RunTime:0.000809s ]
INFO: [ view_parse ] --START--
INFO: [ template_filter ] --START--
INFO: Run Behavior\ContentReplaceBehavior [ RunTime:0.000083s ]
INFO: [ template_filter ] --END-- [ RunTime:0.000190s ]
INFO: [ AdminIndex ] --START--
SQL: SHOW COLUMNS FROM `addons` [ RunTime:0.020973s ]
SQL: SELECT `config` FROM `addons` WHERE ( `name` = 'SiteStat' ) AND ( `status` = 1 ) LIMIT 1   [ RunTime:0.000556s ]
SQL: SHOW COLUMNS FROM `member` [ RunTime:0.008328s ]
SQL: SELECT COUNT(*) AS tp_count FROM `member` LIMIT 1   [ RunTime:0.000485s ]
SQL: SHOW COLUMNS FROM `action_log` [ RunTime:0.002747s ]
SQL: SELECT COUNT(*) AS tp_count FROM `action_log` LIMIT 1   [ RunTime:0.000395s ]
SQL: SHOW COLUMNS FROM `article` [ RunTime:0.002262s ]
SQL: SELECT COUNT(*) AS tp_count FROM `article` LIMIT 1   [ RunTime:0.000302s ]
SQL: SHOW COLUMNS FROM `category` [ RunTime:0.003269s ]
SQL: SELECT COUNT(*) AS tp_count FROM `category` LIMIT 1   [ RunTime:0.000400s ]
INFO: [ view_parse ] --START--
INFO: [ template_filter ] --START--
INFO: Run Behavior\ContentReplaceBehavior [ RunTime:0.000080s ]
INFO: [ template_filter ] --END-- [ RunTime:-0.080830s ]
INFO: Run Behavior\ParseTemplateBehavior [ RunTime:0.002401s ]
INFO: [ view_parse ] --END-- [ RunTime:0.002457s ]
INFO: [ view_filter ] --START--
INFO: Run Behavior\WriteHtmlCacheBehavior [ RunTime:0.000171s ]
INFO: [ view_filter ] --END-- [ RunTime:0.000208s ]
INFO: Run SiteStat [ RunTime:0.075955s ]
SQL: SELECT `config` FROM `addons` WHERE ( `name` = 'SystemInfo' ) AND ( `status` = 1 ) LIMIT 1   [ RunTime:0.000436s ]
SQL:  select version() AS version [ RunTime:0.000290s ]
INFO: [ view_parse ] --START--
INFO: [ template_filter ] --START--
INFO: Run Behavior\ContentReplaceBehavior [ RunTime:0.000035s ]
INFO: [ template_filter ] --END-- [ RunTime:-0.086786s ]
INFO: Run Behavior\ParseTemplateBehavior [ RunTime:0.003103s ]
INFO: [ view_parse ] --END-- [ RunTime:-0.002615s ]
INFO: [ view_filter ] --START--
INFO: Run Behavior\WriteHtmlCacheBehavior [ RunTime:0.000013s ]
INFO: [ view_filter ] --END-- [ RunTime:-0.005590s ]
INFO: Run SystemInfo [ RunTime:0.005629s ]
SQL: SELECT `config` FROM `addons` WHERE ( `name` = 'DevTeam' ) AND ( `status` = 1 ) LIMIT 1   [ RunTime:0.000487s ]
INFO: [ view_parse ] --START--
INFO: [ template_filter ] --START--
INFO: Run Behavior\ContentReplaceBehavior [ RunTime:0.000049s ]
INFO: [ template_filter ] --END-- [ RunTime:-0.092240s ]
INFO: Run Behavior\ParseTemplateBehavior [ RunTime:0.003152s ]
INFO: [ view_parse ] --END-- [ RunTime:-0.007883s ]
INFO: [ view_filter ] --START--
INFO: Run Behavior\WriteHtmlCacheBehavior [ RunTime:0.000011s ]
INFO: [ view_filter ] --END-- [ RunTime:-0.010883s ]
INFO: Run DevTeam [ RunTime:0.005264s ]
INFO: [ AdminIndex ] --END-- [ RunTime:0.086939s ]
INFO: Run Behavior\ParseTemplateBehavior [ RunTime:0.003300s ]
INFO: [ view_parse ] --END-- [ RunTime:-0.007883s ]
INFO: [ view_filter ] --START--
INFO: Run Behavior\WriteHtmlCacheBehavior [ RunTime:0.000007s ]
INFO: [ view_filter ] --END-- [ RunTime:-0.011008s ]
INFO: [ app_end ] --START--
INFO: Run Behavior\ShowPageTraceBehavior [ RunTime:0.000494s ]
INFO: [ app_end ] --END-- [ RunTime:0.000533s ]

