[ 2014-12-02T10:31:17+08:00 ] ::1 /timetravel/Admin/index.php?s=/Admin/Auth/add.html
INFO: [ app_init ] --START--
INFO: Run Behavior\BuildLiteBehavior [ RunTime:0.000034s ]
INFO: Run Common\Behavior\InitHookBehavior [ RunTime:0.008297s ]
INFO: [ app_init ] --END-- [ RunTime:0.010929s ]
INFO: [ app_begin ] --START--
INFO: Run Behavior\ReadHtmlCacheBehavior [ RunTime:0.000875s ]
INFO: [ app_begin ] --END-- [ RunTime:0.000968s ]
SQL: SHOW COLUMNS FROM `onedream_auth` [ RunTime:0.028344s ]
SQL: SELECT `id`,`title`,`pid`,`sort`,`url`,`hide`,`tip` FROM `onedream_auth`  [ RunTime:0.034763s ]
INFO: [ view_parse ] --START--
INFO: [ template_filter ] --START--
INFO: Run Behavior\ContentReplaceBehavior [ RunTime:0.000044s ]
INFO: [ template_filter ] --END-- [ RunTime:0.000090s ]
INFO: Run Behavior\ParseTemplateBehavior [ RunTime:0.017322s ]
INFO: [ view_parse ] --END-- [ RunTime:0.017522s ]
INFO: [ view_filter ] --START--
INFO: Run Behavior\WriteHtmlCacheBehavior [ RunTime:0.000672s ]
INFO: [ view_filter ] --END-- [ RunTime:0.000723s ]
INFO: [ app_end ] --START--
INFO: Run Behavior\ShowPageTraceBehavior [ RunTime:0.001303s ]
INFO: [ app_end ] --END-- [ RunTime:0.001383s ]

[ 2014-12-02T10:31:55+08:00 ] ::1 /timetravel/Admin/index.php?s=/Admin/Auth/add.html
INFO: [ app_init ] --START--
INFO: Run Behavior\BuildLiteBehavior [ RunTime:0.000010s ]
INFO: Run Common\Behavior\InitHookBehavior [ RunTime:0.001106s ]
INFO: [ app_init ] --END-- [ RunTime:0.001515s ]
INFO: [ app_begin ] --START--
INFO: Run Behavior\ReadHtmlCacheBehavior [ RunTime:0.000344s ]
INFO: [ app_begin ] --END-- [ RunTime:0.000395s ]
SQL: SHOW COLUMNS FROM `onedream_auth` [ RunTime:0.019312s ]
SQL: INSERT INTO `onedream_auth` (`id`,`title`,`pid`,`url`,`hide`,`sort`,`tip`) VALUES (0,'游记管理',18,'admin/memory/index',0,0,'') [ RunTime:0.007608s ]
SQL: SHOW COLUMNS FROM `onedream_action` [ RunTime:0.008397s ]
SQL: SELECT * FROM `onedream_action` WHERE ( `name` = 'add_auth' ) LIMIT 1   [ RunTime:0.019013s ]
SQL: SHOW COLUMNS FROM `onedream_action_log` [ RunTime:0.008001s ]
SQL: INSERT INTO `onedream_action_log` (`action_id`,`user_id`,`action_ip`,`model`,`record_id`,`create_time`,`remark`) VALUES (15,1,0,'Auth',24,1417487515,'操作url：/timetravel/Admin/index.php?s=/Admin/Auth/add.html') [ RunTime:0.002371s ]

[ 2014-12-02T10:31:57+08:00 ] ::1 /timetravel/Admin/index.php?s=/Admin/Auth/index.html
INFO: [ app_init ] --START--
INFO: Run Behavior\BuildLiteBehavior [ RunTime:0.000014s ]
INFO: Run Common\Behavior\InitHookBehavior [ RunTime:0.001002s ]
INFO: [ app_init ] --END-- [ RunTime:0.001320s ]
INFO: [ app_begin ] --START--
INFO: Run Behavior\ReadHtmlCacheBehavior [ RunTime:0.000335s ]
INFO: [ app_begin ] --END-- [ RunTime:0.000380s ]
SQL: SHOW COLUMNS FROM `onedream_auth` [ RunTime:0.005175s ]
SQL: SELECT * FROM `onedream_auth`  [ RunTime:0.000527s ]
INFO: [ view_parse ] --START--
INFO: [ template_filter ] --START--
INFO: Run Behavior\ContentReplaceBehavior [ RunTime:0.000072s ]
INFO: [ template_filter ] --END-- [ RunTime:0.000131s ]
NOTIC: [8] Undefined variable: _page /Users/Boolean93/www/timetravel/Admin/#Runtime/Cache/Admin/7037a8d5a64fd30b57d5fa54024ea286.php 第 55 行.
INFO: Run Behavior\ParseTemplateBehavior [ RunTime:0.012342s ]
INFO: [ view_parse ] --END-- [ RunTime:0.012421s ]
INFO: [ view_filter ] --START--
INFO: Run Behavior\WriteHtmlCacheBehavior [ RunTime:0.000115s ]
INFO: [ view_filter ] --END-- [ RunTime:0.000149s ]
INFO: [ app_end ] --START--
INFO: Run Behavior\ShowPageTraceBehavior [ RunTime:0.000526s ]
INFO: [ app_end ] --END-- [ RunTime:0.000599s ]

[ 2014-12-02T10:32:45+08:00 ] ::1 /timetravel/Admin/index.php?s=/Admin/Auth/add.html
INFO: [ app_init ] --START--
INFO: Run Behavior\BuildLiteBehavior [ RunTime:0.000012s ]
INFO: Run Common\Behavior\InitHookBehavior [ RunTime:0.001137s ]
INFO: [ app_init ] --END-- [ RunTime:0.001571s ]
INFO: [ app_begin ] --START--
INFO: Run Behavior\ReadHtmlCacheBehavior [ RunTime:0.000759s ]
INFO: [ app_begin ] --END-- [ RunTime:0.000888s ]
SQL: SHOW COLUMNS FROM `onedream_auth` [ RunTime:0.013119s ]
SQL: SELECT `id`,`title`,`pid`,`sort`,`url`,`hide`,`tip` FROM `onedream_auth`  [ RunTime:0.000593s ]
INFO: [ view_parse ] --START--
INFO: [ template_filter ] --START--
INFO: Run Behavior\ContentReplaceBehavior [ RunTime:0.000047s ]
INFO: [ template_filter ] --END-- [ RunTime:0.000095s ]
INFO: Run Behavior\ParseTemplateBehavior [ RunTime:0.014358s ]
INFO: [ view_parse ] --END-- [ RunTime:0.014434s ]
INFO: [ view_filter ] --START--
INFO: Run Behavior\WriteHtmlCacheBehavior [ RunTime:0.000119s ]
INFO: [ view_filter ] --END-- [ RunTime:0.000145s ]
INFO: [ app_end ] --START--
INFO: Run Behavior\ShowPageTraceBehavior [ RunTime:0.000353s ]
INFO: [ app_end ] --END-- [ RunTime:0.000388s ]

[ 2014-12-02T10:33:12+08:00 ] ::1 /timetravel/Admin/index.php?s=/Admin/Auth/add.html
INFO: [ app_init ] --START--
INFO: Run Behavior\BuildLiteBehavior [ RunTime:0.000014s ]
INFO: Run Common\Behavior\InitHookBehavior [ RunTime:0.001210s ]
INFO: [ app_init ] --END-- [ RunTime:0.001640s ]
INFO: [ app_begin ] --START--
INFO: Run Behavior\ReadHtmlCacheBehavior [ RunTime:0.000450s ]
INFO: [ app_begin ] --END-- [ RunTime:0.000502s ]
SQL: SHOW COLUMNS FROM `onedream_auth` [ RunTime:0.014961s ]
SQL: INSERT INTO `onedream_auth` (`id`,`title`,`pid`,`url`,`hide`,`sort`,`tip`) VALUES (0,'价格管理',21,'admin/price/index',0,0,'') [ RunTime:0.006481s ]
SQL: SHOW COLUMNS FROM `onedream_action` [ RunTime:0.019980s ]
SQL: SELECT * FROM `onedream_action` WHERE ( `name` = 'add_auth' ) LIMIT 1   [ RunTime:0.000479s ]
SQL: SHOW COLUMNS FROM `onedream_action_log` [ RunTime:0.002525s ]
SQL: INSERT INTO `onedream_action_log` (`action_id`,`user_id`,`action_ip`,`model`,`record_id`,`create_time`,`remark`) VALUES (15,1,0,'Auth',25,1417487592,'操作url：/timetravel/Admin/index.php?s=/Admin/Auth/add.html') [ RunTime:0.000664s ]

[ 2014-12-02T10:33:14+08:00 ] ::1 /timetravel/Admin/index.php?s=/Admin/Auth/index.html
INFO: [ app_init ] --START--
INFO: Run Behavior\BuildLiteBehavior [ RunTime:0.000016s ]
INFO: Run Common\Behavior\InitHookBehavior [ RunTime:0.001194s ]
INFO: [ app_init ] --END-- [ RunTime:0.001614s ]
INFO: [ app_begin ] --START--
INFO: Run Behavior\ReadHtmlCacheBehavior [ RunTime:0.000461s ]
INFO: [ app_begin ] --END-- [ RunTime:0.000521s ]
SQL: SHOW COLUMNS FROM `onedream_auth` [ RunTime:0.003386s ]
SQL: SELECT * FROM `onedream_auth`  [ RunTime:0.000429s ]
INFO: [ view_parse ] --START--
INFO: [ template_filter ] --START--
INFO: Run Behavior\ContentReplaceBehavior [ RunTime:0.000042s ]
INFO: [ template_filter ] --END-- [ RunTime:0.000084s ]
NOTIC: [8] Undefined variable: _page /Users/Boolean93/www/timetravel/Admin/#Runtime/Cache/Admin/7037a8d5a64fd30b57d5fa54024ea286.php 第 55 行.
INFO: Run Behavior\ParseTemplateBehavior [ RunTime:0.007459s ]
INFO: [ view_parse ] --END-- [ RunTime:0.007516s ]
INFO: [ view_filter ] --START--
INFO: Run Behavior\WriteHtmlCacheBehavior [ RunTime:0.000139s ]
INFO: [ view_filter ] --END-- [ RunTime:0.000178s ]
INFO: [ app_end ] --START--
INFO: Run Behavior\ShowPageTraceBehavior [ RunTime:0.000612s ]
INFO: [ app_end ] --END-- [ RunTime:0.000683s ]

[ 2014-12-02T10:33:23+08:00 ] ::1 /timetravel/Admin/index.php?s=/Admin/Auth/add.html
INFO: [ app_init ] --START--
INFO: Run Behavior\BuildLiteBehavior [ RunTime:0.000023s ]
INFO: Run Common\Behavior\InitHookBehavior [ RunTime:0.001311s ]
INFO: [ app_init ] --END-- [ RunTime:0.001751s ]
INFO: [ app_begin ] --START--
INFO: Run Behavior\ReadHtmlCacheBehavior [ RunTime:0.000937s ]
INFO: [ app_begin ] --END-- [ RunTime:0.001035s ]
SQL: SHOW COLUMNS FROM `onedream_auth` [ RunTime:0.020420s ]
SQL: SELECT `id`,`title`,`pid`,`sort`,`url`,`hide`,`tip` FROM `onedream_auth`  [ RunTime:0.000677s ]
INFO: [ view_parse ] --START--
INFO: [ template_filter ] --START--
INFO: Run Behavior\ContentReplaceBehavior [ RunTime:0.000069s ]
INFO: [ template_filter ] --END-- [ RunTime:0.000127s ]
INFO: Run Behavior\ParseTemplateBehavior [ RunTime:0.010116s ]
INFO: [ view_parse ] --END-- [ RunTime:0.010198s ]
INFO: [ view_filter ] --START--
INFO: Run Behavior\WriteHtmlCacheBehavior [ RunTime:0.000115s ]
INFO: [ view_filter ] --END-- [ RunTime:0.000140s ]
INFO: [ app_end ] --START--
INFO: Run Behavior\ShowPageTraceBehavior [ RunTime:0.000382s ]
INFO: [ app_end ] --END-- [ RunTime:0.000417s ]

[ 2014-12-02T10:34:09+08:00 ] ::1 /timetravel/Admin/index.php?s=/Admin/Auth/add.html
INFO: [ app_init ] --START--
INFO: Run Behavior\BuildLiteBehavior [ RunTime:0.000015s ]
INFO: Run Common\Behavior\InitHookBehavior [ RunTime:0.002400s ]
INFO: [ app_init ] --END-- [ RunTime:0.003052s ]
INFO: [ app_begin ] --START--
INFO: Run Behavior\ReadHtmlCacheBehavior [ RunTime:0.000555s ]
INFO: [ app_begin ] --END-- [ RunTime:0.000636s ]
SQL: SHOW COLUMNS FROM `onedream_auth` [ RunTime:0.019196s ]
SQL: INSERT INTO `onedream_auth` (`id`,`title`,`pid`,`url`,`hide`,`sort`,`tip`) VALUES (0,'[关联管理]文章-路线',18,'admin/relation/index',0,0,'') [ RunTime:0.000795s ]
SQL: SHOW COLUMNS FROM `onedream_action` [ RunTime:0.002543s ]
SQL: SELECT * FROM `onedream_action` WHERE ( `name` = 'add_auth' ) LIMIT 1   [ RunTime:0.000662s ]
SQL: SHOW COLUMNS FROM `onedream_action_log` [ RunTime:0.003429s ]
SQL: INSERT INTO `onedream_action_log` (`action_id`,`user_id`,`action_ip`,`model`,`record_id`,`create_time`,`remark`) VALUES (15,1,0,'Auth',26,1417487649,'操作url：/timetravel/Admin/index.php?s=/Admin/Auth/add.html') [ RunTime:0.000563s ]

[ 2014-12-02T10:34:11+08:00 ] ::1 /timetravel/Admin/index.php?s=/Admin/Auth/index.html
INFO: [ app_init ] --START--
INFO: Run Behavior\BuildLiteBehavior [ RunTime:0.000009s ]
INFO: Run Common\Behavior\InitHookBehavior [ RunTime:0.000784s ]
INFO: [ app_init ] --END-- [ RunTime:0.001029s ]
INFO: [ app_begin ] --START--
INFO: Run Behavior\ReadHtmlCacheBehavior [ RunTime:0.000243s ]
INFO: [ app_begin ] --END-- [ RunTime:0.000275s ]
SQL: SHOW COLUMNS FROM `onedream_auth` [ RunTime:0.002082s ]
SQL: SELECT * FROM `onedream_auth`  [ RunTime:0.000398s ]
INFO: [ view_parse ] --START--
INFO: [ template_filter ] --START--
INFO: Run Behavior\ContentReplaceBehavior [ RunTime:0.000083s ]
INFO: [ template_filter ] --END-- [ RunTime:0.000228s ]
NOTIC: [8] Undefined variable: _page /Users/Boolean93/www/timetravel/Admin/#Runtime/Cache/Admin/7037a8d5a64fd30b57d5fa54024ea286.php 第 55 行.
INFO: Run Behavior\ParseTemplateBehavior [ RunTime:0.010540s ]
INFO: [ view_parse ] --END-- [ RunTime:0.010624s ]
INFO: [ view_filter ] --START--
INFO: Run Behavior\WriteHtmlCacheBehavior [ RunTime:0.000207s ]
INFO: [ view_filter ] --END-- [ RunTime:0.001741s ]
INFO: [ app_end ] --START--
INFO: Run Behavior\ShowPageTraceBehavior [ RunTime:0.002519s ]
INFO: [ app_end ] --END-- [ RunTime:0.002646s ]

[ 2014-12-02T17:19:31+08:00 ] ::1 /timetravel/Admin/index.php?s=/Admin/Index/index.html
INFO: [ app_init ] --START--
INFO: Run Behavior\BuildLiteBehavior [ RunTime:0.000040s ]
INFO: Run Common\Behavior\InitHookBehavior [ RunTime:0.005686s ]
INFO: [ app_init ] --END-- [ RunTime:0.008381s ]
INFO: [ app_begin ] --START--
INFO: Run Behavior\ReadHtmlCacheBehavior [ RunTime:0.000925s ]
INFO: [ app_begin ] --END-- [ RunTime:0.001035s ]
SQL: SHOW COLUMNS FROM `onedream_auth` [ RunTime:0.024898s ]
NOTIC: [8] Undefined variable: map /Users/Boolean93/www/timetravel/Admin/Application/Admin/Controller/IndexController.class.php 第 31 行.
SQL: SELECT * FROM `onedream_auth` ORDER BY sort  [ RunTime:0.007852s ]
SQL: SHOW COLUMNS FROM `onedream_addons` [ RunTime:0.030647s ]
SQL: SELECT `title`,`name` FROM `onedream_addons` WHERE ( status=1 AND has_adminlist=1 )  [ RunTime:0.005323s ]
NOTIC: [8] Undefined index: id /Users/Boolean93/www/timetravel/Admin/Application/Common/Common/function.php 第 312 行.
INFO: [ view_parse ] --START--
INFO: [ template_filter ] --START--
INFO: Run Behavior\ContentReplaceBehavior [ RunTime:0.000057s ]
INFO: [ template_filter ] --END-- [ RunTime:0.000111s ]
NOTIC: [8] Undefined index: id /Users/Boolean93/www/timetravel/Admin/#Runtime/Cache/Admin/b595b808c2ebeeeb0478ffc30bb4e87a.php 第 107 行.
INFO: Run Behavior\ParseTemplateBehavior [ RunTime:0.017531s ]
INFO: [ view_parse ] --END-- [ RunTime:0.017606s ]
INFO: [ view_filter ] --START--
INFO: Run Behavior\WriteHtmlCacheBehavior [ RunTime:0.000373s ]
INFO: [ view_filter ] --END-- [ RunTime:0.000407s ]
INFO: [ app_end ] --START--
INFO: Run Behavior\ShowPageTraceBehavior [ RunTime:0.000654s ]
INFO: [ app_end ] --END-- [ RunTime:0.000705s ]

[ 2014-12-02T17:19:31+08:00 ] ::1 /timetravel/Admin/index.php?s=/admin/index/center.html
INFO: [ app_init ] --START--
INFO: Run Behavior\BuildLiteBehavior [ RunTime:0.000014s ]
INFO: Run Common\Behavior\InitHookBehavior [ RunTime:0.001313s ]
INFO: [ app_init ] --END-- [ RunTime:0.001760s ]
INFO: [ app_begin ] --START--
INFO: Run Behavior\ReadHtmlCacheBehavior [ RunTime:0.000583s ]
INFO: [ app_begin ] --END-- [ RunTime:0.000668s ]
INFO: [ view_parse ] --START--
INFO: [ template_filter ] --START--
INFO: Run Behavior\ContentReplaceBehavior [ RunTime:0.000072s ]
INFO: [ template_filter ] --END-- [ RunTime:0.000197s ]
INFO: Run Behavior\ParseTemplateBehavior [ RunTime:0.008274s ]
INFO: [ view_parse ] --END-- [ RunTime:0.008371s ]
INFO: [ view_filter ] --START--
INFO: Run Behavior\WriteHtmlCacheBehavior [ RunTime:0.001350s ]
INFO: [ view_filter ] --END-- [ RunTime:0.001446s ]
INFO: [ app_end ] --START--
INFO: Run Behavior\ShowPageTraceBehavior [ RunTime:0.001949s ]
INFO: [ app_end ] --END-- [ RunTime:0.002056s ]

[ 2014-12-02T17:19:40+08:00 ] ::1 /timetravel/Admin/index.php?s=/admin/article/index.html
INFO: [ app_init ] --START--
INFO: Run Behavior\BuildLiteBehavior [ RunTime:0.000010s ]
INFO: Run Common\Behavior\InitHookBehavior [ RunTime:0.001721s ]
INFO: [ app_init ] --END-- [ RunTime:0.002098s ]
INFO: [ app_begin ] --START--
INFO: Run Behavior\ReadHtmlCacheBehavior [ RunTime:0.000670s ]
INFO: [ app_begin ] --END-- [ RunTime:0.000772s ]
NOTIC: [8] Undefined variable: map /Users/Boolean93/www/timetravel/Admin/Application/Admin/Controller/ArticleController.class.php 第 34 行.
SQL: SHOW COLUMNS FROM `onedream_article` [ RunTime:0.026519s ]
SQL: SELECT COUNT(*) AS tp_count FROM `onedream_article` WHERE ( `status` >= 0 ) LIMIT 1   [ RunTime:0.020757s ]
SQL: SELECT `id`,`title`,`shorttitle`,`copyfrom`,`author`,`keywords`,`litpic`,`content`,`description`,`publishtime`,`updatetime`,`click`,`cid`,`commentflag`,`status` FROM `onedream_article` WHERE ( `status` >= 0 ) ORDER BY id LIMIT 0,10   [ RunTime:0.000660s ]
NOTIC: [8] Undefined variable: map /Users/Boolean93/www/timetravel/Admin/Application/Admin/Controller/ArticleController.class.php 第 36 行.
INFO: [ view_parse ] --START--
INFO: [ template_filter ] --START--
INFO: Run Behavior\ContentReplaceBehavior [ RunTime:0.000066s ]
INFO: [ template_filter ] --END-- [ RunTime:0.000147s ]
SQL: SHOW COLUMNS FROM `onedream_category` [ RunTime:0.026002s ]
SQL: SELECT `title` FROM `onedream_category` WHERE ( `cid` = 4 ) LIMIT 1   [ RunTime:0.003406s ]
INFO: Run Behavior\ParseTemplateBehavior [ RunTime:0.042140s ]
INFO: [ view_parse ] --END-- [ RunTime:0.042231s ]
INFO: [ view_filter ] --START--
INFO: Run Behavior\WriteHtmlCacheBehavior [ RunTime:0.000344s ]
INFO: [ view_filter ] --END-- [ RunTime:0.000390s ]
INFO: [ app_end ] --START--
INFO: Run Behavior\ShowPageTraceBehavior [ RunTime:0.000669s ]
INFO: [ app_end ] --END-- [ RunTime:0.000733s ]

[ 2014-12-02T17:26:55+08:00 ] ::1 /timetravel/Admin/index.php?s=/Admin/Index/index.html
INFO: [ app_init ] --START--
INFO: Run Behavior\BuildLiteBehavior [ RunTime:0.000019s ]
INFO: Run Common\Behavior\InitHookBehavior [ RunTime:0.001553s ]
INFO: [ app_init ] --END-- [ RunTime:0.001933s ]
INFO: [ app_begin ] --START--
INFO: Run Behavior\ReadHtmlCacheBehavior [ RunTime:0.000835s ]
INFO: [ app_begin ] --END-- [ RunTime:0.001021s ]
SQL: SHOW COLUMNS FROM `auth` [ RunTime:0.006763s ]
NOTIC: [8] Undefined variable: map /Users/Boolean93/www/timetravel/Admin/Application/Admin/Controller/IndexController.class.php 第 31 行.
SQL: SELECT * FROM `auth` ORDER BY sort  [ RunTime:0.000624s ]
SQL: SHOW COLUMNS FROM `addons` [ RunTime:0.002616s ]
SQL: SELECT `title`,`name` FROM `addons` WHERE ( status=1 AND has_adminlist=1 )  [ RunTime:0.000343s ]
NOTIC: [8] Undefined index: id /Users/Boolean93/www/timetravel/Admin/Application/Common/Common/function.php 第 312 行.
INFO: [ view_parse ] --START--
INFO: [ template_filter ] --START--
INFO: Run Behavior\ContentReplaceBehavior [ RunTime:0.000060s ]
INFO: [ template_filter ] --END-- [ RunTime:0.000111s ]
NOTIC: [8] Undefined index: id /Users/Boolean93/www/timetravel/Admin/#Runtime/Cache/Admin/b595b808c2ebeeeb0478ffc30bb4e87a.php 第 107 行.
INFO: Run Behavior\ParseTemplateBehavior [ RunTime:0.010615s ]
INFO: [ view_parse ] --END-- [ RunTime:0.010678s ]
INFO: [ view_filter ] --START--
INFO: Run Behavior\WriteHtmlCacheBehavior [ RunTime:0.000139s ]
INFO: [ view_filter ] --END-- [ RunTime:0.000166s ]
INFO: [ app_end ] --START--
INFO: Run Behavior\ShowPageTraceBehavior [ RunTime:0.000366s ]
INFO: [ app_end ] --END-- [ RunTime:0.000404s ]

[ 2014-12-02T17:26:55+08:00 ] ::1 /timetravel/Admin/index.php?s=/admin/index/center.html
INFO: [ app_init ] --START--
INFO: Run Behavior\BuildLiteBehavior [ RunTime:0.000010s ]
INFO: Run Common\Behavior\InitHookBehavior [ RunTime:0.000842s ]
INFO: [ app_init ] --END-- [ RunTime:0.001107s ]
INFO: [ app_begin ] --START--
INFO: Run Behavior\ReadHtmlCacheBehavior [ RunTime:0.000858s ]
INFO: [ app_begin ] --END-- [ RunTime:0.000944s ]
INFO: [ view_parse ] --START--
INFO: [ template_filter ] --START--
INFO: Run Behavior\ContentReplaceBehavior [ RunTime:0.000040s ]
INFO: [ template_filter ] --END-- [ RunTime:0.000091s ]
INFO: Run Behavior\ParseTemplateBehavior [ RunTime:0.003639s ]
INFO: [ view_parse ] --END-- [ RunTime:0.003688s ]
INFO: [ view_filter ] --START--
INFO: Run Behavior\WriteHtmlCacheBehavior [ RunTime:0.000115s ]
INFO: [ view_filter ] --END-- [ RunTime:0.000141s ]
INFO: [ app_end ] --START--
INFO: Run Behavior\ShowPageTraceBehavior [ RunTime:0.000370s ]
INFO: [ app_end ] --END-- [ RunTime:0.000412s ]

[ 2014-12-02T17:26:56+08:00 ] ::1 /timetravel/Admin/index.php?s=/Admin/Index/index.html
INFO: [ app_init ] --START--
INFO: Run Behavior\BuildLiteBehavior [ RunTime:0.000010s ]
INFO: Run Common\Behavior\InitHookBehavior [ RunTime:0.000979s ]
INFO: [ app_init ] --END-- [ RunTime:0.001227s ]
INFO: [ app_begin ] --START--
INFO: Run Behavior\ReadHtmlCacheBehavior [ RunTime:0.000334s ]
INFO: [ app_begin ] --END-- [ RunTime:0.000378s ]
SQL: SHOW COLUMNS FROM `auth` [ RunTime:0.002871s ]
NOTIC: [8] Undefined variable: map /Users/Boolean93/www/timetravel/Admin/Application/Admin/Controller/IndexController.class.php 第 31 行.
SQL: SELECT * FROM `auth` ORDER BY sort  [ RunTime:0.001645s ]
SQL: SHOW COLUMNS FROM `addons` [ RunTime:0.020468s ]
SQL: SELECT `title`,`name` FROM `addons` WHERE ( status=1 AND has_adminlist=1 )  [ RunTime:0.000449s ]
NOTIC: [8] Undefined index: id /Users/Boolean93/www/timetravel/Admin/Application/Common/Common/function.php 第 312 行.
INFO: [ view_parse ] --START--
INFO: [ template_filter ] --START--
INFO: Run Behavior\ContentReplaceBehavior [ RunTime:0.000053s ]
INFO: [ template_filter ] --END-- [ RunTime:0.000095s ]
NOTIC: [8] Undefined index: id /Users/Boolean93/www/timetravel/Admin/#Runtime/Cache/Admin/b595b808c2ebeeeb0478ffc30bb4e87a.php 第 107 行.
INFO: Run Behavior\ParseTemplateBehavior [ RunTime:0.008244s ]
INFO: [ view_parse ] --END-- [ RunTime:0.008280s ]
INFO: [ view_filter ] --START--
INFO: Run Behavior\WriteHtmlCacheBehavior [ RunTime:0.000108s ]
INFO: [ view_filter ] --END-- [ RunTime:0.000133s ]
INFO: [ app_end ] --START--
INFO: Run Behavior\ShowPageTraceBehavior [ RunTime:0.000390s ]
INFO: [ app_end ] --END-- [ RunTime:0.000420s ]

[ 2014-12-02T17:26:56+08:00 ] ::1 /timetravel/Admin/index.php?s=/admin/index/center.html
INFO: [ app_init ] --START--
INFO: Run Behavior\BuildLiteBehavior [ RunTime:0.000016s ]
INFO: Run Common\Behavior\InitHookBehavior [ RunTime:0.001659s ]
INFO: [ app_init ] --END-- [ RunTime:0.002090s ]
INFO: [ app_begin ] --START--
INFO: Run Behavior\ReadHtmlCacheBehavior [ RunTime:0.000489s ]
INFO: [ app_begin ] --END-- [ RunTime:0.000598s ]
INFO: [ view_parse ] --START--
INFO: [ template_filter ] --START--
INFO: Run Behavior\ContentReplaceBehavior [ RunTime:0.000053s ]
INFO: [ template_filter ] --END-- [ RunTime:0.000154s ]
INFO: Run Behavior\ParseTemplateBehavior [ RunTime:0.005411s ]
INFO: [ view_parse ] --END-- [ RunTime:0.005487s ]
INFO: [ view_filter ] --START--
INFO: Run Behavior\WriteHtmlCacheBehavior [ RunTime:0.000178s ]
INFO: [ view_filter ] --END-- [ RunTime:0.000218s ]
INFO: [ app_end ] --START--
INFO: Run Behavior\ShowPageTraceBehavior [ RunTime:0.000643s ]
INFO: [ app_end ] --END-- [ RunTime:0.000713s ]

[ 2014-12-02T17:26:57+08:00 ] ::1 /timetravel/Admin/index.php?s=/admin/article/index.html
INFO: [ app_init ] --START--
INFO: Run Behavior\BuildLiteBehavior [ RunTime:0.000011s ]
INFO: Run Common\Behavior\InitHookBehavior [ RunTime:0.000978s ]
INFO: [ app_init ] --END-- [ RunTime:0.001283s ]
INFO: [ app_begin ] --START--
INFO: Run Behavior\ReadHtmlCacheBehavior [ RunTime:0.000331s ]
INFO: [ app_begin ] --END-- [ RunTime:0.000374s ]
NOTIC: [8] Undefined variable: map /Users/Boolean93/www/timetravel/Admin/Application/Admin/Controller/ArticleController.class.php 第 34 行.
SQL: SHOW COLUMNS FROM `article` [ RunTime:0.002770s ]
SQL: SELECT COUNT(*) AS tp_count FROM `article` WHERE ( `status` >= 0 ) LIMIT 1   [ RunTime:0.000415s ]
SQL: SELECT `id`,`title`,`content`,`header_img`,`type`,`create_time`,`click`,`good`,`reply`,`status` FROM `article` WHERE ( `status` >= 0 ) ORDER BY id LIMIT 0,10   [ RunTime:0.000434s ]
NOTIC: [8] Undefined variable: map /Users/Boolean93/www/timetravel/Admin/Application/Admin/Controller/ArticleController.class.php 第 36 行.
INFO: [ view_parse ] --START--
INFO: [ template_filter ] --START--
INFO: Run Behavior\ContentReplaceBehavior [ RunTime:0.000055s ]
INFO: [ template_filter ] --END-- [ RunTime:0.000102s ]
NOTIC: [8] Undefined index: cid /Users/Boolean93/www/timetravel/Admin/#Runtime/Cache/Admin/7a4184ffe8f804b12b2e7f8851dd8f7d.php 第 44 行.
NOTIC: [8] Undefined index: publishtime /Users/Boolean93/www/timetravel/Admin/#Runtime/Cache/Admin/7a4184ffe8f804b12b2e7f8851dd8f7d.php 第 46 行.
NOTIC: [8] Undefined index: cid /Users/Boolean93/www/timetravel/Admin/#Runtime/Cache/Admin/7a4184ffe8f804b12b2e7f8851dd8f7d.php 第 44 行.
NOTIC: [8] Undefined index: publishtime /Users/Boolean93/www/timetravel/Admin/#Runtime/Cache/Admin/7a4184ffe8f804b12b2e7f8851dd8f7d.php 第 46 行.
NOTIC: [8] Undefined index: cid /Users/Boolean93/www/timetravel/Admin/#Runtime/Cache/Admin/7a4184ffe8f804b12b2e7f8851dd8f7d.php 第 44 行.
NOTIC: [8] Undefined index: publishtime /Users/Boolean93/www/timetravel/Admin/#Runtime/Cache/Admin/7a4184ffe8f804b12b2e7f8851dd8f7d.php 第 46 行.
INFO: Run Behavior\ParseTemplateBehavior [ RunTime:0.009704s ]
INFO: [ view_parse ] --END-- [ RunTime:0.009739s ]
INFO: [ view_filter ] --START--
INFO: Run Behavior\WriteHtmlCacheBehavior [ RunTime:0.000121s ]
INFO: [ view_filter ] --END-- [ RunTime:0.000153s ]
INFO: [ app_end ] --START--
INFO: Run Behavior\ShowPageTraceBehavior [ RunTime:0.000337s ]
INFO: [ app_end ] --END-- [ RunTime:0.000366s ]

[ 2014-12-02T17:26:57+08:00 ] ::1 /timetravel/Admin/index.php?s=/admin/route/index.html
INFO: [ app_init ] --START--
INFO: Run Behavior\BuildLiteBehavior [ RunTime:0.000010s ]
INFO: Run Common\Behavior\InitHookBehavior [ RunTime:0.000834s ]
INFO: [ app_init ] --END-- [ RunTime:0.001194s ]
INFO: [ app_begin ] --START--
INFO: Run Behavior\ReadHtmlCacheBehavior [ RunTime:0.000247s ]
INFO: [ app_begin ] --END-- [ RunTime:0.000278s ]
ERR: 无法加载控制器:Route

[ 2014-12-02T17:26:58+08:00 ] ::1 /timetravel/Admin/index.php?s=/admin/memory/index.html
INFO: [ app_init ] --START--
INFO: Run Behavior\BuildLiteBehavior [ RunTime:0.000015s ]
INFO: Run Common\Behavior\InitHookBehavior [ RunTime:0.001353s ]
INFO: [ app_init ] --END-- [ RunTime:0.001770s ]
INFO: [ app_begin ] --START--
INFO: Run Behavior\ReadHtmlCacheBehavior [ RunTime:0.000442s ]
INFO: [ app_begin ] --END-- [ RunTime:0.000496s ]
ERR: 无法加载控制器:Memory

[ 2014-12-02T17:26:59+08:00 ] ::1 /timetravel/Admin/index.php?s=/admin/route/index.html
INFO: [ app_init ] --START--
INFO: Run Behavior\BuildLiteBehavior [ RunTime:0.000009s ]
INFO: Run Common\Behavior\InitHookBehavior [ RunTime:0.000813s ]
INFO: [ app_init ] --END-- [ RunTime:0.001039s ]
INFO: [ app_begin ] --START--
INFO: Run Behavior\ReadHtmlCacheBehavior [ RunTime:0.000397s ]
INFO: [ app_begin ] --END-- [ RunTime:0.000478s ]
ERR: 无法加载控制器:Route

[ 2014-12-02T17:26:59+08:00 ] ::1 /timetravel/Admin/index.php?s=/admin/article/index.html
INFO: [ app_init ] --START--
INFO: Run Behavior\BuildLiteBehavior [ RunTime:0.000016s ]
INFO: Run Common\Behavior\InitHookBehavior [ RunTime:0.001480s ]
INFO: [ app_init ] --END-- [ RunTime:0.001906s ]
INFO: [ app_begin ] --START--
INFO: Run Behavior\ReadHtmlCacheBehavior [ RunTime:0.000587s ]
INFO: [ app_begin ] --END-- [ RunTime:0.000661s ]
NOTIC: [8] Undefined variable: map /Users/Boolean93/www/timetravel/Admin/Application/Admin/Controller/ArticleController.class.php 第 34 行.
SQL: SHOW COLUMNS FROM `article` [ RunTime:0.003364s ]
SQL: SELECT COUNT(*) AS tp_count FROM `article` WHERE ( `status` >= 0 ) LIMIT 1   [ RunTime:0.000311s ]
SQL: SELECT `id`,`title`,`content`,`header_img`,`type`,`create_time`,`click`,`good`,`reply`,`status` FROM `article` WHERE ( `status` >= 0 ) ORDER BY id LIMIT 0,10   [ RunTime:0.000304s ]
NOTIC: [8] Undefined variable: map /Users/Boolean93/www/timetravel/Admin/Application/Admin/Controller/ArticleController.class.php 第 36 行.
INFO: [ view_parse ] --START--
INFO: [ template_filter ] --START--
INFO: Run Behavior\ContentReplaceBehavior [ RunTime:0.000072s ]
INFO: [ template_filter ] --END-- [ RunTime:0.000127s ]
NOTIC: [8] Undefined index: cid /Users/Boolean93/www/timetravel/Admin/#Runtime/Cache/Admin/7a4184ffe8f804b12b2e7f8851dd8f7d.php 第 44 行.
NOTIC: [8] Undefined index: publishtime /Users/Boolean93/www/timetravel/Admin/#Runtime/Cache/Admin/7a4184ffe8f804b12b2e7f8851dd8f7d.php 第 46 行.
NOTIC: [8] Undefined index: cid /Users/Boolean93/www/timetravel/Admin/#Runtime/Cache/Admin/7a4184ffe8f804b12b2e7f8851dd8f7d.php 第 44 行.
NOTIC: [8] Undefined index: publishtime /Users/Boolean93/www/timetravel/Admin/#Runtime/Cache/Admin/7a4184ffe8f804b12b2e7f8851dd8f7d.php 第 46 行.
NOTIC: [8] Undefined index: cid /Users/Boolean93/www/timetravel/Admin/#Runtime/Cache/Admin/7a4184ffe8f804b12b2e7f8851dd8f7d.php 第 44 行.
NOTIC: [8] Undefined index: publishtime /Users/Boolean93/www/timetravel/Admin/#Runtime/Cache/Admin/7a4184ffe8f804b12b2e7f8851dd8f7d.php 第 46 行.
INFO: Run Behavior\ParseTemplateBehavior [ RunTime:0.007082s ]
INFO: [ view_parse ] --END-- [ RunTime:0.007124s ]
INFO: [ view_filter ] --START--
INFO: Run Behavior\WriteHtmlCacheBehavior [ RunTime:0.000156s ]
INFO: [ view_filter ] --END-- [ RunTime:0.000192s ]
INFO: [ app_end ] --START--
INFO: Run Behavior\ShowPageTraceBehavior [ RunTime:0.000438s ]
INFO: [ app_end ] --END-- [ RunTime:0.000479s ]

[ 2014-12-02T17:27:51+08:00 ] ::1 /timetravel/Admin/index.php?s=/Admin/Index/index.html
INFO: [ app_init ] --START--
INFO: Run Behavior\BuildLiteBehavior [ RunTime:0.000025s ]
INFO: Run Common\Behavior\InitHookBehavior [ RunTime:0.001712s ]
INFO: [ app_init ] --END-- [ RunTime:0.002202s ]
INFO: [ app_begin ] --START--
INFO: Run Behavior\ReadHtmlCacheBehavior [ RunTime:0.000439s ]
INFO: [ app_begin ] --END-- [ RunTime:0.000510s ]
SQL: SHOW COLUMNS FROM `auth` [ RunTime:0.001734s ]
NOTIC: [8] Undefined variable: map /Users/Boolean93/www/timetravel/Admin/Application/Admin/Controller/IndexController.class.php 第 31 行.
SQL: SELECT * FROM `auth` ORDER BY sort  [ RunTime:0.000502s ]
SQL: SHOW COLUMNS FROM `addons` [ RunTime:0.001667s ]
SQL: SELECT `title`,`name` FROM `addons` WHERE ( status=1 AND has_adminlist=1 )  [ RunTime:0.000344s ]
NOTIC: [8] Undefined index: id /Users/Boolean93/www/timetravel/Admin/Application/Common/Common/function.php 第 312 行.
INFO: [ view_parse ] --START--
INFO: [ template_filter ] --START--
INFO: Run Behavior\ContentReplaceBehavior [ RunTime:0.000108s ]
INFO: [ template_filter ] --END-- [ RunTime:0.000189s ]
NOTIC: [8] Undefined index: id /Users/Boolean93/www/timetravel/Admin/#Runtime/Cache/Admin/b595b808c2ebeeeb0478ffc30bb4e87a.php 第 107 行.
INFO: Run Behavior\ParseTemplateBehavior [ RunTime:0.013811s ]
INFO: [ view_parse ] --END-- [ RunTime:0.013881s ]
INFO: [ view_filter ] --START--
INFO: Run Behavior\WriteHtmlCacheBehavior [ RunTime:0.000180s ]
INFO: [ view_filter ] --END-- [ RunTime:0.000225s ]
INFO: [ app_end ] --START--
INFO: Run Behavior\ShowPageTraceBehavior [ RunTime:0.000494s ]
INFO: [ app_end ] --END-- [ RunTime:0.000542s ]

[ 2014-12-02T17:27:51+08:00 ] ::1 /timetravel/Admin/index.php?s=/admin/index/center.html
INFO: [ app_init ] --START--
INFO: Run Behavior\BuildLiteBehavior [ RunTime:0.000010s ]
INFO: Run Common\Behavior\InitHookBehavior [ RunTime:0.000877s ]
INFO: [ app_init ] --END-- [ RunTime:0.001137s ]
INFO: [ app_begin ] --START--
INFO: Run Behavior\ReadHtmlCacheBehavior [ RunTime:0.000294s ]
INFO: [ app_begin ] --END-- [ RunTime:0.000334s ]
INFO: [ view_parse ] --START--
INFO: [ template_filter ] --START--
INFO: Run Behavior\ContentReplaceBehavior [ RunTime:0.000040s ]
INFO: [ template_filter ] --END-- [ RunTime:0.000091s ]
INFO: Run Behavior\ParseTemplateBehavior [ RunTime:0.006768s ]
INFO: [ view_parse ] --END-- [ RunTime:0.006823s ]
INFO: [ view_filter ] --START--
INFO: Run Behavior\WriteHtmlCacheBehavior [ RunTime:0.000195s ]
INFO: [ view_filter ] --END-- [ RunTime:0.000223s ]
INFO: [ app_end ] --START--
INFO: Run Behavior\ShowPageTraceBehavior [ RunTime:0.000334s ]
INFO: [ app_end ] --END-- [ RunTime:0.000366s ]

[ 2014-12-02T17:27:52+08:00 ] ::1 /timetravel/Admin/index.php?s=/admin/article/index.html
INFO: [ app_init ] --START--
INFO: Run Behavior\BuildLiteBehavior [ RunTime:0.000012s ]
INFO: Run Common\Behavior\InitHookBehavior [ RunTime:0.000955s ]
INFO: [ app_init ] --END-- [ RunTime:0.001246s ]
INFO: [ app_begin ] --START--
INFO: Run Behavior\ReadHtmlCacheBehavior [ RunTime:0.000350s ]
INFO: [ app_begin ] --END-- [ RunTime:0.000394s ]
NOTIC: [8] Undefined variable: map /Users/Boolean93/www/timetravel/Admin/Application/Admin/Controller/ArticleController.class.php 第 34 行.
SQL: SHOW COLUMNS FROM `article` [ RunTime:0.003286s ]
SQL: SELECT COUNT(*) AS tp_count FROM `article` WHERE ( `status` >= 0 ) LIMIT 1   [ RunTime:0.000386s ]
SQL: SELECT `id`,`title`,`content`,`header_img`,`type`,`create_time`,`click`,`good`,`reply`,`status` FROM `article` WHERE ( `status` >= 0 ) ORDER BY id LIMIT 0,10   [ RunTime:0.000583s ]
NOTIC: [8] Undefined variable: map /Users/Boolean93/www/timetravel/Admin/Application/Admin/Controller/ArticleController.class.php 第 36 行.
INFO: [ view_parse ] --START--
INFO: [ template_filter ] --START--
INFO: Run Behavior\ContentReplaceBehavior [ RunTime:0.000075s ]
INFO: [ template_filter ] --END-- [ RunTime:0.000139s ]
INFO: Run Behavior\ParseTemplateBehavior [ RunTime:0.009956s ]
INFO: [ view_parse ] --END-- [ RunTime:0.010014s ]
INFO: [ view_filter ] --START--
INFO: Run Behavior\WriteHtmlCacheBehavior [ RunTime:0.000166s ]
INFO: [ view_filter ] --END-- [ RunTime:0.000210s ]
INFO: [ app_end ] --START--
INFO: Run Behavior\ShowPageTraceBehavior [ RunTime:0.000511s ]
INFO: [ app_end ] --END-- [ RunTime:0.000557s ]

[ 2014-12-02T17:28:27+08:00 ] ::1 /timetravel/Admin/index.php?s=/Admin/Index/index.html
INFO: [ app_init ] --START--
INFO: Run Behavior\BuildLiteBehavior [ RunTime:0.000011s ]
INFO: Run Common\Behavior\InitHookBehavior [ RunTime:0.001068s ]
INFO: [ app_init ] --END-- [ RunTime:0.001366s ]
INFO: [ app_begin ] --START--
INFO: Run Behavior\ReadHtmlCacheBehavior [ RunTime:0.000312s ]
INFO: [ app_begin ] --END-- [ RunTime:0.000355s ]
SQL: SHOW COLUMNS FROM `auth` [ RunTime:0.003148s ]
NOTIC: [8] Undefined variable: map /Users/Boolean93/www/timetravel/Admin/Application/Admin/Controller/IndexController.class.php 第 31 行.
SQL: SELECT * FROM `auth` ORDER BY sort  [ RunTime:0.002819s ]
SQL: SHOW COLUMNS FROM `addons` [ RunTime:0.002545s ]
SQL: SELECT `title`,`name` FROM `addons` WHERE ( status=1 AND has_adminlist=1 )  [ RunTime:0.000314s ]
NOTIC: [8] Undefined index: id /Users/Boolean93/www/timetravel/Admin/Application/Common/Common/function.php 第 312 行.
INFO: [ view_parse ] --START--
INFO: [ template_filter ] --START--
INFO: Run Behavior\ContentReplaceBehavior [ RunTime:0.000178s ]
INFO: [ template_filter ] --END-- [ RunTime:0.000364s ]
NOTIC: [8] Undefined index: id /Users/Boolean93/www/timetravel/Admin/#Runtime/Cache/Admin/b595b808c2ebeeeb0478ffc30bb4e87a.php 第 107 行.
INFO: Run Behavior\ParseTemplateBehavior [ RunTime:0.013029s ]
INFO: [ view_parse ] --END-- [ RunTime:0.013085s ]
INFO: [ view_filter ] --START--
INFO: Run Behavior\WriteHtmlCacheBehavior [ RunTime:0.000183s ]
INFO: [ view_filter ] --END-- [ RunTime:0.000224s ]
INFO: [ app_end ] --START--
INFO: Run Behavior\ShowPageTraceBehavior [ RunTime:0.000475s ]
INFO: [ app_end ] --END-- [ RunTime:0.000521s ]

[ 2014-12-02T17:28:27+08:00 ] ::1 /timetravel/Admin/index.php?s=/admin/index/center.html
INFO: [ app_init ] --START--
INFO: Run Behavior\BuildLiteBehavior [ RunTime:0.000016s ]
INFO: Run Common\Behavior\InitHookBehavior [ RunTime:0.002293s ]
INFO: [ app_init ] --END-- [ RunTime:0.002784s ]
INFO: [ app_begin ] --START--
INFO: Run Behavior\ReadHtmlCacheBehavior [ RunTime:0.000530s ]
INFO: [ app_begin ] --END-- [ RunTime:0.000606s ]
INFO: [ view_parse ] --START--
INFO: [ template_filter ] --START--
INFO: Run Behavior\ContentReplaceBehavior [ RunTime:0.000040s ]
INFO: [ template_filter ] --END-- [ RunTime:0.000090s ]
INFO: Run Behavior\ParseTemplateBehavior [ RunTime:0.005871s ]
INFO: [ view_parse ] --END-- [ RunTime:0.005935s ]
INFO: [ view_filter ] --START--
INFO: Run Behavior\WriteHtmlCacheBehavior [ RunTime:0.000156s ]
INFO: [ view_filter ] --END-- [ RunTime:0.000354s ]
INFO: [ app_end ] --START--
INFO: Run Behavior\ShowPageTraceBehavior [ RunTime:0.000574s ]
INFO: [ app_end ] --END-- [ RunTime:0.000634s ]

[ 2014-12-02T17:28:28+08:00 ] ::1 /timetravel/Admin/index.php?s=/admin/article/index.html
INFO: [ app_init ] --START--
INFO: Run Behavior\BuildLiteBehavior [ RunTime:0.000008s ]
INFO: Run Common\Behavior\InitHookBehavior [ RunTime:0.000717s ]
INFO: [ app_init ] --END-- [ RunTime:0.000935s ]
INFO: [ app_begin ] --START--
INFO: Run Behavior\ReadHtmlCacheBehavior [ RunTime:0.000486s ]
INFO: [ app_begin ] --END-- [ RunTime:0.000540s ]
NOTIC: [8] Undefined variable: map /Users/Boolean93/www/timetravel/Admin/Application/Admin/Controller/ArticleController.class.php 第 34 行.
SQL: SHOW COLUMNS FROM `article` [ RunTime:0.003053s ]
SQL: SELECT COUNT(*) AS tp_count FROM `article` WHERE ( `status` >= 0 ) LIMIT 1   [ RunTime:0.000400s ]
SQL: SELECT `id`,`title`,`content`,`header_img`,`type`,`create_time`,`click`,`good`,`reply`,`status` FROM `article` WHERE ( `status` >= 0 ) ORDER BY id LIMIT 0,10   [ RunTime:0.000309s ]
NOTIC: [8] Undefined variable: map /Users/Boolean93/www/timetravel/Admin/Application/Admin/Controller/ArticleController.class.php 第 36 行.
INFO: [ view_parse ] --START--
INFO: [ template_filter ] --START--
INFO: Run Behavior\ContentReplaceBehavior [ RunTime:0.000047s ]
INFO: [ template_filter ] --END-- [ RunTime:0.000080s ]
NOTIC: [2] date() expects parameter 2 to be long, string given /Users/Boolean93/www/timetravel/Admin/#Runtime/Cache/Admin/7a4184ffe8f804b12b2e7f8851dd8f7d.php 第 44 行.
INFO: Run Behavior\ParseTemplateBehavior [ RunTime:0.006061s ]
INFO: [ view_parse ] --END-- [ RunTime:0.006099s ]
INFO: [ view_filter ] --START--
INFO: Run Behavior\WriteHtmlCacheBehavior [ RunTime:0.000148s ]
INFO: [ view_filter ] --END-- [ RunTime:0.000182s ]
INFO: [ app_end ] --START--
INFO: Run Behavior\ShowPageTraceBehavior [ RunTime:0.000332s ]
INFO: [ app_end ] --END-- [ RunTime:0.000364s ]

[ 2014-12-02T17:28:46+08:00 ] ::1 /timetravel/Admin/index.php?s=/Admin/Index/index.html
INFO: [ app_init ] --START--
INFO: Run Behavior\BuildLiteBehavior [ RunTime:0.000015s ]
INFO: Run Common\Behavior\InitHookBehavior [ RunTime:0.001619s ]
INFO: [ app_init ] --END-- [ RunTime:0.002126s ]
INFO: [ app_begin ] --START--
INFO: Run Behavior\ReadHtmlCacheBehavior [ RunTime:0.000419s ]
INFO: [ app_begin ] --END-- [ RunTime:0.000486s ]
SQL: SHOW COLUMNS FROM `auth` [ RunTime:0.001656s ]
NOTIC: [8] Undefined variable: map /Users/Boolean93/www/timetravel/Admin/Application/Admin/Controller/IndexController.class.php 第 31 行.
SQL: SELECT * FROM `auth` ORDER BY sort  [ RunTime:0.000483s ]
SQL: SHOW COLUMNS FROM `addons` [ RunTime:0.001595s ]
SQL: SELECT `title`,`name` FROM `addons` WHERE ( status=1 AND has_adminlist=1 )  [ RunTime:0.000380s ]
NOTIC: [8] Undefined index: id /Users/Boolean93/www/timetravel/Admin/Application/Common/Common/function.php 第 312 行.
INFO: [ view_parse ] --START--
INFO: [ template_filter ] --START--
INFO: Run Behavior\ContentReplaceBehavior [ RunTime:0.000064s ]
INFO: [ template_filter ] --END-- [ RunTime:0.000124s ]
NOTIC: [8] Undefined index: id /Users/Boolean93/www/timetravel/Admin/#Runtime/Cache/Admin/b595b808c2ebeeeb0478ffc30bb4e87a.php 第 107 行.
INFO: Run Behavior\ParseTemplateBehavior [ RunTime:0.010839s ]
INFO: [ view_parse ] --END-- [ RunTime:0.010903s ]
INFO: [ view_filter ] --START--
INFO: Run Behavior\WriteHtmlCacheBehavior [ RunTime:0.000162s ]
INFO: [ view_filter ] --END-- [ RunTime:0.000193s ]
INFO: [ app_end ] --START--
INFO: Run Behavior\ShowPageTraceBehavior [ RunTime:0.000614s ]
INFO: [ app_end ] --END-- [ RunTime:0.000678s ]

[ 2014-12-02T17:28:46+08:00 ] ::1 /timetravel/Admin/index.php?s=/admin/index/center.html
INFO: [ app_init ] --START--
INFO: Run Behavior\BuildLiteBehavior [ RunTime:0.000011s ]
INFO: Run Common\Behavior\InitHookBehavior [ RunTime:0.001010s ]
INFO: [ app_init ] --END-- [ RunTime:0.001322s ]
INFO: [ app_begin ] --START--
INFO: Run Behavior\ReadHtmlCacheBehavior [ RunTime:0.002467s ]
INFO: [ app_begin ] --END-- [ RunTime:0.002539s ]
INFO: [ view_parse ] --START--
INFO: [ template_filter ] --START--
INFO: Run Behavior\ContentReplaceBehavior [ RunTime:0.000063s ]
INFO: [ template_filter ] --END-- [ RunTime:0.000150s ]
INFO: Run Behavior\ParseTemplateBehavior [ RunTime:0.005910s ]
INFO: [ view_parse ] --END-- [ RunTime:0.005972s ]
INFO: [ view_filter ] --START--
INFO: Run Behavior\WriteHtmlCacheBehavior [ RunTime:0.000183s ]
INFO: [ view_filter ] --END-- [ RunTime:0.000224s ]
INFO: [ app_end ] --START--
INFO: Run Behavior\ShowPageTraceBehavior [ RunTime:0.000488s ]
INFO: [ app_end ] --END-- [ RunTime:0.000535s ]

[ 2014-12-02T17:28:48+08:00 ] ::1 /timetravel/Admin/index.php?s=/admin/article/index.html
INFO: [ app_init ] --START--
INFO: Run Behavior\BuildLiteBehavior [ RunTime:0.000009s ]
INFO: Run Common\Behavior\InitHookBehavior [ RunTime:0.000892s ]
INFO: [ app_init ] --END-- [ RunTime:0.001150s ]
INFO: [ app_begin ] --START--
INFO: Run Behavior\ReadHtmlCacheBehavior [ RunTime:0.000385s ]
INFO: [ app_begin ] --END-- [ RunTime:0.000439s ]
NOTIC: [8] Undefined variable: map /Users/Boolean93/www/timetravel/Admin/Application/Admin/Controller/ArticleController.class.php 第 34 行.
SQL: SHOW COLUMNS FROM `article` [ RunTime:0.002349s ]
SQL: SELECT COUNT(*) AS tp_count FROM `article` WHERE ( `status` >= 0 ) LIMIT 1   [ RunTime:0.000293s ]
SQL: SELECT `id`,`title`,`content`,`header_img`,`type`,`create_time`,`click`,`good`,`reply`,`status` FROM `article` WHERE ( `status` >= 0 ) ORDER BY id LIMIT 0,10   [ RunTime:0.000303s ]
NOTIC: [8] Undefined variable: map /Users/Boolean93/www/timetravel/Admin/Application/Admin/Controller/ArticleController.class.php 第 36 行.
INFO: [ view_parse ] --START--
INFO: [ template_filter ] --START--
INFO: Run Behavior\ContentReplaceBehavior [ RunTime:0.000042s ]
INFO: [ template_filter ] --END-- [ RunTime:0.000077s ]
NOTIC: [2] date() expects parameter 2 to be long, string given /Users/Boolean93/www/timetravel/Admin/#Runtime/Cache/Admin/7a4184ffe8f804b12b2e7f8851dd8f7d.php 第 44 行.
INFO: Run Behavior\ParseTemplateBehavior [ RunTime:0.005804s ]
INFO: [ view_parse ] --END-- [ RunTime:0.005849s ]
INFO: [ view_filter ] --START--
INFO: Run Behavior\WriteHtmlCacheBehavior [ RunTime:0.000177s ]
INFO: [ view_filter ] --END-- [ RunTime:0.000222s ]
INFO: [ app_end ] --START--
INFO: Run Behavior\ShowPageTraceBehavior [ RunTime:0.000526s ]
INFO: [ app_end ] --END-- [ RunTime:0.000576s ]

[ 2014-12-02T17:29:31+08:00 ] ::1 /timetravel/Admin/index.php?s=/Admin/Index/index.html
INFO: [ app_init ] --START--
INFO: Run Behavior\BuildLiteBehavior [ RunTime:0.000012s ]
INFO: Run Common\Behavior\InitHookBehavior [ RunTime:0.001114s ]
INFO: [ app_init ] --END-- [ RunTime:0.001376s ]
INFO: [ app_begin ] --START--
INFO: Run Behavior\ReadHtmlCacheBehavior [ RunTime:0.000341s ]
INFO: [ app_begin ] --END-- [ RunTime:0.000387s ]
SQL: SHOW COLUMNS FROM `auth` [ RunTime:0.002496s ]
NOTIC: [8] Undefined variable: map /Users/Boolean93/www/timetravel/Admin/Application/Admin/Controller/IndexController.class.php 第 31 行.
SQL: SELECT * FROM `auth` ORDER BY sort  [ RunTime:0.000603s ]
SQL: SHOW COLUMNS FROM `addons` [ RunTime:0.002019s ]
SQL: SELECT `title`,`name` FROM `addons` WHERE ( status=1 AND has_adminlist=1 )  [ RunTime:0.000333s ]
NOTIC: [8] Undefined index: id /Users/Boolean93/www/timetravel/Admin/Application/Common/Common/function.php 第 312 行.
INFO: [ view_parse ] --START--
INFO: [ template_filter ] --START--
INFO: Run Behavior\ContentReplaceBehavior [ RunTime:0.000069s ]
INFO: [ template_filter ] --END-- [ RunTime:0.000130s ]
NOTIC: [8] Undefined index: id /Users/Boolean93/www/timetravel/Admin/#Runtime/Cache/Admin/b595b808c2ebeeeb0478ffc30bb4e87a.php 第 107 行.
INFO: Run Behavior\ParseTemplateBehavior [ RunTime:0.010857s ]
INFO: [ view_parse ] --END-- [ RunTime:0.010932s ]
INFO: [ view_filter ] --START--
INFO: Run Behavior\WriteHtmlCacheBehavior [ RunTime:0.000238s ]
INFO: [ view_filter ] --END-- [ RunTime:0.000276s ]
INFO: [ app_end ] --START--
INFO: Run Behavior\ShowPageTraceBehavior [ RunTime:0.000497s ]
INFO: [ app_end ] --END-- [ RunTime:0.000551s ]

[ 2014-12-02T17:29:31+08:00 ] ::1 /timetravel/Admin/index.php?s=/admin/index/center.html
INFO: [ app_init ] --START--
INFO: Run Behavior\BuildLiteBehavior [ RunTime:0.000022s ]
INFO: Run Common\Behavior\InitHookBehavior [ RunTime:0.002835s ]
INFO: [ app_init ] --END-- [ RunTime:0.004200s ]
INFO: [ app_begin ] --START--
INFO: Run Behavior\ReadHtmlCacheBehavior [ RunTime:0.000388s ]
INFO: [ app_begin ] --END-- [ RunTime:0.000457s ]
INFO: [ view_parse ] --START--
INFO: [ template_filter ] --START--
INFO: Run Behavior\ContentReplaceBehavior [ RunTime:0.000056s ]
INFO: [ template_filter ] --END-- [ RunTime:0.000125s ]
INFO: Run Behavior\ParseTemplateBehavior [ RunTime:0.003905s ]
INFO: [ view_parse ] --END-- [ RunTime:0.003952s ]
INFO: [ view_filter ] --START--
INFO: Run Behavior\WriteHtmlCacheBehavior [ RunTime:0.000108s ]
INFO: [ view_filter ] --END-- [ RunTime:0.000133s ]
INFO: [ app_end ] --START--
INFO: Run Behavior\ShowPageTraceBehavior [ RunTime:0.000321s ]
INFO: [ app_end ] --END-- [ RunTime:0.000351s ]

[ 2014-12-02T17:29:32+08:00 ] ::1 /timetravel/Admin/index.php?s=/admin/article/index.html
INFO: [ app_init ] --START--
INFO: Run Behavior\BuildLiteBehavior [ RunTime:0.000015s ]
INFO: Run Common\Behavior\InitHookBehavior [ RunTime:0.001372s ]
INFO: [ app_init ] --END-- [ RunTime:0.001787s ]
INFO: [ app_begin ] --START--
INFO: Run Behavior\ReadHtmlCacheBehavior [ RunTime:0.000604s ]
INFO: [ app_begin ] --END-- [ RunTime:0.000670s ]
NOTIC: [8] Undefined variable: map /Users/Boolean93/www/timetravel/Admin/Application/Admin/Controller/ArticleController.class.php 第 34 行.
SQL: SHOW COLUMNS FROM `article` [ RunTime:0.001642s ]
SQL: SELECT COUNT(*) AS tp_count FROM `article` WHERE ( `status` >= 0 ) LIMIT 1   [ RunTime:0.000272s ]
SQL: SELECT `id`,`title`,`content`,`header_img`,`type`,`create_time`,`click`,`good`,`reply`,`status` FROM `article` WHERE ( `status` >= 0 ) ORDER BY id LIMIT 0,10   [ RunTime:0.000302s ]
NOTIC: [8] Undefined variable: map /Users/Boolean93/www/timetravel/Admin/Application/Admin/Controller/ArticleController.class.php 第 36 行.
INFO: [ view_parse ] --START--
INFO: [ template_filter ] --START--
INFO: Run Behavior\ContentReplaceBehavior [ RunTime:0.000059s ]
INFO: [ template_filter ] --END-- [ RunTime:0.000103s ]
NOTIC: [2] date() expects parameter 2 to be long, string given /Users/Boolean93/www/timetravel/Admin/#Runtime/Cache/Admin/7a4184ffe8f804b12b2e7f8851dd8f7d.php 第 46 行.
INFO: Run Behavior\ParseTemplateBehavior [ RunTime:0.005724s ]
INFO: [ view_parse ] --END-- [ RunTime:0.005756s ]
INFO: [ view_filter ] --START--
INFO: Run Behavior\WriteHtmlCacheBehavior [ RunTime:0.000097s ]
INFO: [ view_filter ] --END-- [ RunTime:0.000120s ]
INFO: [ app_end ] --START--
INFO: Run Behavior\ShowPageTraceBehavior [ RunTime:0.000287s ]
INFO: [ app_end ] --END-- [ RunTime:0.000312s ]

[ 2014-12-02T17:39:21+08:00 ] ::1 /timetravel/Admin/index.php?s=/Admin/Index/index.html
INFO: [ app_init ] --START--
INFO: Run Behavior\BuildLiteBehavior [ RunTime:0.000015s ]
INFO: Run Common\Behavior\InitHookBehavior [ RunTime:0.001641s ]
INFO: [ app_init ] --END-- [ RunTime:0.002124s ]
INFO: [ app_begin ] --START--
INFO: Run Behavior\ReadHtmlCacheBehavior [ RunTime:0.000532s ]
INFO: [ app_begin ] --END-- [ RunTime:0.000614s ]
SQL: SHOW COLUMNS FROM `auth` [ RunTime:0.002199s ]
NOTIC: [8] Undefined variable: map /Users/Boolean93/www/timetravel/Admin/Application/Admin/Controller/IndexController.class.php 第 31 行.
SQL: SELECT * FROM `auth` ORDER BY sort  [ RunTime:0.000471s ]
SQL: SHOW COLUMNS FROM `addons` [ RunTime:0.001297s ]
SQL: SELECT `title`,`name` FROM `addons` WHERE ( status=1 AND has_adminlist=1 )  [ RunTime:0.000310s ]
NOTIC: [8] Undefined index: id /Users/Boolean93/www/timetravel/Admin/Application/Common/Common/function.php 第 312 行.
INFO: [ view_parse ] --START--
INFO: [ template_filter ] --START--
INFO: Run Behavior\ContentReplaceBehavior [ RunTime:0.000087s ]
INFO: [ template_filter ] --END-- [ RunTime:0.000168s ]
NOTIC: [8] Undefined index: id /Users/Boolean93/www/timetravel/Admin/#Runtime/Cache/Admin/b595b808c2ebeeeb0478ffc30bb4e87a.php 第 107 行.
INFO: Run Behavior\ParseTemplateBehavior [ RunTime:0.013519s ]
INFO: [ view_parse ] --END-- [ RunTime:0.013575s ]
INFO: [ view_filter ] --START--
INFO: Run Behavior\WriteHtmlCacheBehavior [ RunTime:0.000167s ]
INFO: [ view_filter ] --END-- [ RunTime:0.000197s ]
INFO: [ app_end ] --START--
INFO: Run Behavior\ShowPageTraceBehavior [ RunTime:0.000450s ]
INFO: [ app_end ] --END-- [ RunTime:0.000496s ]

[ 2014-12-02T17:39:21+08:00 ] ::1 /timetravel/Admin/index.php?s=/admin/index/center.html
INFO: [ app_init ] --START--
INFO: Run Behavior\BuildLiteBehavior [ RunTime:0.000011s ]
INFO: Run Common\Behavior\InitHookBehavior [ RunTime:0.001283s ]
INFO: [ app_init ] --END-- [ RunTime:0.001573s ]
INFO: [ app_begin ] --START--
INFO: Run Behavior\ReadHtmlCacheBehavior [ RunTime:0.000313s ]
INFO: [ app_begin ] --END-- [ RunTime:0.000358s ]
INFO: [ view_parse ] --START--
INFO: [ template_filter ] --START--
INFO: Run Behavior\ContentReplaceBehavior [ RunTime:0.000041s ]
INFO: [ template_filter ] --END-- [ RunTime:0.000095s ]
INFO: Run Behavior\ParseTemplateBehavior [ RunTime:0.004886s ]
INFO: [ view_parse ] --END-- [ RunTime:0.004953s ]
INFO: [ view_filter ] --START--
INFO: Run Behavior\WriteHtmlCacheBehavior [ RunTime:0.000160s ]
INFO: [ view_filter ] --END-- [ RunTime:0.000193s ]
INFO: [ app_end ] --START--
INFO: Run Behavior\ShowPageTraceBehavior [ RunTime:0.000395s ]
INFO: [ app_end ] --END-- [ RunTime:0.000432s ]

[ 2014-12-02T17:39:22+08:00 ] ::1 /timetravel/Admin/index.php?s=/admin/article/index.html
INFO: [ app_init ] --START--
INFO: Run Behavior\BuildLiteBehavior [ RunTime:0.000016s ]
INFO: Run Common\Behavior\InitHookBehavior [ RunTime:0.001316s ]
INFO: [ app_init ] --END-- [ RunTime:0.001720s ]
INFO: [ app_begin ] --START--
INFO: Run Behavior\ReadHtmlCacheBehavior [ RunTime:0.000365s ]
INFO: [ app_begin ] --END-- [ RunTime:0.000411s ]
NOTIC: [8] Undefined variable: map /Users/Boolean93/www/timetravel/Admin/Application/Admin/Controller/ArticleController.class.php 第 34 行.
SQL: SHOW COLUMNS FROM `article` [ RunTime:0.001949s ]
SQL: SELECT COUNT(*) AS tp_count FROM `article` WHERE ( `status` >= 0 ) LIMIT 1   [ RunTime:0.000274s ]
SQL: SELECT `id`,`title`,`content`,`header_img`,`type`,`create_time`,`click`,`good`,`reply`,`status` FROM `article` WHERE ( `status` >= 0 ) ORDER BY id LIMIT 0,10   [ RunTime:0.000303s ]
NOTIC: [8] Undefined variable: map /Users/Boolean93/www/timetravel/Admin/Application/Admin/Controller/ArticleController.class.php 第 36 行.
INFO: [ view_parse ] --START--
INFO: [ template_filter ] --START--
INFO: Run Behavior\ContentReplaceBehavior [ RunTime:0.000041s ]
INFO: [ template_filter ] --END-- [ RunTime:0.000070s ]
NOTIC: [2] date() expects parameter 2 to be long, string given /Users/Boolean93/www/timetravel/Admin/#Runtime/Cache/Admin/7a4184ffe8f804b12b2e7f8851dd8f7d.php 第 46 行.
INFO: Run Behavior\ParseTemplateBehavior [ RunTime:0.005346s ]
INFO: [ view_parse ] --END-- [ RunTime:0.005392s ]
INFO: [ view_filter ] --START--
INFO: Run Behavior\WriteHtmlCacheBehavior [ RunTime:0.000193s ]
INFO: [ view_filter ] --END-- [ RunTime:0.000238s ]
INFO: [ app_end ] --START--
INFO: Run Behavior\ShowPageTraceBehavior [ RunTime:0.000542s ]
INFO: [ app_end ] --END-- [ RunTime:0.000591s ]

[ 2014-12-02T17:39:24+08:00 ] ::1 /timetravel/Admin/index.php?s=/Admin/Article/edit/id/1.html
INFO: [ app_init ] --START--
INFO: Run Behavior\BuildLiteBehavior [ RunTime:0.000009s ]
INFO: Run Common\Behavior\InitHookBehavior [ RunTime:0.000722s ]
INFO: [ app_init ] --END-- [ RunTime:0.000943s ]
INFO: [ app_begin ] --START--
INFO: Run Behavior\ReadHtmlCacheBehavior [ RunTime:0.000244s ]
INFO: [ app_begin ] --END-- [ RunTime:0.000277s ]
SQL: SHOW COLUMNS FROM `article` [ RunTime:0.002177s ]
SQL: SELECT `id`,`title`,`content`,`header_img`,`type`,`create_time`,`click`,`good`,`reply`,`status` FROM `article` WHERE ( `id` = 1 ) LIMIT 1   [ RunTime:0.000349s ]
SQL: SHOW COLUMNS FROM `category` [ RunTime:0.002513s ]
SQL: SELECT `cid`,`title`,`ename`,`pid`,`type`,`keywords`,`description`,`content`,`status`,`sort` FROM `category`  [ RunTime:0.000336s ]
INFO: [ view_parse ] --START--
INFO: [ template_filter ] --START--
INFO: Run Behavior\ContentReplaceBehavior [ RunTime:0.000056s ]
INFO: [ template_filter ] --END-- [ RunTime:0.000112s ]
NOTIC: [8] Undefined index: shorttitle /Users/Boolean93/www/timetravel/Admin/#Runtime/Cache/Admin/761055de2f430bef08441163fbb8bda7.php 第 47 行.
NOTIC: [8] Undefined index: copyfrom /Users/Boolean93/www/timetravel/Admin/#Runtime/Cache/Admin/761055de2f430bef08441163fbb8bda7.php 第 54 行.
NOTIC: [8] Undefined index: publishtime /Users/Boolean93/www/timetravel/Admin/#Runtime/Cache/Admin/761055de2f430bef08441163fbb8bda7.php 第 102 行.
NOTIC: [8] Undefined index: keywords /Users/Boolean93/www/timetravel/Admin/#Runtime/Cache/Admin/761055de2f430bef08441163fbb8bda7.php 第 118 行.
NOTIC: [8] Undefined index: description /Users/Boolean93/www/timetravel/Admin/#Runtime/Cache/Admin/761055de2f430bef08441163fbb8bda7.php 第 125 行.
INFO: Run Behavior\ParseTemplateBehavior [ RunTime:0.008444s ]
INFO: [ view_parse ] --END-- [ RunTime:0.008493s ]
INFO: [ view_filter ] --START--
INFO: Run Behavior\WriteHtmlCacheBehavior [ RunTime:0.000183s ]
INFO: [ view_filter ] --END-- [ RunTime:0.000244s ]
INFO: [ app_end ] --START--
INFO: Run Behavior\ShowPageTraceBehavior [ RunTime:0.000543s ]
INFO: [ app_end ] --END-- [ RunTime:0.000582s ]

[ 2014-12-02T17:39:34+08:00 ] ::1 /timetravel/Admin/index.php?s=/Admin/Article/add.html
INFO: [ app_init ] --START--
INFO: Run Behavior\BuildLiteBehavior [ RunTime:0.000010s ]
INFO: Run Common\Behavior\InitHookBehavior [ RunTime:0.000965s ]
INFO: [ app_init ] --END-- [ RunTime:0.001241s ]
INFO: [ app_begin ] --START--
INFO: Run Behavior\ReadHtmlCacheBehavior [ RunTime:0.000277s ]
INFO: [ app_begin ] --END-- [ RunTime:0.000314s ]
SQL: SHOW COLUMNS FROM `category` [ RunTime:0.003198s ]
SQL: SELECT `cid`,`title`,`ename`,`pid`,`type`,`keywords`,`description`,`content`,`status`,`sort` FROM `category`  [ RunTime:0.000338s ]
INFO: [ view_parse ] --START--
INFO: [ template_filter ] --START--
INFO: Run Behavior\ContentReplaceBehavior [ RunTime:0.000066s ]
INFO: [ template_filter ] --END-- [ RunTime:0.000152s ]
INFO: Run Behavior\ParseTemplateBehavior [ RunTime:0.008706s ]
INFO: [ view_parse ] --END-- [ RunTime:0.008770s ]
INFO: [ view_filter ] --START--
INFO: Run Behavior\WriteHtmlCacheBehavior [ RunTime:0.000102s ]
INFO: [ view_filter ] --END-- [ RunTime:0.000129s ]
INFO: [ app_end ] --START--
INFO: Run Behavior\ShowPageTraceBehavior [ RunTime:0.000306s ]
INFO: [ app_end ] --END-- [ RunTime:0.000334s ]

[ 2014-12-02T17:41:15+08:00 ] ::1 /timetravel/Admin/index.php?s=/Admin/Article/add.html
INFO: [ app_init ] --START--
INFO: Run Behavior\BuildLiteBehavior [ RunTime:0.000008s ]
INFO: Run Common\Behavior\InitHookBehavior [ RunTime:0.000721s ]
INFO: [ app_init ] --END-- [ RunTime:0.000938s ]
INFO: [ app_begin ] --START--
INFO: Run Behavior\ReadHtmlCacheBehavior [ RunTime:0.000242s ]
INFO: [ app_begin ] --END-- [ RunTime:0.000273s ]
SQL: SHOW COLUMNS FROM `category` [ RunTime:0.001860s ]
SQL: SELECT `cid`,`title`,`ename`,`pid`,`type`,`keywords`,`description`,`content`,`status`,`sort` FROM `category`  [ RunTime:0.000356s ]
INFO: [ view_parse ] --START--
INFO: [ template_filter ] --START--
INFO: Run Behavior\ContentReplaceBehavior [ RunTime:0.000048s ]
INFO: [ template_filter ] --END-- [ RunTime:0.000086s ]
INFO: Run Behavior\ParseTemplateBehavior [ RunTime:0.006937s ]
INFO: [ view_parse ] --END-- [ RunTime:0.007015s ]
INFO: [ view_filter ] --START--
INFO: Run Behavior\WriteHtmlCacheBehavior [ RunTime:0.000092s ]
INFO: [ view_filter ] --END-- [ RunTime:0.000116s ]
INFO: [ app_end ] --START--
INFO: Run Behavior\ShowPageTraceBehavior [ RunTime:0.000476s ]
INFO: [ app_end ] --END-- [ RunTime:0.000540s ]

