[ 2014-12-18T10:11:24+08:00 ] 127.0.0.1 /timetravel/Admin/index.php?s=/Admin/Public/login.html
INFO: [ app_init ] --START--
INFO: Run Behavior\BuildLiteBehavior [ RunTime:0.000019s ]
INFO: Run Common\Behavior\InitHookBehavior [ RunTime:0.005231s ]
INFO: [ app_init ] --END-- [ RunTime:0.006047s ]
INFO: [ app_begin ] --START--
INFO: Run Behavior\ReadHtmlCacheBehavior [ RunTime:0.000982s ]
INFO: [ app_begin ] --END-- [ RunTime:0.001066s ]
INFO: [ view_parse ] --START--
INFO: [ template_filter ] --START--
INFO: Run Behavior\ContentReplaceBehavior [ RunTime:0.000067s ]
INFO: [ template_filter ] --END-- [ RunTime:0.000147s ]
INFO: Run Behavior\ParseTemplateBehavior [ RunTime:0.010405s ]
INFO: [ view_parse ] --END-- [ RunTime:0.010481s ]
INFO: [ view_filter ] --START--
INFO: Run Behavior\WriteHtmlCacheBehavior [ RunTime:0.000514s ]
INFO: [ view_filter ] --END-- [ RunTime:0.000574s ]
INFO: [ app_end ] --START--
INFO: Run Behavior\ShowPageTraceBehavior [ RunTime:0.000895s ]
INFO: [ app_end ] --END-- [ RunTime:0.000962s ]

[ 2014-12-18T10:11:26+08:00 ] 127.0.0.1 /timetravel/Admin/index.php?s=/Admin/Public/login.html
INFO: [ app_init ] --START--
INFO: Run Behavior\BuildLiteBehavior [ RunTime:0.000010s ]
INFO: Run Common\Behavior\InitHookBehavior [ RunTime:0.000812s ]
INFO: [ app_init ] --END-- [ RunTime:0.001061s ]
INFO: [ app_begin ] --START--
INFO: Run Behavior\ReadHtmlCacheBehavior [ RunTime:0.000295s ]
INFO: [ app_begin ] --END-- [ RunTime:0.000333s ]
INFO: [ view_parse ] --START--
INFO: [ template_filter ] --START--
INFO: Run Behavior\ContentReplaceBehavior [ RunTime:0.000041s ]
INFO: [ template_filter ] --END-- [ RunTime:0.000086s ]
INFO: Run Behavior\ParseTemplateBehavior [ RunTime:0.003897s ]
INFO: [ view_parse ] --END-- [ RunTime:0.003938s ]
INFO: [ view_filter ] --START--
INFO: Run Behavior\WriteHtmlCacheBehavior [ RunTime:0.000110s ]
INFO: [ view_filter ] --END-- [ RunTime:0.000135s ]
INFO: [ app_end ] --START--
INFO: Run Behavior\ShowPageTraceBehavior [ RunTime:0.000390s ]
INFO: [ app_end ] --END-- [ RunTime:0.000430s ]

[ 2014-12-18T10:11:26+08:00 ] 127.0.0.1 /timetravel/Admin/
INFO: [ app_init ] --START--
INFO: Run Behavior\BuildLiteBehavior [ RunTime:0.000008s ]
INFO: Run Common\Behavior\InitHookBehavior [ RunTime:0.001031s ]
INFO: [ app_init ] --END-- [ RunTime:0.001250s ]
INFO: [ app_begin ] --START--
INFO: Run Behavior\ReadHtmlCacheBehavior [ RunTime:0.000261s ]
INFO: [ app_begin ] --END-- [ RunTime:0.000297s ]

[ 2014-12-18T10:11:26+08:00 ] 127.0.0.1 /timetravel/Admin/index.php?s=/Admin/Public/login.html
INFO: [ app_init ] --START--
INFO: Run Behavior\BuildLiteBehavior [ RunTime:0.000008s ]
INFO: Run Common\Behavior\InitHookBehavior [ RunTime:0.001016s ]
INFO: [ app_init ] --END-- [ RunTime:0.001242s ]
INFO: [ app_begin ] --START--
INFO: Run Behavior\ReadHtmlCacheBehavior [ RunTime:0.000379s ]
INFO: [ app_begin ] --END-- [ RunTime:0.000427s ]
INFO: [ view_parse ] --START--
INFO: [ template_filter ] --START--
INFO: Run Behavior\ContentReplaceBehavior [ RunTime:0.000052s ]
INFO: [ template_filter ] --END-- [ RunTime:0.000097s ]
INFO: Run Behavior\ParseTemplateBehavior [ RunTime:0.004236s ]
INFO: [ view_parse ] --END-- [ RunTime:0.004276s ]
INFO: [ view_filter ] --START--
INFO: Run Behavior\WriteHtmlCacheBehavior [ RunTime:0.000094s ]
INFO: [ view_filter ] --END-- [ RunTime:0.000117s ]
INFO: [ app_end ] --START--
INFO: Run Behavior\ShowPageTraceBehavior [ RunTime:0.000341s ]
INFO: [ app_end ] --END-- [ RunTime:0.000368s ]

[ 2014-12-18T10:11:31+08:00 ] 127.0.0.1 /timetravel/Admin/index.php?s=/Admin/Public/login.html
INFO: [ app_init ] --START--
INFO: Run Behavior\BuildLiteBehavior [ RunTime:0.000008s ]
INFO: Run Common\Behavior\InitHookBehavior [ RunTime:0.000750s ]
INFO: [ app_init ] --END-- [ RunTime:0.000972s ]
INFO: [ app_begin ] --START--
INFO: Run Behavior\ReadHtmlCacheBehavior [ RunTime:0.000247s ]
INFO: [ app_begin ] --END-- [ RunTime:0.000278s ]
SQL: SHOW COLUMNS FROM `member` [ RunTime:0.015132s ]
SQL: SELECT * FROM `member` WHERE ( `username` = 'admin' ) LIMIT 1   [ RunTime:0.000582s ]
SQL: UPDATE `member` SET `login`=82,`last_login_ip`='127.0.0.1',`last_login_time`=1418868691 WHERE ( `uid` = 1 ) [ RunTime:0.011788s ]
SQL: SHOW COLUMNS FROM `role` [ RunTime:0.005409s ]
SQL: SELECT `auth`,`status` FROM `role` WHERE ( id=1 ) LIMIT 1   [ RunTime:0.000480s ]
SQL: SHOW COLUMNS FROM `action` [ RunTime:0.005505s ]
SQL: SELECT * FROM `action` WHERE ( `name` = 'user_login' ) LIMIT 1   [ RunTime:0.000427s ]
SQL: SHOW COLUMNS FROM `action_log` [ RunTime:0.005348s ]
SQL: INSERT INTO `action_log` (`action_id`,`user_id`,`action_ip`,`model`,`record_id`,`create_time`,`remark`) VALUES (1,1,2130706433,'Member',1,1418868691,'CoolHots在2014-12-18 10:11登录了后台') [ RunTime:0.004693s ]
SQL: SELECT * FROM `action` WHERE ( `name` = 'user_login' ) LIMIT 1   [ RunTime:0.000442s ]
NOTIC: [8] Undefined offset: 1 /Users/Boolean93/www/timetravel/Admin/Application/Common/Common/function.php 第 749 行.
NOTIC: [2] array_key_exists() expects parameter 2 to be array, null given /Users/Boolean93/www/timetravel/Admin/Application/Common/Common/function.php 第 749 行.
SQL: SELECT COUNT(*) AS tp_count FROM `action_log` WHERE ( `action_id` = 1 ) AND ( `user_id` = 1 ) AND ( `create_time` > 1418782291 ) LIMIT 1   [ RunTime:0.000976s ]
SQL: SHOW COLUMNS FROM `member` [ RunTime:0.002015s ]
NOTIC: [8] Undefined variable: set /Users/Boolean93/www/timetravel/Admin/ThinkPHP/Library/Think/Db.class.php 第 297 行.
NOTIC: [2] implode(): Invalid arguments passed /Users/Boolean93/www/timetravel/Admin/ThinkPHP/Library/Think/Db.class.php 第 297 行.
SQL: UPDATE `member` SET  WHERE ( uid=1 AND status>-1 ) [ RunTime:0.000632s ]
ERR: 1064:You have an error in your SQL syntax; check the manual that corresponds to your MySQL server version for the right syntax to use near 'WHERE ( uid=1 AND status>-1 )' at line 1
 [ SQL语句 ] : UPDATE `member` SET  WHERE ( uid=1 AND status>-1 )

[ 2014-12-18T10:11:33+08:00 ] 127.0.0.1 /timetravel/Admin/index.php?s=/Admin/Index/index.html
INFO: [ app_init ] --START--
INFO: Run Behavior\BuildLiteBehavior [ RunTime:0.000012s ]
INFO: Run Common\Behavior\InitHookBehavior [ RunTime:0.001203s ]
INFO: [ app_init ] --END-- [ RunTime:0.001518s ]
INFO: [ app_begin ] --START--
INFO: Run Behavior\ReadHtmlCacheBehavior [ RunTime:0.000293s ]
INFO: [ app_begin ] --END-- [ RunTime:0.000332s ]
SQL: SHOW COLUMNS FROM `auth` [ RunTime:0.026112s ]
NOTIC: [8] Undefined variable: map /Users/Boolean93/www/timetravel/Admin/Application/Admin/Controller/IndexController.class.php 第 31 行.
SQL: SELECT * FROM `auth` ORDER BY sort  [ RunTime:0.000680s ]
SQL: SHOW COLUMNS FROM `addons` [ RunTime:0.004519s ]
SQL: SELECT `title`,`name` FROM `addons` WHERE ( status=1 AND has_adminlist=1 )  [ RunTime:0.000318s ]
NOTIC: [8] Undefined index: id /Users/Boolean93/www/timetravel/Admin/Application/Common/Common/function.php 第 312 行.
INFO: [ view_parse ] --START--
INFO: [ template_filter ] --START--
INFO: Run Behavior\ContentReplaceBehavior [ RunTime:0.000072s ]
INFO: [ template_filter ] --END-- [ RunTime:0.000127s ]
NOTIC: [8] Undefined index: id /Users/Boolean93/www/timetravel/Admin/#Runtime/Cache/Admin/b595b808c2ebeeeb0478ffc30bb4e87a.php 第 107 行.
INFO: Run Behavior\ParseTemplateBehavior [ RunTime:0.010865s ]
INFO: [ view_parse ] --END-- [ RunTime:0.010906s ]
INFO: [ view_filter ] --START--
INFO: Run Behavior\WriteHtmlCacheBehavior [ RunTime:0.000133s ]
INFO: [ view_filter ] --END-- [ RunTime:0.000164s ]
INFO: [ app_end ] --START--
INFO: Run Behavior\ShowPageTraceBehavior [ RunTime:0.000512s ]
INFO: [ app_end ] --END-- [ RunTime:0.000553s ]

[ 2014-12-18T10:11:33+08:00 ] 127.0.0.1 /timetravel/Admin/index.php?s=/admin/index/center.html
INFO: [ app_init ] --START--
INFO: Run Behavior\BuildLiteBehavior [ RunTime:0.000016s ]
INFO: Run Common\Behavior\InitHookBehavior [ RunTime:0.002105s ]
INFO: [ app_init ] --END-- [ RunTime:0.002717s ]
INFO: [ app_begin ] --START--
INFO: Run Behavior\ReadHtmlCacheBehavior [ RunTime:0.000510s ]
INFO: [ app_begin ] --END-- [ RunTime:0.000617s ]
INFO: [ view_parse ] --START--
INFO: [ template_filter ] --START--
INFO: Run Behavior\ContentReplaceBehavior [ RunTime:0.000042s ]
INFO: [ template_filter ] --END-- [ RunTime:0.000129s ]
INFO: [ AdminIndex ] --START--
SQL: SHOW COLUMNS FROM `addons` [ RunTime:0.001701s ]
SQL: SELECT `config` FROM `addons` WHERE ( `name` = 'SiteStat' ) AND ( `status` = 1 ) LIMIT 1   [ RunTime:0.000414s ]
SQL: SHOW COLUMNS FROM `member` [ RunTime:0.002142s ]
SQL: SELECT COUNT(*) AS tp_count FROM `member` LIMIT 1   [ RunTime:0.001413s ]
SQL: SHOW COLUMNS FROM `action_log` [ RunTime:0.001918s ]
SQL: SELECT COUNT(*) AS tp_count FROM `action_log` LIMIT 1   [ RunTime:0.000304s ]
SQL: SHOW COLUMNS FROM `article` [ RunTime:0.002017s ]
SQL: SELECT COUNT(*) AS tp_count FROM `article` LIMIT 1   [ RunTime:0.000277s ]
SQL: SHOW COLUMNS FROM `category` [ RunTime:0.004579s ]
SQL: SELECT COUNT(*) AS tp_count FROM `category` LIMIT 1   [ RunTime:0.000246s ]
INFO: [ view_parse ] --START--
INFO: [ template_filter ] --START--
INFO: Run Behavior\ContentReplaceBehavior [ RunTime:0.000030s ]
INFO: [ template_filter ] --END-- [ RunTime:-0.026048s ]
INFO: Run Behavior\ParseTemplateBehavior [ RunTime:0.001468s ]
INFO: [ view_parse ] --END-- [ RunTime:0.001511s ]
INFO: [ view_filter ] --START--
INFO: Run Behavior\WriteHtmlCacheBehavior [ RunTime:0.000124s ]
INFO: [ view_filter ] --END-- [ RunTime:0.000153s ]
INFO: Run SiteStat [ RunTime:0.026283s ]
SQL: SELECT `config` FROM `addons` WHERE ( `name` = 'SystemInfo' ) AND ( `status` = 1 ) LIMIT 1   [ RunTime:0.000352s ]
SQL:  select version() AS version [ RunTime:0.001122s ]
INFO: [ view_parse ] --START--
INFO: [ template_filter ] --START--
INFO: Run Behavior\ContentReplaceBehavior [ RunTime:0.000028s ]
INFO: [ template_filter ] --END-- [ RunTime:-0.030534s ]
INFO: Run Behavior\ParseTemplateBehavior [ RunTime:0.001717s ]
INFO: [ view_parse ] --END-- [ RunTime:-0.002736s ]
INFO: [ view_filter ] --START--
INFO: Run Behavior\WriteHtmlCacheBehavior [ RunTime:0.000008s ]
INFO: [ view_filter ] --END-- [ RunTime:-0.004345s ]
INFO: Run SystemInfo [ RunTime:0.004360s ]
SQL: SELECT `config` FROM `addons` WHERE ( `name` = 'DevTeam' ) AND ( `status` = 1 ) LIMIT 1   [ RunTime:0.000406s ]
INFO: [ view_parse ] --START--
INFO: [ template_filter ] --START--
INFO: Run Behavior\ContentReplaceBehavior [ RunTime:0.000029s ]
INFO: [ template_filter ] --END-- [ RunTime:-0.033238s ]
INFO: Run Behavior\ParseTemplateBehavior [ RunTime:0.001341s ]
INFO: [ view_parse ] --END-- [ RunTime:-0.005761s ]
INFO: [ view_filter ] --START--
INFO: Run Behavior\WriteHtmlCacheBehavior [ RunTime:0.000008s ]
INFO: [ view_filter ] --END-- [ RunTime:-0.006985s ]
INFO: Run DevTeam [ RunTime:0.002628s ]
INFO: [ AdminIndex ] --END-- [ RunTime:0.033328s ]
INFO: Run Behavior\ParseTemplateBehavior [ RunTime:0.001441s ]
INFO: [ view_parse ] --END-- [ RunTime:-0.005761s ]
INFO: [ view_filter ] --START--
INFO: Run Behavior\WriteHtmlCacheBehavior [ RunTime:0.000005s ]
INFO: [ view_filter ] --END-- [ RunTime:-0.007066s ]
INFO: [ app_end ] --START--
INFO: Run Behavior\ShowPageTraceBehavior [ RunTime:0.000354s ]
INFO: [ app_end ] --END-- [ RunTime:0.000382s ]

[ 2014-12-18T10:11:35+08:00 ] 127.0.0.1 /timetravel/Admin/index.php?s=/admin/article/index.html
INFO: [ app_init ] --START--
INFO: Run Behavior\BuildLiteBehavior [ RunTime:0.000014s ]
INFO: Run Common\Behavior\InitHookBehavior [ RunTime:0.000907s ]
INFO: [ app_init ] --END-- [ RunTime:0.001253s ]
INFO: [ app_begin ] --START--
INFO: Run Behavior\ReadHtmlCacheBehavior [ RunTime:0.000284s ]
INFO: [ app_begin ] --END-- [ RunTime:0.000319s ]
NOTIC: [8] Undefined variable: map /Users/Boolean93/www/timetravel/Admin/Application/Admin/Controller/ArticleController.class.php 第 34 行.
SQL: SHOW COLUMNS FROM `article` [ RunTime:0.001875s ]
SQL: SELECT COUNT(*) AS tp_count FROM `article` WHERE ( `status` >= 0 ) LIMIT 1   [ RunTime:0.000308s ]
SQL: SELECT `id`,`title`,`content`,`header_img`,`type`,`create_time`,`click`,`good`,`reply`,`status` FROM `article` WHERE ( `status` >= 0 ) ORDER BY id LIMIT 0,10   [ RunTime:0.000384s ]
NOTIC: [8] Undefined variable: map /Users/Boolean93/www/timetravel/Admin/Application/Admin/Controller/ArticleController.class.php 第 36 行.
INFO: [ view_parse ] --START--
INFO: [ template_filter ] --START--
INFO: Run Behavior\ContentReplaceBehavior [ RunTime:0.000062s ]
INFO: [ template_filter ] --END-- [ RunTime:0.000125s ]
NOTIC: [2] date() expects parameter 2 to be long, string given /Users/Boolean93/www/timetravel/Admin/#Runtime/Cache/Admin/7a4184ffe8f804b12b2e7f8851dd8f7d.php 第 46 行.
NOTIC: [2] date() expects parameter 2 to be long, string given /Users/Boolean93/www/timetravel/Admin/#Runtime/Cache/Admin/7a4184ffe8f804b12b2e7f8851dd8f7d.php 第 46 行.
INFO: Run Behavior\ParseTemplateBehavior [ RunTime:0.009068s ]
INFO: [ view_parse ] --END-- [ RunTime:0.009118s ]
INFO: [ view_filter ] --START--
INFO: Run Behavior\WriteHtmlCacheBehavior [ RunTime:0.000156s ]
INFO: [ view_filter ] --END-- [ RunTime:0.000197s ]
INFO: [ app_end ] --START--
INFO: Run Behavior\ShowPageTraceBehavior [ RunTime:0.000390s ]
INFO: [ app_end ] --END-- [ RunTime:0.000427s ]

[ 2014-12-18T10:11:36+08:00 ] 127.0.0.1 /timetravel/Admin/index.php?s=/admin/route/index.html
INFO: [ app_init ] --START--
INFO: Run Behavior\BuildLiteBehavior [ RunTime:0.000012s ]
INFO: Run Common\Behavior\InitHookBehavior [ RunTime:0.001014s ]
INFO: [ app_init ] --END-- [ RunTime:0.001318s ]
INFO: [ app_begin ] --START--
INFO: Run Behavior\ReadHtmlCacheBehavior [ RunTime:0.000365s ]
INFO: [ app_begin ] --END-- [ RunTime:0.000425s ]
NOTIC: [8] Undefined variable: map /Users/Boolean93/www/timetravel/Admin/Application/Admin/Controller/RouteController.class.php 第 34 行.
SQL: SHOW COLUMNS FROM `route` [ RunTime:0.001333s ]
SQL: SELECT COUNT(*) AS tp_count FROM `route` LIMIT 1   [ RunTime:0.000287s ]
SQL: SELECT `id`,`title`,`travel_line`,`content`,`create_time`,`start_time`,`end_time`,`pic_url`,`type` FROM `route` ORDER BY id LIMIT 0,10   [ RunTime:0.000412s ]
NOTIC: [8] Undefined variable: map /Users/Boolean93/www/timetravel/Admin/Application/Admin/Controller/RouteController.class.php 第 36 行.
INFO: [ view_parse ] --START--
INFO: [ template_filter ] --START--
INFO: Run Behavior\ContentReplaceBehavior [ RunTime:0.000065s ]
INFO: [ template_filter ] --END-- [ RunTime:0.000124s ]
INFO: Run Behavior\ParseTemplateBehavior [ RunTime:0.009768s ]
INFO: [ view_parse ] --END-- [ RunTime:0.009842s ]
INFO: [ view_filter ] --START--
INFO: Run Behavior\WriteHtmlCacheBehavior [ RunTime:0.000192s ]
INFO: [ view_filter ] --END-- [ RunTime:0.000243s ]
INFO: [ app_end ] --START--
INFO: Run Behavior\ShowPageTraceBehavior [ RunTime:0.000529s ]
INFO: [ app_end ] --END-- [ RunTime:0.000588s ]

[ 2014-12-18T10:11:37+08:00 ] 127.0.0.1 /timetravel/Admin/index.php?s=/admin/memory/index.html
INFO: [ app_init ] --START--
INFO: Run Behavior\BuildLiteBehavior [ RunTime:0.000016s ]
INFO: Run Common\Behavior\InitHookBehavior [ RunTime:0.001365s ]
INFO: [ app_init ] --END-- [ RunTime:0.001775s ]
INFO: [ app_begin ] --START--
INFO: Run Behavior\ReadHtmlCacheBehavior [ RunTime:0.000511s ]
INFO: [ app_begin ] --END-- [ RunTime:0.000596s ]
NOTIC: [8] Undefined variable: map /Users/Boolean93/www/timetravel/Admin/Application/Admin/Controller/MemoryController.class.php 第 34 行.
SQL: SHOW COLUMNS FROM `memory` [ RunTime:0.001561s ]
SQL: SELECT COUNT(*) AS tp_count FROM `memory` LIMIT 1   [ RunTime:0.000243s ]
SQL: SELECT `id`,`title`,`content`,`pic_url`,`user_id`,`create_time`,`click`,`good`,`readable` FROM `memory` ORDER BY id LIMIT 0,10   [ RunTime:0.000405s ]
NOTIC: [8] Undefined variable: map /Users/Boolean93/www/timetravel/Admin/Application/Admin/Controller/MemoryController.class.php 第 36 行.
INFO: [ view_parse ] --START--
INFO: [ template_filter ] --START--
INFO: Run Behavior\ContentReplaceBehavior [ RunTime:0.000055s ]
INFO: [ template_filter ] --END-- [ RunTime:0.000101s ]
INFO: Run Behavior\ParseTemplateBehavior [ RunTime:0.008074s ]
INFO: [ view_parse ] --END-- [ RunTime:0.008123s ]
INFO: [ view_filter ] --START--
INFO: Run Behavior\WriteHtmlCacheBehavior [ RunTime:0.000166s ]
INFO: [ view_filter ] --END-- [ RunTime:0.000205s ]
INFO: [ app_end ] --START--
INFO: Run Behavior\ShowPageTraceBehavior [ RunTime:0.000377s ]
INFO: [ app_end ] --END-- [ RunTime:0.000434s ]

[ 2014-12-18T10:11:37+08:00 ] 127.0.0.1 /timetravel/Admin/index.php?s=/admin/relation/index.html
INFO: [ app_init ] --START--
INFO: Run Behavior\BuildLiteBehavior [ RunTime:0.000009s ]
INFO: Run Common\Behavior\InitHookBehavior [ RunTime:0.000738s ]
INFO: [ app_init ] --END-- [ RunTime:0.000994s ]
INFO: [ app_begin ] --START--
INFO: Run Behavior\ReadHtmlCacheBehavior [ RunTime:0.000293s ]
INFO: [ app_begin ] --END-- [ RunTime:0.000333s ]
NOTIC: [8] Undefined variable: map /Users/Boolean93/www/timetravel/Admin/Application/Admin/Controller/RelationController.class.php 第 34 行.
SQL: SHOW COLUMNS FROM `relation_article_route` [ RunTime:0.001661s ]
SQL: SELECT COUNT(*) AS tp_count FROM `relation_article_route` LIMIT 1   [ RunTime:0.000327s ]
SQL: SELECT `id`,`article_id`,`route_id` FROM `relation_article_route` ORDER BY article_id LIMIT 0,10   [ RunTime:0.000311s ]
NOTIC: [8] Undefined variable: map /Users/Boolean93/www/timetravel/Admin/Application/Admin/Controller/RelationController.class.php 第 36 行.
INFO: [ view_parse ] --START--
INFO: [ template_filter ] --START--
INFO: Run Behavior\ContentReplaceBehavior [ RunTime:0.000059s ]
INFO: [ template_filter ] --END-- [ RunTime:0.000108s ]
SQL: SHOW COLUMNS FROM `article` [ RunTime:0.002017s ]
SQL: SELECT `title` FROM `article` WHERE ( `id` = 1 ) LIMIT 1   [ RunTime:0.000343s ]
SQL: SHOW COLUMNS FROM `route` [ RunTime:0.001132s ]
SQL: SELECT `title` FROM `route` WHERE ( `id` = 1 ) LIMIT 1   [ RunTime:0.000317s ]
SQL: SELECT `title` FROM `article` WHERE ( `id` = 1 ) LIMIT 1   [ RunTime:0.000206s ]
SQL: SELECT `title` FROM `route` WHERE ( `id` = 18 ) LIMIT 1   [ RunTime:0.000204s ]
SQL: SELECT `title` FROM `article` WHERE ( `id` = 7 ) LIMIT 1   [ RunTime:0.000173s ]
SQL: SELECT `title` FROM `route` WHERE ( `id` = 11 ) LIMIT 1   [ RunTime:0.000197s ]
SQL: SELECT `title` FROM `article` WHERE ( `id` = 10 ) LIMIT 1   [ RunTime:0.000181s ]
SQL: SELECT `title` FROM `route` WHERE ( `id` = 18 ) LIMIT 1   [ RunTime:0.000246s ]
SQL: SELECT `title` FROM `article` WHERE ( `id` = 10 ) LIMIT 1   [ RunTime:0.000221s ]
SQL: SELECT `title` FROM `route` WHERE ( `id` = 18 ) LIMIT 1   [ RunTime:0.000187s ]
SQL: SELECT `title` FROM `article` WHERE ( `id` = 11 ) LIMIT 1   [ RunTime:0.000231s ]
SQL: SELECT `title` FROM `route` WHERE ( `id` = 1 ) LIMIT 1   [ RunTime:0.000198s ]
SQL: SELECT `title` FROM `article` WHERE ( `id` = 11 ) LIMIT 1   [ RunTime:0.000261s ]
SQL: SELECT `title` FROM `route` WHERE ( `id` = 1 ) LIMIT 1   [ RunTime:0.000272s ]
INFO: Run Behavior\ParseTemplateBehavior [ RunTime:0.016611s ]
INFO: [ view_parse ] --END-- [ RunTime:0.016656s ]
INFO: [ view_filter ] --START--
INFO: Run Behavior\WriteHtmlCacheBehavior [ RunTime:0.000153s ]
INFO: [ view_filter ] --END-- [ RunTime:0.000178s ]
INFO: [ app_end ] --START--
INFO: Run Behavior\ShowPageTraceBehavior [ RunTime:0.000333s ]
INFO: [ app_end ] --END-- [ RunTime:0.000362s ]

[ 2014-12-18T10:11:38+08:00 ] 127.0.0.1 /timetravel/Admin/index.php?s=/admin/stuff/index.html
INFO: [ app_init ] --START--
INFO: Run Behavior\BuildLiteBehavior [ RunTime:0.000012s ]
INFO: Run Common\Behavior\InitHookBehavior [ RunTime:0.000842s ]
INFO: [ app_init ] --END-- [ RunTime:0.001360s ]
INFO: [ app_begin ] --START--
INFO: Run Behavior\ReadHtmlCacheBehavior [ RunTime:0.000254s ]
INFO: [ app_begin ] --END-- [ RunTime:0.000286s ]
NOTIC: [8] Undefined variable: map /Users/Boolean93/www/timetravel/Admin/Application/Admin/Controller/StuffController.class.php 第 34 行.
SQL: SHOW COLUMNS FROM `stuff` [ RunTime:0.001478s ]
SQL: SELECT COUNT(*) AS tp_count FROM `stuff` LIMIT 1   [ RunTime:0.000238s ]
SQL: SELECT `id`,`title`,`img_url`,`other` FROM `stuff` ORDER BY id LIMIT 0,10   [ RunTime:0.000286s ]
NOTIC: [8] Undefined variable: map /Users/Boolean93/www/timetravel/Admin/Application/Admin/Controller/StuffController.class.php 第 36 行.
INFO: [ view_parse ] --START--
INFO: [ template_filter ] --START--
INFO: Run Behavior\ContentReplaceBehavior [ RunTime:0.000044s ]
INFO: [ template_filter ] --END-- [ RunTime:0.000083s ]
NOTIC: [8] Undefined index: pic_url /Users/Boolean93/www/timetravel/Admin/#Runtime/Cache/Admin/aa28ff9c1e6844a60b308dfeea24c3ee.php 第 43 行.
NOTIC: [8] Undefined index: pic_url /Users/Boolean93/www/timetravel/Admin/#Runtime/Cache/Admin/aa28ff9c1e6844a60b308dfeea24c3ee.php 第 43 行.
NOTIC: [8] Undefined index: pic_url /Users/Boolean93/www/timetravel/Admin/#Runtime/Cache/Admin/aa28ff9c1e6844a60b308dfeea24c3ee.php 第 43 行.
INFO: Run Behavior\ParseTemplateBehavior [ RunTime:0.007512s ]
INFO: [ view_parse ] --END-- [ RunTime:0.007555s ]
INFO: [ view_filter ] --START--
INFO: Run Behavior\WriteHtmlCacheBehavior [ RunTime:0.000124s ]
INFO: [ view_filter ] --END-- [ RunTime:0.000146s ]
INFO: [ app_end ] --START--
INFO: Run Behavior\ShowPageTraceBehavior [ RunTime:0.000575s ]
INFO: [ app_end ] --END-- [ RunTime:0.000620s ]

[ 2014-12-18T10:11:39+08:00 ] 127.0.0.1 /timetravel/Admin/index.php?s=/admin/slider/index.html
INFO: [ app_init ] --START--
INFO: Run Behavior\BuildLiteBehavior [ RunTime:0.000011s ]
INFO: Run Common\Behavior\InitHookBehavior [ RunTime:0.000971s ]
INFO: [ app_init ] --END-- [ RunTime:0.001265s ]
INFO: [ app_begin ] --START--
INFO: Run Behavior\ReadHtmlCacheBehavior [ RunTime:0.000379s ]
INFO: [ app_begin ] --END-- [ RunTime:0.000426s ]
NOTIC: [8] Undefined variable: map /Users/Boolean93/www/timetravel/Admin/Application/Admin/Controller/SliderController.class.php 第 37 行.
SQL: SHOW COLUMNS FROM `slider` [ RunTime:0.001895s ]
SQL: SELECT COUNT(*) AS tp_count FROM `slider` WHERE ( `status` >= 0 ) LIMIT 1   [ RunTime:0.000329s ]
SQL: SELECT `id`,`img_url`,`status` FROM `slider` WHERE ( `status` >= 0 ) ORDER BY id LIMIT 0,10   [ RunTime:0.000363s ]
NOTIC: [8] Undefined variable: map /Users/Boolean93/www/timetravel/Admin/Application/Admin/Controller/SliderController.class.php 第 39 行.
INFO: [ view_parse ] --START--
INFO: [ template_filter ] --START--
INFO: Run Behavior\ContentReplaceBehavior [ RunTime:0.000077s ]
INFO: [ template_filter ] --END-- [ RunTime:0.000141s ]
INFO: Run Behavior\ParseTemplateBehavior [ RunTime:0.007640s ]
INFO: [ view_parse ] --END-- [ RunTime:0.007704s ]
INFO: [ view_filter ] --START--
INFO: Run Behavior\WriteHtmlCacheBehavior [ RunTime:0.000275s ]
INFO: [ view_filter ] --END-- [ RunTime:0.000357s ]
INFO: [ app_end ] --START--
INFO: Run Behavior\ShowPageTraceBehavior [ RunTime:0.000499s ]
INFO: [ app_end ] --END-- [ RunTime:0.000544s ]

[ 2014-12-18T10:11:39+08:00 ] 127.0.0.1 /timetravel/Admin/index.php?s=/admin/price/index.html
INFO: [ app_init ] --START--
INFO: Run Behavior\BuildLiteBehavior [ RunTime:0.000014s ]
INFO: Run Common\Behavior\InitHookBehavior [ RunTime:0.001610s ]
INFO: [ app_init ] --END-- [ RunTime:0.002036s ]
INFO: [ app_begin ] --START--
INFO: Run Behavior\ReadHtmlCacheBehavior [ RunTime:0.000522s ]
INFO: [ app_begin ] --END-- [ RunTime:0.000601s ]
ERR: 无法加载控制器:Price

[ 2014-12-18T10:11:40+08:00 ] 127.0.0.1 /timetravel/Admin/index.php?s=/admin/price/index.html
INFO: [ app_init ] --START--
INFO: Run Behavior\BuildLiteBehavior [ RunTime:0.000014s ]
INFO: Run Common\Behavior\InitHookBehavior [ RunTime:0.001119s ]
INFO: [ app_init ] --END-- [ RunTime:0.001529s ]
INFO: [ app_begin ] --START--
INFO: Run Behavior\ReadHtmlCacheBehavior [ RunTime:0.000413s ]
INFO: [ app_begin ] --END-- [ RunTime:0.000470s ]
ERR: 无法加载控制器:Price

[ 2014-12-18T10:11:40+08:00 ] 127.0.0.1 /timetravel/Admin/index.php?s=/Admin/Addons/adminList/name/Attachment.html
INFO: [ app_init ] --START--
INFO: Run Behavior\BuildLiteBehavior [ RunTime:0.000009s ]
INFO: Run Common\Behavior\InitHookBehavior [ RunTime:0.000920s ]
INFO: [ app_init ] --END-- [ RunTime:0.001149s ]
INFO: [ app_begin ] --START--
INFO: Run Behavior\ReadHtmlCacheBehavior [ RunTime:0.000281s ]
INFO: [ app_begin ] --END-- [ RunTime:0.000316s ]
SQL: SHOW COLUMNS FROM `attachment` [ RunTime:0.001349s ]
ERR: 1146:Table 'timetravel.attachment' doesn't exist
 [ SQL语句 ] : SHOW COLUMNS FROM `attachment`
SQL: SELECT COUNT(*) AS tp_count FROM `attachment` WHERE ( `status` >= 0 ) LIMIT 1   [ RunTime:0.000304s ]
ERR: 1146:Table 'timetravel.attachment' doesn't exist
 [ SQL语句 ] : SELECT COUNT(*) AS tp_count FROM `attachment` WHERE ( `status` >= 0 ) LIMIT 1  
SQL: SELECT * FROM `attachment` WHERE ( `status` >= 0 ) ORDER BY id desc LIMIT 0,10   [ RunTime:0.000221s ]
ERR: 1146:Table 'timetravel.attachment' doesn't exist
 [ SQL语句 ] : SELECT * FROM `attachment` WHERE ( `status` >= 0 ) ORDER BY id desc LIMIT 0,10  
INFO: [ view_parse ] --START--
INFO: [ template_filter ] --START--
INFO: Run Behavior\ContentReplaceBehavior [ RunTime:0.000075s ]
INFO: [ template_filter ] --END-- [ RunTime:0.000168s ]
INFO: Run Behavior\ParseTemplateBehavior [ RunTime:0.009625s ]
INFO: [ view_parse ] --END-- [ RunTime:0.009682s ]
INFO: [ view_filter ] --START--
INFO: Run Behavior\WriteHtmlCacheBehavior [ RunTime:0.000137s ]
INFO: [ view_filter ] --END-- [ RunTime:0.000180s ]
INFO: [ view_parse ] --START--
INFO: [ template_filter ] --START--
INFO: Run Behavior\ContentReplaceBehavior [ RunTime:0.000056s ]
INFO: [ template_filter ] --END-- [ RunTime:-0.005479s ]
NOTIC: [8] Undefined variable: page /Users/Boolean93/www/timetravel/Admin/#Runtime/Cache/Admin/e880147f37f605b5737b8bfdaf22b9b9.php 第 44 行.
INFO: Run Behavior\ParseTemplateBehavior [ RunTime:0.004739s ]
INFO: [ view_parse ] --END-- [ RunTime:-0.000330s ]
INFO: [ view_filter ] --START--
INFO: Run Behavior\WriteHtmlCacheBehavior [ RunTime:0.000008s ]
INFO: [ view_filter ] --END-- [ RunTime:-0.004926s ]
INFO: [ app_end ] --START--
INFO: Run Behavior\ShowPageTraceBehavior [ RunTime:0.000375s ]
INFO: [ app_end ] --END-- [ RunTime:0.000413s ]

[ 2014-12-18T10:11:41+08:00 ] 127.0.0.1 /timetravel/Admin/index.php?s=/admin/image/index.html
INFO: [ app_init ] --START--
INFO: Run Behavior\BuildLiteBehavior [ RunTime:0.000016s ]
INFO: Run Common\Behavior\InitHookBehavior [ RunTime:0.001412s ]
INFO: [ app_init ] --END-- [ RunTime:0.001827s ]
INFO: [ app_begin ] --START--
INFO: Run Behavior\ReadHtmlCacheBehavior [ RunTime:0.000683s ]
INFO: [ app_begin ] --END-- [ RunTime:0.000747s ]
NOTIC: [8] Undefined variable: map /Users/Boolean93/www/timetravel/Admin/Application/Admin/Controller/ImageController.class.php 第 34 行.
SQL: SHOW COLUMNS FROM `image` [ RunTime:0.002683s ]
SQL: SELECT COUNT(*) AS tp_count FROM `image` LIMIT 1   [ RunTime:0.000321s ]
SQL: SELECT `id`,`url` FROM `image` ORDER BY id LIMIT 0,10   [ RunTime:0.000355s ]
NOTIC: [8] Undefined variable: map /Users/Boolean93/www/timetravel/Admin/Application/Admin/Controller/ImageController.class.php 第 36 行.
INFO: [ view_parse ] --START--
INFO: [ template_filter ] --START--
INFO: Run Behavior\ContentReplaceBehavior [ RunTime:0.000127s ]
INFO: [ template_filter ] --END-- [ RunTime:0.000190s ]
INFO: Run Behavior\ParseTemplateBehavior [ RunTime:0.006611s ]
INFO: [ view_parse ] --END-- [ RunTime:0.006654s ]
INFO: [ view_filter ] --START--
INFO: Run Behavior\WriteHtmlCacheBehavior [ RunTime:0.000104s ]
INFO: [ view_filter ] --END-- [ RunTime:0.000128s ]
INFO: [ app_end ] --START--
INFO: Run Behavior\ShowPageTraceBehavior [ RunTime:0.000323s ]
INFO: [ app_end ] --END-- [ RunTime:0.000348s ]

