[ 2014-12-04T20:36:16+08:00 ] ::1 /timetravel/Admin/index.php?s=/Admin/Public/login.html
INFO: [ app_init ] --START--
INFO: Run Behavior\BuildLiteBehavior [ RunTime:0.000012s ]
INFO: Run Common\Behavior\InitHookBehavior [ RunTime:0.003472s ]
INFO: [ app_init ] --END-- [ RunTime:0.004163s ]
INFO: [ app_begin ] --START--
INFO: Run Behavior\ReadHtmlCacheBehavior [ RunTime:0.000848s ]
INFO: [ app_begin ] --END-- [ RunTime:0.000926s ]
INFO: [ view_parse ] --START--
INFO: [ template_filter ] --START--
INFO: Run Behavior\ContentReplaceBehavior [ RunTime:0.000064s ]
INFO: [ template_filter ] --END-- [ RunTime:0.000139s ]
INFO: Run Behavior\ParseTemplateBehavior [ RunTime:0.010375s ]
INFO: [ view_parse ] --END-- [ RunTime:0.010445s ]
INFO: [ view_filter ] --START--
INFO: Run Behavior\WriteHtmlCacheBehavior [ RunTime:0.000812s ]
INFO: [ view_filter ] --END-- [ RunTime:0.000870s ]
INFO: [ app_end ] --START--
INFO: Run Behavior\ShowPageTraceBehavior [ RunTime:0.000818s ]
INFO: [ app_end ] --END-- [ RunTime:0.000884s ]

[ 2014-12-04T20:36:18+08:00 ] ::1 /timetravel/Admin/index.php?s=/Admin/Public/login.html
INFO: [ app_init ] --START--
INFO: Run Behavior\BuildLiteBehavior [ RunTime:0.000011s ]
INFO: Run Common\Behavior\InitHookBehavior [ RunTime:0.001148s ]
INFO: [ app_init ] --END-- [ RunTime:0.001519s ]
INFO: [ app_begin ] --START--
INFO: Run Behavior\ReadHtmlCacheBehavior [ RunTime:0.000277s ]
INFO: [ app_begin ] --END-- [ RunTime:0.000318s ]
INFO: [ view_parse ] --START--
INFO: [ template_filter ] --START--
INFO: Run Behavior\ContentReplaceBehavior [ RunTime:0.000121s ]
INFO: [ template_filter ] --END-- [ RunTime:0.000206s ]
INFO: Run Behavior\ParseTemplateBehavior [ RunTime:0.006457s ]
INFO: [ view_parse ] --END-- [ RunTime:0.006518s ]
INFO: [ view_filter ] --START--
INFO: Run Behavior\WriteHtmlCacheBehavior [ RunTime:0.000189s ]
INFO: [ view_filter ] --END-- [ RunTime:0.000234s ]
INFO: [ app_end ] --START--
INFO: Run Behavior\ShowPageTraceBehavior [ RunTime:0.000889s ]
INFO: [ app_end ] --END-- [ RunTime:0.000965s ]

[ 2014-12-04T20:36:18+08:00 ] ::1 /timetravel/Admin/
INFO: [ app_init ] --START--
INFO: Run Behavior\BuildLiteBehavior [ RunTime:0.000008s ]
INFO: Run Common\Behavior\InitHookBehavior [ RunTime:0.000726s ]
INFO: [ app_init ] --END-- [ RunTime:0.000944s ]
INFO: [ app_begin ] --START--
INFO: Run Behavior\ReadHtmlCacheBehavior [ RunTime:0.000242s ]
INFO: [ app_begin ] --END-- [ RunTime:0.000273s ]

[ 2014-12-04T20:36:18+08:00 ] ::1 /timetravel/Admin/index.php?s=/admin/index/index.html
INFO: [ app_init ] --START--
INFO: Run Behavior\BuildLiteBehavior [ RunTime:0.000011s ]
INFO: Run Common\Behavior\InitHookBehavior [ RunTime:0.000991s ]
INFO: [ app_init ] --END-- [ RunTime:0.001291s ]
INFO: [ app_begin ] --START--
INFO: Run Behavior\ReadHtmlCacheBehavior [ RunTime:0.000461s ]
INFO: [ app_begin ] --END-- [ RunTime:0.000522s ]

[ 2014-12-04T20:36:18+08:00 ] ::1 /timetravel/Admin/index.php?s=/Admin/Public/login.html
INFO: [ app_init ] --START--
INFO: Run Behavior\BuildLiteBehavior [ RunTime:0.000011s ]
INFO: Run Common\Behavior\InitHookBehavior [ RunTime:0.000930s ]
INFO: [ app_init ] --END-- [ RunTime:0.001223s ]
INFO: [ app_begin ] --START--
INFO: Run Behavior\ReadHtmlCacheBehavior [ RunTime:0.000332s ]
INFO: [ app_begin ] --END-- [ RunTime:0.000376s ]
INFO: [ view_parse ] --START--
INFO: [ template_filter ] --START--
INFO: Run Behavior\ContentReplaceBehavior [ RunTime:0.000058s ]
INFO: [ template_filter ] --END-- [ RunTime:0.000121s ]
INFO: Run Behavior\ParseTemplateBehavior [ RunTime:0.006121s ]
INFO: [ view_parse ] --END-- [ RunTime:0.006181s ]
INFO: [ view_filter ] --START--
INFO: Run Behavior\WriteHtmlCacheBehavior [ RunTime:0.000168s ]
INFO: [ view_filter ] --END-- [ RunTime:0.000210s ]
INFO: [ app_end ] --START--
INFO: Run Behavior\ShowPageTraceBehavior [ RunTime:0.000514s ]
INFO: [ app_end ] --END-- [ RunTime:0.000564s ]

[ 2014-12-04T20:36:23+08:00 ] ::1 /timetravel/Admin/index.php?s=/Admin/Public/login.html
INFO: [ app_init ] --START--
INFO: Run Behavior\BuildLiteBehavior [ RunTime:0.000019s ]
INFO: Run Common\Behavior\InitHookBehavior [ RunTime:0.001608s ]
INFO: [ app_init ] --END-- [ RunTime:0.002185s ]
INFO: [ app_begin ] --START--
INFO: Run Behavior\ReadHtmlCacheBehavior [ RunTime:0.000506s ]
INFO: [ app_begin ] --END-- [ RunTime:0.000577s ]
SQL: SHOW COLUMNS FROM `member` [ RunTime:0.004984s ]
SQL: SELECT * FROM `member` WHERE ( `username` = 'admin' ) LIMIT 1   [ RunTime:0.000377s ]
SQL: UPDATE `member` SET `login`=75,`last_login_ip`='0.0.0.0',`last_login_time`=1417696583 WHERE ( `uid` = 1 ) [ RunTime:0.004669s ]
SQL: SHOW COLUMNS FROM `role` [ RunTime:0.004505s ]
SQL: SELECT `auth`,`status` FROM `role` WHERE ( id=1 ) LIMIT 1   [ RunTime:0.000422s ]
SQL: SHOW COLUMNS FROM `action` [ RunTime:0.004782s ]
SQL: SELECT * FROM `action` WHERE ( `name` = 'user_login' ) LIMIT 1   [ RunTime:0.000566s ]
SQL: SHOW COLUMNS FROM `action_log` [ RunTime:0.004790s ]
SQL: INSERT INTO `action_log` (`action_id`,`user_id`,`action_ip`,`model`,`record_id`,`create_time`,`remark`) VALUES (1,1,0,'Member',1,1417696583,'CoolHots在2014-12-04 20:36登录了后台') [ RunTime:0.003961s ]
SQL: SELECT * FROM `action` WHERE ( `name` = 'user_login' ) LIMIT 1   [ RunTime:0.000395s ]
NOTIC: [8] Undefined offset: 1 /Users/Boolean93/www/timetravel/Admin/Application/Common/Common/function.php 第 749 行.
NOTIC: [2] array_key_exists() expects parameter 2 to be array, null given /Users/Boolean93/www/timetravel/Admin/Application/Common/Common/function.php 第 749 行.
SQL: SELECT COUNT(*) AS tp_count FROM `action_log` WHERE ( `action_id` = 1 ) AND ( `user_id` = 1 ) AND ( `create_time` > 1417610183 ) LIMIT 1   [ RunTime:0.000580s ]
SQL: SHOW COLUMNS FROM `member` [ RunTime:0.001505s ]
NOTIC: [8] Undefined variable: set /Users/Boolean93/www/timetravel/Admin/ThinkPHP/Library/Think/Db.class.php 第 297 行.
NOTIC: [2] implode(): Invalid arguments passed /Users/Boolean93/www/timetravel/Admin/ThinkPHP/Library/Think/Db.class.php 第 297 行.
SQL: UPDATE `member` SET  WHERE ( uid=1 AND status>-1 ) [ RunTime:0.000825s ]
ERR: 1064:You have an error in your SQL syntax; check the manual that corresponds to your MySQL server version for the right syntax to use near 'WHERE ( uid=1 AND status>-1 )' at line 1
 [ SQL语句 ] : UPDATE `member` SET  WHERE ( uid=1 AND status>-1 )

[ 2014-12-04T20:36:24+08:00 ] ::1 /timetravel/Admin/index.php?s=/Admin/Index/index.html
INFO: [ app_init ] --START--
INFO: Run Behavior\BuildLiteBehavior [ RunTime:0.000019s ]
INFO: Run Common\Behavior\InitHookBehavior [ RunTime:0.000827s ]
INFO: [ app_init ] --END-- [ RunTime:0.001119s ]
INFO: [ app_begin ] --START--
INFO: Run Behavior\ReadHtmlCacheBehavior [ RunTime:0.000362s ]
INFO: [ app_begin ] --END-- [ RunTime:0.000409s ]
SQL: SHOW COLUMNS FROM `auth` [ RunTime:0.004988s ]
NOTIC: [8] Undefined variable: map /Users/Boolean93/www/timetravel/Admin/Application/Admin/Controller/IndexController.class.php 第 31 行.
SQL: SELECT * FROM `auth` ORDER BY sort  [ RunTime:0.000499s ]
SQL: SHOW COLUMNS FROM `addons` [ RunTime:0.005036s ]
SQL: SELECT `title`,`name` FROM `addons` WHERE ( status=1 AND has_adminlist=1 )  [ RunTime:0.000437s ]
NOTIC: [8] Undefined index: id /Users/Boolean93/www/timetravel/Admin/Application/Common/Common/function.php 第 312 行.
INFO: [ view_parse ] --START--
INFO: [ template_filter ] --START--
INFO: Run Behavior\ContentReplaceBehavior [ RunTime:0.000057s ]
INFO: [ template_filter ] --END-- [ RunTime:0.000114s ]
NOTIC: [8] Undefined index: id /Users/Boolean93/www/timetravel/Admin/#Runtime/Cache/Admin/b595b808c2ebeeeb0478ffc30bb4e87a.php 第 107 行.
INFO: Run Behavior\ParseTemplateBehavior [ RunTime:0.010556s ]
INFO: [ view_parse ] --END-- [ RunTime:0.010597s ]
INFO: [ view_filter ] --START--
INFO: Run Behavior\WriteHtmlCacheBehavior [ RunTime:0.000104s ]
INFO: [ view_filter ] --END-- [ RunTime:0.000127s ]
INFO: [ app_end ] --START--
INFO: Run Behavior\ShowPageTraceBehavior [ RunTime:0.000310s ]
INFO: [ app_end ] --END-- [ RunTime:0.000338s ]

[ 2014-12-04T20:36:24+08:00 ] ::1 /timetravel/Admin/index.php?s=/admin/index/center.html
INFO: [ app_init ] --START--
INFO: Run Behavior\BuildLiteBehavior [ RunTime:0.000012s ]
INFO: Run Common\Behavior\InitHookBehavior [ RunTime:0.001214s ]
INFO: [ app_init ] --END-- [ RunTime:0.001617s ]
INFO: [ app_begin ] --START--
INFO: Run Behavior\ReadHtmlCacheBehavior [ RunTime:0.000558s ]
INFO: [ app_begin ] --END-- [ RunTime:0.000632s ]
INFO: [ view_parse ] --START--
INFO: [ template_filter ] --START--
INFO: Run Behavior\ContentReplaceBehavior [ RunTime:0.000040s ]
INFO: [ template_filter ] --END-- [ RunTime:0.000091s ]
INFO: Run Behavior\ParseTemplateBehavior [ RunTime:0.006703s ]
INFO: [ view_parse ] --END-- [ RunTime:0.006754s ]
INFO: [ view_filter ] --START--
INFO: Run Behavior\WriteHtmlCacheBehavior [ RunTime:0.000108s ]
INFO: [ view_filter ] --END-- [ RunTime:0.000134s ]
INFO: [ app_end ] --START--
INFO: Run Behavior\ShowPageTraceBehavior [ RunTime:0.000333s ]
INFO: [ app_end ] --END-- [ RunTime:0.000383s ]

[ 2014-12-04T20:37:10+08:00 ] 127.0.0.1 /timetravel/Admin/index.php?s=/Admin/Index/index.html
INFO: [ app_init ] --START--
INFO: Run Behavior\BuildLiteBehavior [ RunTime:0.000015s ]
INFO: Run Common\Behavior\InitHookBehavior [ RunTime:0.001829s ]
INFO: [ app_init ] --END-- [ RunTime:0.002480s ]
INFO: [ app_begin ] --START--
INFO: Run Behavior\ReadHtmlCacheBehavior [ RunTime:0.000526s ]
INFO: [ app_begin ] --END-- [ RunTime:0.000599s ]
SQL: SHOW COLUMNS FROM `auth` [ RunTime:0.429164s ]
NOTIC: [8] Undefined variable: map /Users/Boolean93/www/timetravel/Admin/Application/Admin/Controller/IndexController.class.php 第 31 行.
SQL: SELECT * FROM `auth` ORDER BY sort  [ RunTime:0.000633s ]
SQL: SHOW COLUMNS FROM `addons` [ RunTime:0.004321s ]
SQL: SELECT `title`,`name` FROM `addons` WHERE ( status=1 AND has_adminlist=1 )  [ RunTime:0.000420s ]
NOTIC: [8] Undefined index: id /Users/Boolean93/www/timetravel/Admin/Application/Common/Common/function.php 第 312 行.
INFO: [ view_parse ] --START--
INFO: [ template_filter ] --START--
INFO: Run Behavior\ContentReplaceBehavior [ RunTime:0.000067s ]
INFO: [ template_filter ] --END-- [ RunTime:0.000117s ]
NOTIC: [8] Undefined index: id /Users/Boolean93/www/timetravel/Admin/#Runtime/Cache/Admin/b595b808c2ebeeeb0478ffc30bb4e87a.php 第 107 行.
INFO: Run Behavior\ParseTemplateBehavior [ RunTime:0.012385s ]
INFO: [ view_parse ] --END-- [ RunTime:0.012443s ]
INFO: [ view_filter ] --START--
INFO: Run Behavior\WriteHtmlCacheBehavior [ RunTime:0.000226s ]
INFO: [ view_filter ] --END-- [ RunTime:0.000259s ]
INFO: [ app_end ] --START--
INFO: Run Behavior\ShowPageTraceBehavior [ RunTime:0.000568s ]
INFO: [ app_end ] --END-- [ RunTime:0.000611s ]

[ 2014-12-04T20:37:10+08:00 ] 127.0.0.1 /timetravel/Admin/index.php?s=/admin/index/center.html
INFO: [ app_init ] --START--
INFO: Run Behavior\BuildLiteBehavior [ RunTime:0.000011s ]
INFO: Run Common\Behavior\InitHookBehavior [ RunTime:0.001103s ]
INFO: [ app_init ] --END-- [ RunTime:0.001378s ]
INFO: [ app_begin ] --START--
INFO: Run Behavior\ReadHtmlCacheBehavior [ RunTime:0.001169s ]
INFO: [ app_begin ] --END-- [ RunTime:0.001372s ]
INFO: [ view_parse ] --START--
INFO: [ template_filter ] --START--
INFO: Run Behavior\ContentReplaceBehavior [ RunTime:0.000040s ]
INFO: [ template_filter ] --END-- [ RunTime:0.000087s ]
INFO: Run Behavior\ParseTemplateBehavior [ RunTime:0.003686s ]
INFO: [ view_parse ] --END-- [ RunTime:0.003752s ]
INFO: [ view_filter ] --START--
INFO: Run Behavior\WriteHtmlCacheBehavior [ RunTime:0.000186s ]
INFO: [ view_filter ] --END-- [ RunTime:0.000224s ]
INFO: [ app_end ] --START--
INFO: Run Behavior\ShowPageTraceBehavior [ RunTime:0.000343s ]
INFO: [ app_end ] --END-- [ RunTime:0.000376s ]

[ 2014-12-04T20:37:11+08:00 ] 127.0.0.1 /timetravel/Admin/index.php?s=/admin/article/index.html
INFO: [ app_init ] --START--
INFO: Run Behavior\BuildLiteBehavior [ RunTime:0.000009s ]
INFO: Run Common\Behavior\InitHookBehavior [ RunTime:0.001133s ]
INFO: [ app_init ] --END-- [ RunTime:0.001373s ]
INFO: [ app_begin ] --START--
INFO: Run Behavior\ReadHtmlCacheBehavior [ RunTime:0.000515s ]
INFO: [ app_begin ] --END-- [ RunTime:0.000583s ]
NOTIC: [8] Undefined variable: map /Users/Boolean93/www/timetravel/Admin/Application/Admin/Controller/ArticleController.class.php 第 34 行.
SQL: SHOW COLUMNS FROM `article` [ RunTime:0.006577s ]
SQL: SELECT COUNT(*) AS tp_count FROM `article` WHERE ( `status` >= 0 ) LIMIT 1   [ RunTime:0.000438s ]
SQL: SELECT `id`,`title`,`content`,`header_img`,`type`,`create_time`,`click`,`good`,`reply`,`status` FROM `article` WHERE ( `status` >= 0 ) ORDER BY id LIMIT 0,10   [ RunTime:0.000501s ]
NOTIC: [8] Undefined variable: map /Users/Boolean93/www/timetravel/Admin/Application/Admin/Controller/ArticleController.class.php 第 36 行.
INFO: [ view_parse ] --START--
INFO: [ template_filter ] --START--
INFO: Run Behavior\ContentReplaceBehavior [ RunTime:0.000078s ]
INFO: [ template_filter ] --END-- [ RunTime:0.000147s ]
NOTIC: [2] date() expects parameter 2 to be long, string given /Users/Boolean93/www/timetravel/Admin/#Runtime/Cache/Admin/7a4184ffe8f804b12b2e7f8851dd8f7d.php 第 46 行.
INFO: Run Behavior\ParseTemplateBehavior [ RunTime:0.009584s ]
INFO: [ view_parse ] --END-- [ RunTime:0.009636s ]
INFO: [ view_filter ] --START--
INFO: Run Behavior\WriteHtmlCacheBehavior [ RunTime:0.000173s ]
INFO: [ view_filter ] --END-- [ RunTime:0.000216s ]
INFO: [ app_end ] --START--
INFO: Run Behavior\ShowPageTraceBehavior [ RunTime:0.000523s ]
INFO: [ app_end ] --END-- [ RunTime:0.000572s ]

[ 2014-12-04T20:37:13+08:00 ] 127.0.0.1 /timetravel/Admin/index.php?s=/Admin/Article/add.html
INFO: [ app_init ] --START--
INFO: Run Behavior\BuildLiteBehavior [ RunTime:0.000009s ]
INFO: Run Common\Behavior\InitHookBehavior [ RunTime:0.000703s ]
INFO: [ app_init ] --END-- [ RunTime:0.000925s ]
INFO: [ app_begin ] --START--
INFO: Run Behavior\ReadHtmlCacheBehavior [ RunTime:0.000245s ]
INFO: [ app_begin ] --END-- [ RunTime:0.000277s ]
SQL: SHOW COLUMNS FROM `category` [ RunTime:0.004841s ]
SQL: SELECT `cid`,`title`,`ename`,`pid`,`type`,`keywords`,`description`,`content`,`status`,`sort` FROM `category`  [ RunTime:0.000375s ]
INFO: [ view_parse ] --START--
INFO: [ template_filter ] --START--
INFO: Run Behavior\ContentReplaceBehavior [ RunTime:0.000048s ]
INFO: [ template_filter ] --END-- [ RunTime:0.000083s ]
INFO: Run Behavior\ParseTemplateBehavior [ RunTime:0.007069s ]
INFO: [ view_parse ] --END-- [ RunTime:0.007113s ]
INFO: [ view_filter ] --START--
INFO: Run Behavior\WriteHtmlCacheBehavior [ RunTime:0.000095s ]
INFO: [ view_filter ] --END-- [ RunTime:0.000120s ]
INFO: [ app_end ] --START--
INFO: Run Behavior\ShowPageTraceBehavior [ RunTime:0.000446s ]
INFO: [ app_end ] --END-- [ RunTime:0.000485s ]

[ 2014-12-04T20:39:48+08:00 ] 127.0.0.1 /timetravel/Admin/index.php?s=/Admin/Index/index.html
SQL: SHOW COLUMNS FROM `auth` [ RunTime:0.002082s ]
NOTIC: [8] Undefined variable: map /Users/Boolean93/www/timetravel/Admin/Application/Admin/Controller/IndexController.class.php 第 31 行.
SQL: SELECT * FROM `auth` ORDER BY sort  [ RunTime:0.000458s ]
SQL: SHOW COLUMNS FROM `addons` [ RunTime:0.001393s ]
SQL: SELECT `title`,`name` FROM `addons` WHERE ( status=1 AND has_adminlist=1 )  [ RunTime:0.000356s ]
NOTIC: [8] Undefined index: id /Users/Boolean93/www/timetravel/Admin/Application/Common/Common/function.php 第 312 行.
INFO: [ view_parse ] --START--
INFO: [ template_filter ] --START--
INFO: Run Behavior\ContentReplaceBehavior [ RunTime:0.000052s ]
INFO: [ template_filter ] --END-- [ RunTime:0.000165s ]
NOTIC: [8] Undefined index: id /Users/Boolean93/www/timetravel/Admin/#Runtime/Cache/Admin/b595b808c2ebeeeb0478ffc30bb4e87a.php 第 107 行.
INFO: Run Behavior\ParseTemplateBehavior [ RunTime:0.009827s ]
INFO: [ view_parse ] --END-- [ RunTime:0.009868s ]
INFO: [ view_filter ] --START--
INFO: Run Behavior\WriteHtmlCacheBehavior [ RunTime:0.000110s ]
INFO: [ view_filter ] --END-- [ RunTime:0.000133s ]
INFO: [ app_end ] --START--
INFO: Run Behavior\ShowPageTraceBehavior [ RunTime:0.000384s ]
INFO: [ app_end ] --END-- [ RunTime:0.000435s ]

[ 2014-12-04T20:39:48+08:00 ] 127.0.0.1 /timetravel/Admin/index.php?s=/admin/index/center.html
INFO: [ view_parse ] --START--
INFO: [ template_filter ] --START--
INFO: Run Behavior\ContentReplaceBehavior [ RunTime:0.000062s ]
INFO: [ template_filter ] --END-- [ RunTime:0.000152s ]
INFO: Run Behavior\ParseTemplateBehavior [ RunTime:0.007627s ]
INFO: [ view_parse ] --END-- [ RunTime:0.008071s ]
INFO: [ view_filter ] --START--
INFO: Run Behavior\WriteHtmlCacheBehavior [ RunTime:0.000174s ]
INFO: [ view_filter ] --END-- [ RunTime:0.000219s ]
INFO: [ app_end ] --START--
INFO: Run Behavior\ShowPageTraceBehavior [ RunTime:0.000652s ]
INFO: [ app_end ] --END-- [ RunTime:0.000736s ]

[ 2014-12-04T20:39:52+08:00 ] 127.0.0.1 /timetravel/Admin/index.php?s=/admin/article/index.html
NOTIC: [8] Undefined variable: map /Users/Boolean93/www/timetravel/Admin/Application/Admin/Controller/ArticleController.class.php 第 34 行.
SQL: SHOW COLUMNS FROM `article` [ RunTime:0.002668s ]
SQL: SELECT COUNT(*) AS tp_count FROM `article` WHERE ( `status` >= 0 ) LIMIT 1   [ RunTime:0.000270s ]
SQL: SELECT `id`,`title`,`content`,`header_img`,`type`,`create_time`,`click`,`good`,`reply`,`status` FROM `article` WHERE ( `status` >= 0 ) ORDER BY id LIMIT 0,10   [ RunTime:0.000319s ]
NOTIC: [8] Undefined variable: map /Users/Boolean93/www/timetravel/Admin/Application/Admin/Controller/ArticleController.class.php 第 36 行.
INFO: [ view_parse ] --START--
INFO: [ template_filter ] --START--
INFO: Run Behavior\ContentReplaceBehavior [ RunTime:0.000043s ]
INFO: [ template_filter ] --END-- [ RunTime:0.000075s ]
NOTIC: [2] date() expects parameter 2 to be long, string given /Users/Boolean93/www/timetravel/Admin/#Runtime/Cache/Admin/7a4184ffe8f804b12b2e7f8851dd8f7d.php 第 46 行.
INFO: Run Behavior\ParseTemplateBehavior [ RunTime:0.005634s ]
INFO: [ view_parse ] --END-- [ RunTime:0.005665s ]
INFO: [ view_filter ] --START--
INFO: Run Behavior\WriteHtmlCacheBehavior [ RunTime:0.000092s ]
INFO: [ view_filter ] --END-- [ RunTime:0.000115s ]
INFO: [ app_end ] --START--
INFO: Run Behavior\ShowPageTraceBehavior [ RunTime:0.000286s ]
INFO: [ app_end ] --END-- [ RunTime:0.000312s ]

[ 2014-12-04T20:41:18+08:00 ] 127.0.0.1 /timetravel/Admin/index.php?s=/Admin/Index/index.html
INFO: [ app_init ] --START--
INFO: Run Behavior\BuildLiteBehavior [ RunTime:0.000011s ]
INFO: Run Common\Behavior\InitHookBehavior [ RunTime:0.001028s ]
INFO: [ app_init ] --END-- [ RunTime:0.001339s ]
SQL: SHOW COLUMNS FROM `auth` [ RunTime:0.002426s ]
NOTIC: [8] Undefined variable: map /Users/Boolean93/www/timetravel/Admin/Application/Admin/Controller/IndexController.class.php 第 31 行.
SQL: SELECT * FROM `auth` ORDER BY sort  [ RunTime:0.000632s ]
SQL: SHOW COLUMNS FROM `addons` [ RunTime:0.001962s ]
SQL: SELECT `title`,`name` FROM `addons` WHERE ( status=1 AND has_adminlist=1 )  [ RunTime:0.000333s ]
NOTIC: [8] Undefined index: id /Users/Boolean93/www/timetravel/Admin/Application/Common/Common/function.php 第 312 行.
INFO: [ view_parse ] --START--
INFO: [ template_filter ] --START--
INFO: Run Behavior\ContentReplaceBehavior [ RunTime:0.000065s ]
INFO: [ template_filter ] --END-- [ RunTime:0.000125s ]
NOTIC: [8] Undefined index: id /Users/Boolean93/www/timetravel/Admin/#Runtime/Cache/Admin/b595b808c2ebeeeb0478ffc30bb4e87a.php 第 107 行.
INFO: Run Behavior\ParseTemplateBehavior [ RunTime:0.013148s ]
INFO: [ view_parse ] --END-- [ RunTime:0.013248s ]
INFO: [ view_filter ] --START--
INFO: Run Behavior\WriteHtmlCacheBehavior [ RunTime:0.000218s ]
INFO: [ view_filter ] --END-- [ RunTime:0.000263s ]
INFO: [ app_end ] --START--
INFO: Run Behavior\ShowPageTraceBehavior [ RunTime:0.000571s ]
INFO: [ app_end ] --END-- [ RunTime:0.000629s ]

[ 2014-12-04T20:41:18+08:00 ] 127.0.0.1 /timetravel/Admin/index.php?s=/admin/index/center.html
INFO: [ app_init ] --START--
INFO: Run Behavior\BuildLiteBehavior [ RunTime:0.000011s ]
INFO: Run Common\Behavior\InitHookBehavior [ RunTime:0.000849s ]
INFO: [ app_init ] --END-- [ RunTime:0.001146s ]
INFO: [ view_parse ] --START--
INFO: [ template_filter ] --START--
INFO: Run Behavior\ContentReplaceBehavior [ RunTime:0.000059s ]
INFO: [ template_filter ] --END-- [ RunTime:0.000133s ]
INFO: Run Behavior\ParseTemplateBehavior [ RunTime:0.003901s ]
INFO: [ view_parse ] --END-- [ RunTime:0.003956s ]
INFO: [ view_filter ] --START--
INFO: Run Behavior\WriteHtmlCacheBehavior [ RunTime:0.000115s ]
INFO: [ view_filter ] --END-- [ RunTime:0.000142s ]
INFO: [ app_end ] --START--
INFO: Run Behavior\ShowPageTraceBehavior [ RunTime:0.000342s ]
INFO: [ app_end ] --END-- [ RunTime:0.000370s ]

[ 2014-12-04T20:41:19+08:00 ] 127.0.0.1 /timetravel/Admin/index.php?s=/admin/article/index.html
INFO: [ app_init ] --START--
INFO: Run Behavior\BuildLiteBehavior [ RunTime:0.000009s ]
INFO: Run Common\Behavior\InitHookBehavior [ RunTime:0.000740s ]
INFO: [ app_init ] --END-- [ RunTime:0.000960s ]
NOTIC: [8] Undefined variable: map /Users/Boolean93/www/timetravel/Admin/Application/Admin/Controller/ArticleController.class.php 第 34 行.
SQL: SHOW COLUMNS FROM `article` [ RunTime:0.002475s ]
SQL: SELECT COUNT(*) AS tp_count FROM `article` WHERE ( `status` >= 0 ) LIMIT 1   [ RunTime:0.000279s ]
SQL: SELECT `id`,`title`,`content`,`header_img`,`type`,`create_time`,`click`,`good`,`reply`,`status` FROM `article` WHERE ( `status` >= 0 ) ORDER BY id LIMIT 0,10   [ RunTime:0.000359s ]
NOTIC: [8] Undefined variable: map /Users/Boolean93/www/timetravel/Admin/Application/Admin/Controller/ArticleController.class.php 第 36 行.
INFO: [ view_parse ] --START--
INFO: [ template_filter ] --START--
INFO: Run Behavior\ContentReplaceBehavior [ RunTime:0.000046s ]
INFO: [ template_filter ] --END-- [ RunTime:0.000087s ]
NOTIC: [2] date() expects parameter 2 to be long, string given /Users/Boolean93/www/timetravel/Admin/#Runtime/Cache/Admin/7a4184ffe8f804b12b2e7f8851dd8f7d.php 第 46 行.
INFO: Run Behavior\ParseTemplateBehavior [ RunTime:0.005854s ]
INFO: [ view_parse ] --END-- [ RunTime:0.005886s ]
INFO: [ view_filter ] --START--
INFO: Run Behavior\WriteHtmlCacheBehavior [ RunTime:0.000088s ]
INFO: [ view_filter ] --END-- [ RunTime:0.000111s ]
INFO: [ app_end ] --START--
INFO: Run Behavior\ShowPageTraceBehavior [ RunTime:0.000277s ]
INFO: [ app_end ] --END-- [ RunTime:0.000301s ]

[ 2014-12-04T20:41:21+08:00 ] 127.0.0.1 /timetravel/Admin/index.php?s=/Admin/Index/index.html
INFO: [ app_init ] --START--
INFO: Run Behavior\BuildLiteBehavior [ RunTime:0.000011s ]
INFO: Run Common\Behavior\InitHookBehavior [ RunTime:0.000870s ]
INFO: [ app_init ] --END-- [ RunTime:0.001134s ]
SQL: SHOW COLUMNS FROM `auth` [ RunTime:0.001788s ]
NOTIC: [8] Undefined variable: map /Users/Boolean93/www/timetravel/Admin/Application/Admin/Controller/IndexController.class.php 第 31 行.
SQL: SELECT * FROM `auth` ORDER BY sort  [ RunTime:0.000455s ]
SQL: SHOW COLUMNS FROM `addons` [ RunTime:0.002184s ]
SQL: SELECT `title`,`name` FROM `addons` WHERE ( status=1 AND has_adminlist=1 )  [ RunTime:0.000499s ]
NOTIC: [8] Undefined index: id /Users/Boolean93/www/timetravel/Admin/Application/Common/Common/function.php 第 312 行.
INFO: [ view_parse ] --START--
INFO: [ template_filter ] --START--
INFO: Run Behavior\ContentReplaceBehavior [ RunTime:0.000088s ]
INFO: [ template_filter ] --END-- [ RunTime:0.000157s ]
NOTIC: [8] Undefined index: id /Users/Boolean93/www/timetravel/Admin/#Runtime/Cache/Admin/b595b808c2ebeeeb0478ffc30bb4e87a.php 第 107 行.
INFO: Run Behavior\ParseTemplateBehavior [ RunTime:0.009379s ]
INFO: [ view_parse ] --END-- [ RunTime:0.009460s ]
INFO: [ view_filter ] --START--
INFO: Run Behavior\WriteHtmlCacheBehavior [ RunTime:0.000154s ]
INFO: [ view_filter ] --END-- [ RunTime:0.000182s ]
INFO: [ app_end ] --START--
INFO: Run Behavior\ShowPageTraceBehavior [ RunTime:0.000455s ]
INFO: [ app_end ] --END-- [ RunTime:0.000496s ]

[ 2014-12-04T20:41:21+08:00 ] 127.0.0.1 /timetravel/Admin/index.php?s=/admin/index/center.html
INFO: [ app_init ] --START--
INFO: Run Behavior\BuildLiteBehavior [ RunTime:0.000010s ]
INFO: Run Common\Behavior\InitHookBehavior [ RunTime:0.000833s ]
INFO: [ app_init ] --END-- [ RunTime:0.001106s ]
INFO: [ view_parse ] --START--
INFO: [ template_filter ] --START--
INFO: Run Behavior\ContentReplaceBehavior [ RunTime:0.000041s ]
INFO: [ template_filter ] --END-- [ RunTime:0.000092s ]
INFO: Run Behavior\ParseTemplateBehavior [ RunTime:0.004047s ]
INFO: [ view_parse ] --END-- [ RunTime:0.004097s ]
INFO: [ view_filter ] --START--
INFO: Run Behavior\WriteHtmlCacheBehavior [ RunTime:0.000110s ]
INFO: [ view_filter ] --END-- [ RunTime:0.000139s ]
INFO: [ app_end ] --START--
INFO: Run Behavior\ShowPageTraceBehavior [ RunTime:0.000348s ]
INFO: [ app_end ] --END-- [ RunTime:0.000383s ]

[ 2014-12-04T20:41:22+08:00 ] 127.0.0.1 /timetravel/Admin/index.php?s=/Admin/Index/index.html
INFO: [ app_init ] --START--
INFO: Run Behavior\BuildLiteBehavior [ RunTime:0.000011s ]
INFO: Run Common\Behavior\InitHookBehavior [ RunTime:0.001147s ]
INFO: [ app_init ] --END-- [ RunTime:0.001421s ]
SQL: SHOW COLUMNS FROM `auth` [ RunTime:0.002476s ]
NOTIC: [8] Undefined variable: map /Users/Boolean93/www/timetravel/Admin/Application/Admin/Controller/IndexController.class.php 第 31 行.
SQL: SELECT * FROM `auth` ORDER BY sort  [ RunTime:0.000955s ]
SQL: SHOW COLUMNS FROM `addons` [ RunTime:0.001634s ]
SQL: SELECT `title`,`name` FROM `addons` WHERE ( status=1 AND has_adminlist=1 )  [ RunTime:0.000272s ]
NOTIC: [8] Undefined index: id /Users/Boolean93/www/timetravel/Admin/Application/Common/Common/function.php 第 312 行.
INFO: [ view_parse ] --START--
INFO: [ template_filter ] --START--
INFO: Run Behavior\ContentReplaceBehavior [ RunTime:0.000049s ]
INFO: [ template_filter ] --END-- [ RunTime:0.000087s ]
NOTIC: [8] Undefined index: id /Users/Boolean93/www/timetravel/Admin/#Runtime/Cache/Admin/b595b808c2ebeeeb0478ffc30bb4e87a.php 第 107 行.
INFO: Run Behavior\ParseTemplateBehavior [ RunTime:0.007153s ]
INFO: [ view_parse ] --END-- [ RunTime:0.007183s ]
INFO: [ view_filter ] --START--
INFO: Run Behavior\WriteHtmlCacheBehavior [ RunTime:0.000123s ]
INFO: [ view_filter ] --END-- [ RunTime:0.000150s ]
INFO: [ app_end ] --START--
INFO: Run Behavior\ShowPageTraceBehavior [ RunTime:0.000354s ]
INFO: [ app_end ] --END-- [ RunTime:0.000385s ]

[ 2014-12-04T20:41:22+08:00 ] 127.0.0.1 /timetravel/Admin/index.php?s=/admin/index/center.html
INFO: [ app_init ] --START--
INFO: Run Behavior\BuildLiteBehavior [ RunTime:0.000019s ]
INFO: Run Common\Behavior\InitHookBehavior [ RunTime:0.001933s ]
INFO: [ app_init ] --END-- [ RunTime:0.002620s ]
INFO: [ view_parse ] --START--
INFO: [ template_filter ] --START--
INFO: Run Behavior\ContentReplaceBehavior [ RunTime:0.000055s ]
INFO: [ template_filter ] --END-- [ RunTime:0.000125s ]
INFO: Run Behavior\ParseTemplateBehavior [ RunTime:0.003490s ]
INFO: [ view_parse ] --END-- [ RunTime:0.003537s ]
INFO: [ view_filter ] --START--
INFO: Run Behavior\WriteHtmlCacheBehavior [ RunTime:0.000108s ]
INFO: [ view_filter ] --END-- [ RunTime:0.000135s ]
INFO: [ app_end ] --START--
INFO: Run Behavior\ShowPageTraceBehavior [ RunTime:0.000341s ]
INFO: [ app_end ] --END-- [ RunTime:0.000371s ]

[ 2014-12-04T20:41:27+08:00 ] 127.0.0.1 /timetravel/Admin/index.php?s=/Admin/Index/index.html
INFO: [ app_init ] --START--
INFO: Run Behavior\BuildLiteBehavior [ RunTime:0.000013s ]
INFO: Run Common\Behavior\InitHookBehavior [ RunTime:0.000953s ]
INFO: [ app_init ] --END-- [ RunTime:0.001283s ]
SQL: SHOW COLUMNS FROM `auth` [ RunTime:0.001967s ]
NOTIC: [8] Undefined variable: map /Users/Boolean93/www/timetravel/Admin/Application/Admin/Controller/IndexController.class.php 第 31 行.
SQL: SELECT * FROM `auth` ORDER BY sort  [ RunTime:0.000688s ]
SQL: SHOW COLUMNS FROM `addons` [ RunTime:0.001686s ]
SQL: SELECT `title`,`name` FROM `addons` WHERE ( status=1 AND has_adminlist=1 )  [ RunTime:0.000380s ]
NOTIC: [8] Undefined index: id /Users/Boolean93/www/timetravel/Admin/Application/Common/Common/function.php 第 312 行.
INFO: [ view_parse ] --START--
INFO: [ template_filter ] --START--
INFO: Run Behavior\ContentReplaceBehavior [ RunTime:0.000054s ]
INFO: [ template_filter ] --END-- [ RunTime:0.000103s ]
NOTIC: [8] Undefined index: id /Users/Boolean93/www/timetravel/Admin/#Runtime/Cache/Admin/b595b808c2ebeeeb0478ffc30bb4e87a.php 第 107 行.
INFO: Run Behavior\ParseTemplateBehavior [ RunTime:0.009717s ]
INFO: [ view_parse ] --END-- [ RunTime:0.009770s ]
INFO: [ view_filter ] --START--
INFO: Run Behavior\WriteHtmlCacheBehavior [ RunTime:0.000116s ]
INFO: [ view_filter ] --END-- [ RunTime:0.000143s ]
INFO: [ app_end ] --START--
INFO: Run Behavior\ShowPageTraceBehavior [ RunTime:0.000342s ]
INFO: [ app_end ] --END-- [ RunTime:0.000375s ]

[ 2014-12-04T20:41:27+08:00 ] 127.0.0.1 /timetravel/Admin/index.php?s=/admin/index/center.html
INFO: [ app_init ] --START--
INFO: Run Behavior\BuildLiteBehavior [ RunTime:0.000014s ]
INFO: Run Common\Behavior\InitHookBehavior [ RunTime:0.001244s ]
INFO: [ app_init ] --END-- [ RunTime:0.001621s ]
INFO: [ view_parse ] --START--
INFO: [ template_filter ] --START--
INFO: Run Behavior\ContentReplaceBehavior [ RunTime:0.000040s ]
INFO: [ template_filter ] --END-- [ RunTime:0.000087s ]
INFO: Run Behavior\ParseTemplateBehavior [ RunTime:0.009365s ]
INFO: [ view_parse ] --END-- [ RunTime:0.009422s ]
INFO: [ view_filter ] --START--
INFO: Run Behavior\WriteHtmlCacheBehavior [ RunTime:0.000112s ]
INFO: [ view_filter ] --END-- [ RunTime:0.000139s ]
INFO: [ app_end ] --START--
INFO: Run Behavior\ShowPageTraceBehavior [ RunTime:0.000329s ]
INFO: [ app_end ] --END-- [ RunTime:0.000358s ]

[ 2014-12-04T20:41:32+08:00 ] 127.0.0.1 /timetravel/Admin/index.php?s=/Admin/Index/index.html
INFO: [ app_init ] --START--
INFO: Run Behavior\BuildLiteBehavior [ RunTime:0.000009s ]
INFO: Run Common\Behavior\InitHookBehavior [ RunTime:0.000705s ]
INFO: [ app_init ] --END-- [ RunTime:0.000931s ]
SQL: SHOW COLUMNS FROM `auth` [ RunTime:0.001146s ]
NOTIC: [8] Undefined variable: map /Users/Boolean93/www/timetravel/Admin/Application/Admin/Controller/IndexController.class.php 第 31 行.
SQL: SELECT * FROM `auth` ORDER BY sort  [ RunTime:0.000350s ]
SQL: SHOW COLUMNS FROM `addons` [ RunTime:0.001204s ]
SQL: SELECT `title`,`name` FROM `addons` WHERE ( status=1 AND has_adminlist=1 )  [ RunTime:0.000297s ]
NOTIC: [8] Undefined index: id /Users/Boolean93/www/timetravel/Admin/Application/Common/Common/function.php 第 312 行.
INFO: [ view_parse ] --START--
INFO: [ template_filter ] --START--
INFO: Run Behavior\ContentReplaceBehavior [ RunTime:0.000058s ]
INFO: [ template_filter ] --END-- [ RunTime:0.000119s ]
NOTIC: [8] Undefined index: id /Users/Boolean93/www/timetravel/Admin/#Runtime/Cache/Admin/b595b808c2ebeeeb0478ffc30bb4e87a.php 第 107 行.
INFO: Run Behavior\ParseTemplateBehavior [ RunTime:0.007019s ]
INFO: [ view_parse ] --END-- [ RunTime:0.007054s ]
INFO: [ view_filter ] --START--
INFO: Run Behavior\WriteHtmlCacheBehavior [ RunTime:0.000102s ]
INFO: [ view_filter ] --END-- [ RunTime:0.000125s ]
INFO: [ app_end ] --START--
INFO: Run Behavior\ShowPageTraceBehavior [ RunTime:0.000287s ]
INFO: [ app_end ] --END-- [ RunTime:0.000314s ]

[ 2014-12-04T20:41:32+08:00 ] 127.0.0.1 /timetravel/Admin/index.php?s=/admin/index/center.html
INFO: [ app_init ] --START--
INFO: Run Behavior\BuildLiteBehavior [ RunTime:0.000009s ]
INFO: Run Common\Behavior\InitHookBehavior [ RunTime:0.000805s ]
INFO: [ app_init ] --END-- [ RunTime:0.001083s ]
INFO: [ view_parse ] --START--
INFO: [ template_filter ] --START--
INFO: Run Behavior\ContentReplaceBehavior [ RunTime:0.000039s ]
INFO: [ template_filter ] --END-- [ RunTime:0.000085s ]
INFO: Run Behavior\ParseTemplateBehavior [ RunTime:0.003470s ]
INFO: [ view_parse ] --END-- [ RunTime:0.003511s ]
INFO: [ view_filter ] --START--
INFO: Run Behavior\WriteHtmlCacheBehavior [ RunTime:0.000105s ]
INFO: [ view_filter ] --END-- [ RunTime:0.000131s ]
INFO: [ app_end ] --START--
INFO: Run Behavior\ShowPageTraceBehavior [ RunTime:0.000320s ]
INFO: [ app_end ] --END-- [ RunTime:0.000347s ]

[ 2014-12-04T20:41:32+08:00 ] 127.0.0.1 /timetravel/Admin/
INFO: [ app_init ] --START--
INFO: Run Behavior\BuildLiteBehavior [ RunTime:0.000011s ]
INFO: Run Common\Behavior\InitHookBehavior [ RunTime:0.000946s ]
INFO: [ app_init ] --END-- [ RunTime:0.001233s ]
INFO: [ app_begin ] --START--
INFO: Run Behavior\ReadHtmlCacheBehavior [ RunTime:0.000266s ]
INFO: [ app_begin ] --END-- [ RunTime:0.000297s ]

[ 2014-12-04T20:41:32+08:00 ] 127.0.0.1 /timetravel/Admin/index.php?s=/admin/index/index.html
INFO: [ app_init ] --START--
INFO: Run Behavior\BuildLiteBehavior [ RunTime:0.000009s ]
INFO: Run Common\Behavior\InitHookBehavior [ RunTime:0.000712s ]
INFO: [ app_init ] --END-- [ RunTime:0.000928s ]
SQL: SHOW COLUMNS FROM `auth` [ RunTime:0.001411s ]
NOTIC: [8] Undefined variable: map /Users/Boolean93/www/timetravel/Admin/Application/Admin/Controller/IndexController.class.php 第 31 行.
SQL: SELECT * FROM `auth` ORDER BY sort  [ RunTime:0.000478s ]
SQL: SHOW COLUMNS FROM `addons` [ RunTime:0.001297s ]
SQL: SELECT `title`,`name` FROM `addons` WHERE ( status=1 AND has_adminlist=1 )  [ RunTime:0.000271s ]
NOTIC: [8] Undefined index: id /Users/Boolean93/www/timetravel/Admin/Application/Common/Common/function.php 第 312 行.
INFO: [ view_parse ] --START--
INFO: [ template_filter ] --START--
INFO: Run Behavior\ContentReplaceBehavior [ RunTime:0.000050s ]
INFO: [ template_filter ] --END-- [ RunTime:0.000083s ]
NOTIC: [8] Undefined index: id /Users/Boolean93/www/timetravel/Admin/#Runtime/Cache/Admin/b595b808c2ebeeeb0478ffc30bb4e87a.php 第 107 行.
INFO: Run Behavior\ParseTemplateBehavior [ RunTime:0.006624s ]
INFO: [ view_parse ] --END-- [ RunTime:0.006655s ]
INFO: [ view_filter ] --START--
INFO: Run Behavior\WriteHtmlCacheBehavior [ RunTime:0.000106s ]
INFO: [ view_filter ] --END-- [ RunTime:0.000128s ]
INFO: [ app_end ] --START--
INFO: Run Behavior\ShowPageTraceBehavior [ RunTime:0.000291s ]
INFO: [ app_end ] --END-- [ RunTime:0.000316s ]

[ 2014-12-04T20:41:32+08:00 ] 127.0.0.1 /timetravel/Admin/index.php?s=/admin/index/center.html
INFO: [ app_init ] --START--
INFO: Run Behavior\BuildLiteBehavior [ RunTime:0.000021s ]
INFO: Run Common\Behavior\InitHookBehavior [ RunTime:0.004634s ]
INFO: [ app_init ] --END-- [ RunTime:0.005719s ]
INFO: [ view_parse ] --START--
INFO: [ template_filter ] --START--
INFO: Run Behavior\ContentReplaceBehavior [ RunTime:0.000071s ]
INFO: [ template_filter ] --END-- [ RunTime:0.000141s ]
INFO: Run Behavior\ParseTemplateBehavior [ RunTime:0.004889s ]
INFO: [ view_parse ] --END-- [ RunTime:0.004949s ]
INFO: [ view_filter ] --START--
INFO: Run Behavior\WriteHtmlCacheBehavior [ RunTime:0.000112s ]
INFO: [ view_filter ] --END-- [ RunTime:0.000139s ]
INFO: [ app_end ] --START--
INFO: Run Behavior\ShowPageTraceBehavior [ RunTime:0.000325s ]
INFO: [ app_end ] --END-- [ RunTime:0.000354s ]

[ 2014-12-04T20:41:33+08:00 ] 127.0.0.1 /timetravel/Admin/index.php?s=/admin/route/index.html
INFO: [ app_init ] --START--
INFO: Run Behavior\BuildLiteBehavior [ RunTime:0.000009s ]
INFO: Run Common\Behavior\InitHookBehavior [ RunTime:0.000705s ]
INFO: [ app_init ] --END-- [ RunTime:0.000919s ]
ERR: 无法加载控制器:Route

[ 2014-12-04T20:41:34+08:00 ] 127.0.0.1 /timetravel/Admin/index.php?s=/admin/article/index.html
INFO: [ app_init ] --START--
INFO: Run Behavior\BuildLiteBehavior [ RunTime:0.000009s ]
INFO: Run Common\Behavior\InitHookBehavior [ RunTime:0.000748s ]
INFO: [ app_init ] --END-- [ RunTime:0.000966s ]
NOTIC: [8] Undefined variable: map /Users/Boolean93/www/timetravel/Admin/Application/Admin/Controller/ArticleController.class.php 第 34 行.
SQL: SHOW COLUMNS FROM `article` [ RunTime:0.002498s ]
SQL: SELECT COUNT(*) AS tp_count FROM `article` WHERE ( `status` >= 0 ) LIMIT 1   [ RunTime:0.000395s ]
SQL: SELECT `id`,`title`,`content`,`header_img`,`type`,`create_time`,`click`,`good`,`reply`,`status` FROM `article` WHERE ( `status` >= 0 ) ORDER BY id LIMIT 0,10   [ RunTime:0.000432s ]
NOTIC: [8] Undefined variable: map /Users/Boolean93/www/timetravel/Admin/Application/Admin/Controller/ArticleController.class.php 第 36 行.
INFO: [ view_parse ] --START--
INFO: [ template_filter ] --START--
INFO: Run Behavior\ContentReplaceBehavior [ RunTime:0.000073s ]
INFO: [ template_filter ] --END-- [ RunTime:0.000130s ]
NOTIC: [2] date() expects parameter 2 to be long, string given /Users/Boolean93/www/timetravel/Admin/#Runtime/Cache/Admin/7a4184ffe8f804b12b2e7f8851dd8f7d.php 第 46 行.
INFO: Run Behavior\ParseTemplateBehavior [ RunTime:0.007744s ]
INFO: [ view_parse ] --END-- [ RunTime:0.007793s ]
INFO: [ view_filter ] --START--
INFO: Run Behavior\WriteHtmlCacheBehavior [ RunTime:0.000177s ]
INFO: [ view_filter ] --END-- [ RunTime:0.000224s ]
INFO: [ app_end ] --START--
INFO: Run Behavior\ShowPageTraceBehavior [ RunTime:0.000514s ]
INFO: [ app_end ] --END-- [ RunTime:0.000555s ]

[ 2014-12-04T20:41:41+08:00 ] 127.0.0.1 /timetravel/Admin/index.php?s=/admin/index/index.html
INFO: [ app_init ] --START--
INFO: Run Behavior\BuildLiteBehavior [ RunTime:0.000023s ]
INFO: Run Common\Behavior\InitHookBehavior [ RunTime:0.001679s ]
INFO: [ app_init ] --END-- [ RunTime:0.002295s ]
INFO: [ app_begin ] --START--
INFO: Run Behavior\ReadHtmlCacheBehavior [ RunTime:0.000550s ]
INFO: [ app_begin ] --END-- [ RunTime:0.000631s ]
SQL: SHOW COLUMNS FROM `auth` [ RunTime:0.002360s ]
NOTIC: [8] Undefined variable: map /Users/Boolean93/www/timetravel/Admin/Application/Admin/Controller/IndexController.class.php 第 31 行.
SQL: SELECT * FROM `auth` ORDER BY sort  [ RunTime:0.000530s ]
SQL: SHOW COLUMNS FROM `addons` [ RunTime:0.001590s ]
SQL: SELECT `title`,`name` FROM `addons` WHERE ( status=1 AND has_adminlist=1 )  [ RunTime:0.000317s ]
NOTIC: [8] Undefined index: id /Users/Boolean93/www/timetravel/Admin/Application/Common/Common/function.php 第 312 行.
INFO: [ view_parse ] --START--
INFO: [ template_filter ] --START--
INFO: Run Behavior\ContentReplaceBehavior [ RunTime:0.000409s ]
INFO: [ template_filter ] --END-- [ RunTime:0.000552s ]
NOTIC: [8] Undefined index: id /Users/Boolean93/www/timetravel/Admin/#Runtime/Cache/Admin/b595b808c2ebeeeb0478ffc30bb4e87a.php 第 107 行.
INFO: Run Behavior\ParseTemplateBehavior [ RunTime:0.012536s ]
INFO: [ view_parse ] --END-- [ RunTime:0.012639s ]
INFO: [ view_filter ] --START--
INFO: Run Behavior\WriteHtmlCacheBehavior [ RunTime:0.000167s ]
INFO: [ view_filter ] --END-- [ RunTime:0.000205s ]
INFO: [ app_end ] --START--
INFO: Run Behavior\ShowPageTraceBehavior [ RunTime:0.000529s ]
INFO: [ app_end ] --END-- [ RunTime:0.000583s ]

[ 2014-12-04T20:41:41+08:00 ] 127.0.0.1 /timetravel/Admin/index.php?s=/admin/index/center.html
INFO: [ app_init ] --START--
INFO: Run Behavior\BuildLiteBehavior [ RunTime:0.000016s ]
INFO: Run Common\Behavior\InitHookBehavior [ RunTime:0.002403s ]
INFO: [ app_init ] --END-- [ RunTime:0.002980s ]
INFO: [ app_begin ] --START--
INFO: Run Behavior\ReadHtmlCacheBehavior [ RunTime:0.000511s ]
INFO: [ app_begin ] --END-- [ RunTime:0.000586s ]
INFO: [ view_parse ] --START--
INFO: [ template_filter ] --START--
INFO: Run Behavior\ContentReplaceBehavior [ RunTime:0.000059s ]
INFO: [ template_filter ] --END-- [ RunTime:0.000159s ]
INFO: Run Behavior\ParseTemplateBehavior [ RunTime:0.008954s ]
INFO: [ view_parse ] --END-- [ RunTime:0.009042s ]
INFO: [ view_filter ] --START--
INFO: Run Behavior\WriteHtmlCacheBehavior [ RunTime:0.000173s ]
INFO: [ view_filter ] --END-- [ RunTime:0.000222s ]
INFO: [ app_end ] --START--
INFO: Run Behavior\ShowPageTraceBehavior [ RunTime:0.004795s ]
INFO: [ app_end ] --END-- [ RunTime:0.004921s ]

[ 2014-12-04T20:41:42+08:00 ] 127.0.0.1 /timetravel/Admin/index.php?s=/admin/article/index.html
INFO: [ app_init ] --START--
INFO: Run Behavior\BuildLiteBehavior [ RunTime:0.000012s ]
INFO: Run Common\Behavior\InitHookBehavior [ RunTime:0.000928s ]
INFO: [ app_init ] --END-- [ RunTime:0.001221s ]
INFO: [ app_begin ] --START--
INFO: Run Behavior\ReadHtmlCacheBehavior [ RunTime:0.000321s ]
INFO: [ app_begin ] --END-- [ RunTime:0.000428s ]
NOTIC: [8] Undefined variable: map /Users/Boolean93/www/timetravel/Admin/Application/Admin/Controller/ArticleController.class.php 第 34 行.
SQL: SHOW COLUMNS FROM `article` [ RunTime:0.002461s ]
SQL: SELECT COUNT(*) AS tp_count FROM `article` WHERE ( `status` >= 0 ) LIMIT 1   [ RunTime:0.000393s ]
SQL: SELECT `id`,`title`,`content`,`header_img`,`type`,`create_time`,`click`,`good`,`reply`,`status` FROM `article` WHERE ( `status` >= 0 ) ORDER BY id LIMIT 0,10   [ RunTime:0.000334s ]
NOTIC: [8] Undefined variable: map /Users/Boolean93/www/timetravel/Admin/Application/Admin/Controller/ArticleController.class.php 第 36 行.
INFO: [ view_parse ] --START--
INFO: [ template_filter ] --START--
INFO: Run Behavior\ContentReplaceBehavior [ RunTime:0.000043s ]
INFO: [ template_filter ] --END-- [ RunTime:0.000079s ]
NOTIC: [2] date() expects parameter 2 to be long, string given /Users/Boolean93/www/timetravel/Admin/#Runtime/Cache/Admin/7a4184ffe8f804b12b2e7f8851dd8f7d.php 第 46 行.
INFO: Run Behavior\ParseTemplateBehavior [ RunTime:0.006293s ]
INFO: [ view_parse ] --END-- [ RunTime:0.006337s ]
INFO: [ view_filter ] --START--
INFO: Run Behavior\WriteHtmlCacheBehavior [ RunTime:0.000154s ]
INFO: [ view_filter ] --END-- [ RunTime:0.000189s ]
INFO: [ app_end ] --START--
INFO: Run Behavior\ShowPageTraceBehavior [ RunTime:0.000392s ]
INFO: [ app_end ] --END-- [ RunTime:0.000427s ]

[ 2014-12-04T20:41:45+08:00 ] 127.0.0.1 /timetravel/Admin/index.php?s=/Admin/Article/add.html
INFO: [ app_init ] --START--
INFO: Run Behavior\BuildLiteBehavior [ RunTime:0.000008s ]
INFO: Run Common\Behavior\InitHookBehavior [ RunTime:0.000706s ]
INFO: [ app_init ] --END-- [ RunTime:0.000926s ]
INFO: [ app_begin ] --START--
INFO: Run Behavior\ReadHtmlCacheBehavior [ RunTime:0.000244s ]
INFO: [ app_begin ] --END-- [ RunTime:0.000275s ]
SQL: SHOW COLUMNS FROM `category` [ RunTime:0.002542s ]
SQL: SELECT `cid`,`title`,`ename`,`pid`,`type`,`keywords`,`description`,`content`,`status`,`sort` FROM `category`  [ RunTime:0.000297s ]
INFO: [ view_parse ] --START--
INFO: [ template_filter ] --START--
INFO: Run Behavior\ContentReplaceBehavior [ RunTime:0.000086s ]
INFO: [ template_filter ] --END-- [ RunTime:0.000153s ]
INFO: Run Behavior\ParseTemplateBehavior [ RunTime:0.010077s ]
INFO: [ view_parse ] --END-- [ RunTime:0.010122s ]
INFO: [ view_filter ] --START--
INFO: Run Behavior\WriteHtmlCacheBehavior [ RunTime:0.000134s ]
INFO: [ view_filter ] --END-- [ RunTime:0.000170s ]
INFO: [ app_end ] --START--
INFO: Run Behavior\ShowPageTraceBehavior [ RunTime:0.000532s ]
INFO: [ app_end ] --END-- [ RunTime:0.000573s ]

[ 2014-12-04T20:41:50+08:00 ] 127.0.0.1 /timetravel/Admin/index.php?s=/Admin/Article/edit/id/1.html
INFO: [ app_init ] --START--
INFO: Run Behavior\BuildLiteBehavior [ RunTime:0.000010s ]
INFO: Run Common\Behavior\InitHookBehavior [ RunTime:0.000726s ]
INFO: [ app_init ] --END-- [ RunTime:0.000968s ]
INFO: [ app_begin ] --START--
INFO: Run Behavior\ReadHtmlCacheBehavior [ RunTime:0.000283s ]
INFO: [ app_begin ] --END-- [ RunTime:0.000322s ]
SQL: SHOW COLUMNS FROM `article` [ RunTime:0.002506s ]
SQL: SELECT `id`,`title`,`content`,`header_img`,`type`,`create_time`,`click`,`good`,`reply`,`status` FROM `article` WHERE ( `id` = 1 ) LIMIT 1   [ RunTime:0.000321s ]
SQL: SHOW COLUMNS FROM `category` [ RunTime:0.001278s ]
SQL: SELECT `cid`,`title`,`ename`,`pid`,`type`,`keywords`,`description`,`content`,`status`,`sort` FROM `category`  [ RunTime:0.000288s ]
INFO: [ view_parse ] --START--
INFO: [ template_filter ] --START--
INFO: Run Behavior\ContentReplaceBehavior [ RunTime:0.000050s ]
INFO: [ template_filter ] --END-- [ RunTime:0.000095s ]
NOTIC: [8] Undefined index: shorttitle /Users/Boolean93/www/timetravel/Admin/#Runtime/Cache/Admin/761055de2f430bef08441163fbb8bda7.php 第 47 行.
NOTIC: [8] Undefined index: copyfrom /Users/Boolean93/www/timetravel/Admin/#Runtime/Cache/Admin/761055de2f430bef08441163fbb8bda7.php 第 54 行.
NOTIC: [8] Undefined index: publishtime /Users/Boolean93/www/timetravel/Admin/#Runtime/Cache/Admin/761055de2f430bef08441163fbb8bda7.php 第 102 行.
NOTIC: [8] Undefined index: keywords /Users/Boolean93/www/timetravel/Admin/#Runtime/Cache/Admin/761055de2f430bef08441163fbb8bda7.php 第 118 行.
NOTIC: [8] Undefined index: description /Users/Boolean93/www/timetravel/Admin/#Runtime/Cache/Admin/761055de2f430bef08441163fbb8bda7.php 第 125 行.
INFO: Run Behavior\ParseTemplateBehavior [ RunTime:0.007434s ]
INFO: [ view_parse ] --END-- [ RunTime:0.007468s ]
INFO: [ view_filter ] --START--
INFO: Run Behavior\WriteHtmlCacheBehavior [ RunTime:0.000095s ]
INFO: [ view_filter ] --END-- [ RunTime:0.000118s ]
INFO: [ app_end ] --START--
INFO: Run Behavior\ShowPageTraceBehavior [ RunTime:0.000287s ]
INFO: [ app_end ] --END-- [ RunTime:0.000315s ]

