[ 2014-12-14T15:56:52+08:00 ] ::1 /timetravel/Admin/
INFO: [ app_init ] --START--
INFO: Run Behavior\BuildLiteBehavior [ RunTime:0.000032s ]
INFO: Run Common\Behavior\InitHookBehavior [ RunTime:0.037893s ]
INFO: [ app_init ] --END-- [ RunTime:0.044744s ]
INFO: [ app_begin ] --START--
INFO: Run Behavior\ReadHtmlCacheBehavior [ RunTime:0.007106s ]
INFO: [ app_begin ] --END-- [ RunTime:0.007209s ]

[ 2014-12-14T15:56:52+08:00 ] ::1 /timetravel/Admin/index.php?s=/Admin/Public/login.html
INFO: [ app_init ] --START--
INFO: Run Behavior\BuildLiteBehavior [ RunTime:0.000017s ]
INFO: Run Common\Behavior\InitHookBehavior [ RunTime:0.001088s ]
INFO: [ app_init ] --END-- [ RunTime:0.001533s ]
INFO: [ app_begin ] --START--
INFO: Run Behavior\ReadHtmlCacheBehavior [ RunTime:0.000407s ]
INFO: [ app_begin ] --END-- [ RunTime:0.000458s ]
INFO: [ view_parse ] --START--
INFO: [ template_filter ] --START--
INFO: Run Behavior\ContentReplaceBehavior [ RunTime:0.000083s ]
INFO: [ template_filter ] --END-- [ RunTime:0.000177s ]
INFO: Run Behavior\ParseTemplateBehavior [ RunTime:0.011914s ]
INFO: [ view_parse ] --END-- [ RunTime:0.011996s ]
INFO: [ view_filter ] --START--
INFO: Run Behavior\WriteHtmlCacheBehavior [ RunTime:0.000553s ]
INFO: [ view_filter ] --END-- [ RunTime:0.000619s ]
INFO: [ app_end ] --START--
INFO: Run Behavior\ShowPageTraceBehavior [ RunTime:0.001194s ]
INFO: [ app_end ] --END-- [ RunTime:0.001265s ]

[ 2014-12-14T15:56:54+08:00 ] ::1 /timetravel/Admin/index.php?s=/Admin/Public/login.html
INFO: [ app_init ] --START--
INFO: Run Behavior\BuildLiteBehavior [ RunTime:0.000009s ]
INFO: Run Common\Behavior\InitHookBehavior [ RunTime:0.000869s ]
INFO: [ app_init ] --END-- [ RunTime:0.001118s ]
INFO: [ app_begin ] --START--
INFO: Run Behavior\ReadHtmlCacheBehavior [ RunTime:0.000337s ]
INFO: [ app_begin ] --END-- [ RunTime:0.000399s ]
SQL: SHOW COLUMNS FROM `member` [ RunTime:0.004342s ]
SQL: SELECT * FROM `member` WHERE ( `username` = 'admin' ) LIMIT 1   [ RunTime:0.000861s ]
SQL: UPDATE `member` SET `login`=81,`last_login_ip`='0.0.0.0',`last_login_time`=1418543814 WHERE ( `uid` = 1 ) [ RunTime:0.007332s ]
SQL: SHOW COLUMNS FROM `role` [ RunTime:0.005856s ]
SQL: SELECT `auth`,`status` FROM `role` WHERE ( id=1 ) LIMIT 1   [ RunTime:0.000437s ]
SQL: SHOW COLUMNS FROM `action` [ RunTime:0.002113s ]
SQL: SELECT * FROM `action` WHERE ( `name` = 'user_login' ) LIMIT 1   [ RunTime:0.000379s ]
SQL: SHOW COLUMNS FROM `action_log` [ RunTime:0.002386s ]
SQL: INSERT INTO `action_log` (`action_id`,`user_id`,`action_ip`,`model`,`record_id`,`create_time`,`remark`) VALUES (1,1,0,'Member',1,1418543814,'CoolHots在2014-12-14 15:56登录了后台') [ RunTime:0.004351s ]
SQL: SELECT * FROM `action` WHERE ( `name` = 'user_login' ) LIMIT 1   [ RunTime:0.000365s ]
NOTIC: [8] Undefined offset: 1 /Users/Boolean93/www/timetravel/Admin/Application/Common/Common/function.php 第 749 行.
NOTIC: [2] array_key_exists() expects parameter 2 to be array, null given /Users/Boolean93/www/timetravel/Admin/Application/Common/Common/function.php 第 749 行.
SQL: SELECT COUNT(*) AS tp_count FROM `action_log` WHERE ( `action_id` = 1 ) AND ( `user_id` = 1 ) AND ( `create_time` > 1418457414 ) LIMIT 1   [ RunTime:0.006003s ]
SQL: SHOW COLUMNS FROM `member` [ RunTime:0.002016s ]
NOTIC: [8] Undefined variable: set /Users/Boolean93/www/timetravel/Admin/ThinkPHP/Library/Think/Db.class.php 第 297 行.
NOTIC: [2] implode(): Invalid arguments passed /Users/Boolean93/www/timetravel/Admin/ThinkPHP/Library/Think/Db.class.php 第 297 行.
SQL: UPDATE `member` SET  WHERE ( uid=1 AND status>-1 ) [ RunTime:0.000772s ]
ERR: 1064:You have an error in your SQL syntax; check the manual that corresponds to your MySQL server version for the right syntax to use near 'WHERE ( uid=1 AND status>-1 )' at line 1
 [ SQL语句 ] : UPDATE `member` SET  WHERE ( uid=1 AND status>-1 )

[ 2014-12-14T15:56:56+08:00 ] ::1 /timetravel/Admin/index.php?s=/Admin/Index/index.html
INFO: [ app_init ] --START--
INFO: Run Behavior\BuildLiteBehavior [ RunTime:0.000010s ]
INFO: Run Common\Behavior\InitHookBehavior [ RunTime:0.000836s ]
INFO: [ app_init ] --END-- [ RunTime:0.001096s ]
INFO: [ app_begin ] --START--
INFO: Run Behavior\ReadHtmlCacheBehavior [ RunTime:0.000455s ]
INFO: [ app_begin ] --END-- [ RunTime:0.000512s ]
SQL: SHOW COLUMNS FROM `auth` [ RunTime:0.003903s ]
NOTIC: [8] Undefined variable: map /Users/Boolean93/www/timetravel/Admin/Application/Admin/Controller/IndexController.class.php 第 31 行.
SQL: SELECT * FROM `auth` ORDER BY sort  [ RunTime:0.000829s ]
SQL: SHOW COLUMNS FROM `addons` [ RunTime:0.002479s ]
SQL: SELECT `title`,`name` FROM `addons` WHERE ( status=1 AND has_adminlist=1 )  [ RunTime:0.000491s ]
NOTIC: [8] Undefined index: id /Users/Boolean93/www/timetravel/Admin/Application/Common/Common/function.php 第 312 行.
INFO: [ view_parse ] --START--
INFO: [ template_filter ] --START--
INFO: Run Behavior\ContentReplaceBehavior [ RunTime:0.000064s ]
INFO: [ template_filter ] --END-- [ RunTime:0.000139s ]
NOTIC: [8] Undefined index: id /Users/Boolean93/www/timetravel/Admin/#Runtime/Cache/Admin/b595b808c2ebeeeb0478ffc30bb4e87a.php 第 107 行.
INFO: Run Behavior\ParseTemplateBehavior [ RunTime:0.012450s ]
INFO: [ view_parse ] --END-- [ RunTime:0.012512s ]
INFO: [ view_filter ] --START--
INFO: Run Behavior\WriteHtmlCacheBehavior [ RunTime:0.000118s ]
INFO: [ view_filter ] --END-- [ RunTime:0.000143s ]
INFO: [ app_end ] --START--
INFO: Run Behavior\ShowPageTraceBehavior [ RunTime:0.000419s ]
INFO: [ app_end ] --END-- [ RunTime:0.000453s ]

[ 2014-12-14T15:56:56+08:00 ] ::1 /timetravel/Admin/index.php?s=/admin/index/center.html
INFO: [ app_init ] --START--
INFO: Run Behavior\BuildLiteBehavior [ RunTime:0.000012s ]
INFO: Run Common\Behavior\InitHookBehavior [ RunTime:0.000897s ]
INFO: [ app_init ] --END-- [ RunTime:0.001181s ]
INFO: [ app_begin ] --START--
INFO: Run Behavior\ReadHtmlCacheBehavior [ RunTime:0.000499s ]
INFO: [ app_begin ] --END-- [ RunTime:0.000560s ]
INFO: [ view_parse ] --START--
INFO: [ template_filter ] --START--
INFO: Run Behavior\ContentReplaceBehavior [ RunTime:0.000037s ]
INFO: [ template_filter ] --END-- [ RunTime:0.000085s ]
INFO: [ AdminIndex ] --START--
SQL: SHOW COLUMNS FROM `addons` [ RunTime:0.021558s ]
SQL: SELECT `config` FROM `addons` WHERE ( `name` = 'SiteStat' ) AND ( `status` = 1 ) LIMIT 1   [ RunTime:0.000313s ]
SQL: SHOW COLUMNS FROM `member` [ RunTime:0.007650s ]
SQL: SELECT COUNT(*) AS tp_count FROM `member` LIMIT 1   [ RunTime:0.000300s ]
SQL: SHOW COLUMNS FROM `action_log` [ RunTime:0.002252s ]
SQL: SELECT COUNT(*) AS tp_count FROM `action_log` LIMIT 1   [ RunTime:0.000341s ]
SQL: SHOW COLUMNS FROM `article` [ RunTime:0.002081s ]
SQL: SELECT COUNT(*) AS tp_count FROM `article` LIMIT 1   [ RunTime:0.000313s ]
SQL: SHOW COLUMNS FROM `category` [ RunTime:0.001859s ]
SQL: SELECT COUNT(*) AS tp_count FROM `category` LIMIT 1   [ RunTime:0.000268s ]
INFO: [ view_parse ] --START--
INFO: [ template_filter ] --START--
INFO: Run Behavior\ContentReplaceBehavior [ RunTime:0.000026s ]
INFO: [ template_filter ] --END-- [ RunTime:-0.056049s ]
INFO: Run Behavior\ParseTemplateBehavior [ RunTime:0.002113s ]
INFO: [ view_parse ] --END-- [ RunTime:0.002171s ]
INFO: [ view_filter ] --START--
INFO: Run Behavior\WriteHtmlCacheBehavior [ RunTime:0.000148s ]
INFO: [ view_filter ] --END-- [ RunTime:0.000184s ]
INFO: Run SiteStat [ RunTime:0.056557s ]
SQL: SELECT `config` FROM `addons` WHERE ( `name` = 'SystemInfo' ) AND ( `status` = 1 ) LIMIT 1   [ RunTime:0.000365s ]
SQL:  select version() AS version [ RunTime:0.000958s ]
INFO: [ view_parse ] --START--
INFO: [ template_filter ] --START--
INFO: Run Behavior\ContentReplaceBehavior [ RunTime:0.000029s ]
INFO: [ template_filter ] --END-- [ RunTime:-0.061582s ]
INFO: Run Behavior\ParseTemplateBehavior [ RunTime:0.001509s ]
INFO: [ view_parse ] --END-- [ RunTime:-0.003878s ]
INFO: [ view_filter ] --START--
INFO: Run Behavior\WriteHtmlCacheBehavior [ RunTime:0.000008s ]
INFO: [ view_filter ] --END-- [ RunTime:-0.005232s ]
INFO: Run SystemInfo [ RunTime:0.005248s ]
SQL: SELECT `config` FROM `addons` WHERE ( `name` = 'DevTeam' ) AND ( `status` = 1 ) LIMIT 1   [ RunTime:0.000372s ]
INFO: [ view_parse ] --START--
INFO: [ template_filter ] --START--
INFO: Run Behavior\ContentReplaceBehavior [ RunTime:0.000033s ]
INFO: [ template_filter ] --END-- [ RunTime:-0.064398s ]
INFO: Run Behavior\ParseTemplateBehavior [ RunTime:0.001483s ]
INFO: [ view_parse ] --END-- [ RunTime:-0.006603s ]
INFO: [ view_filter ] --START--
INFO: Run Behavior\WriteHtmlCacheBehavior [ RunTime:0.000007s ]
INFO: [ view_filter ] --END-- [ RunTime:-0.007924s ]
INFO: Run DevTeam [ RunTime:0.002677s ]
INFO: [ AdminIndex ] --END-- [ RunTime:0.064533s ]
INFO: Run Behavior\ParseTemplateBehavior [ RunTime:0.001576s ]
INFO: [ view_parse ] --END-- [ RunTime:-0.006603s ]
INFO: [ view_filter ] --START--
INFO: Run Behavior\WriteHtmlCacheBehavior [ RunTime:0.000004s ]
INFO: [ view_filter ] --END-- [ RunTime:-0.008002s ]
INFO: [ app_end ] --START--
INFO: Run Behavior\ShowPageTraceBehavior [ RunTime:0.000360s ]
INFO: [ app_end ] --END-- [ RunTime:0.000388s ]

[ 2014-12-14T15:57:15+08:00 ] ::1 /timetravel/Admin/index.php?s=/admin/article/index.html
INFO: [ app_init ] --START--
INFO: Run Behavior\BuildLiteBehavior [ RunTime:0.000024s ]
INFO: Run Common\Behavior\InitHookBehavior [ RunTime:0.001263s ]
INFO: [ app_init ] --END-- [ RunTime:0.001821s ]
INFO: [ app_begin ] --START--
INFO: Run Behavior\ReadHtmlCacheBehavior [ RunTime:0.000381s ]
INFO: [ app_begin ] --END-- [ RunTime:0.000433s ]
NOTIC: [8] Undefined variable: map /Users/Boolean93/www/timetravel/Admin/Application/Admin/Controller/ArticleController.class.php 第 34 行.
SQL: SHOW COLUMNS FROM `article` [ RunTime:0.003041s ]
SQL: SELECT COUNT(*) AS tp_count FROM `article` WHERE ( `status` >= 0 ) LIMIT 1   [ RunTime:0.000559s ]
SQL: SELECT `id`,`title`,`content`,`header_img`,`type`,`create_time`,`click`,`good`,`reply`,`status` FROM `article` WHERE ( `status` >= 0 ) ORDER BY id LIMIT 0,10   [ RunTime:0.000548s ]
NOTIC: [8] Undefined variable: map /Users/Boolean93/www/timetravel/Admin/Application/Admin/Controller/ArticleController.class.php 第 36 行.
INFO: [ view_parse ] --START--
INFO: [ template_filter ] --START--
INFO: Run Behavior\ContentReplaceBehavior [ RunTime:0.000060s ]
INFO: [ template_filter ] --END-- [ RunTime:0.000120s ]
NOTIC: [2] date() expects parameter 2 to be long, string given /Users/Boolean93/www/timetravel/Admin/#Runtime/Cache/Admin/7a4184ffe8f804b12b2e7f8851dd8f7d.php 第 46 行.
NOTIC: [2] date() expects parameter 2 to be long, string given /Users/Boolean93/www/timetravel/Admin/#Runtime/Cache/Admin/7a4184ffe8f804b12b2e7f8851dd8f7d.php 第 46 行.
INFO: Run Behavior\ParseTemplateBehavior [ RunTime:0.012174s ]
INFO: [ view_parse ] --END-- [ RunTime:0.012277s ]
INFO: [ view_filter ] --START--
INFO: Run Behavior\WriteHtmlCacheBehavior [ RunTime:0.000333s ]
INFO: [ view_filter ] --END-- [ RunTime:0.000408s ]
INFO: [ app_end ] --START--
INFO: Run Behavior\ShowPageTraceBehavior [ RunTime:0.000454s ]
INFO: [ app_end ] --END-- [ RunTime:0.000498s ]

[ 2014-12-14T16:28:26+08:00 ] ::1 /timetravel/Admin/
INFO: [ app_init ] --START--
INFO: Run Behavior\BuildLiteBehavior [ RunTime:0.000009s ]
INFO: Run Common\Behavior\InitHookBehavior [ RunTime:0.000829s ]
INFO: [ app_init ] --END-- [ RunTime:0.001057s ]
INFO: [ app_begin ] --START--
INFO: Run Behavior\ReadHtmlCacheBehavior [ RunTime:0.000285s ]
INFO: [ app_begin ] --END-- [ RunTime:0.000317s ]
SQL: SHOW COLUMNS FROM `auth` [ RunTime:0.002158s ]
NOTIC: [8] Undefined variable: map /Users/Boolean93/www/timetravel/Admin/Application/Admin/Controller/IndexController.class.php 第 31 行.
SQL: SELECT * FROM `auth` ORDER BY sort  [ RunTime:0.000627s ]
SQL: SHOW COLUMNS FROM `addons` [ RunTime:0.002065s ]
SQL: SELECT `title`,`name` FROM `addons` WHERE ( status=1 AND has_adminlist=1 )  [ RunTime:0.000390s ]
NOTIC: [8] Undefined index: id /Users/Boolean93/www/timetravel/Admin/Application/Common/Common/function.php 第 312 行.
INFO: [ view_parse ] --START--
INFO: [ template_filter ] --START--
INFO: Run Behavior\ContentReplaceBehavior [ RunTime:0.000067s ]
INFO: [ template_filter ] --END-- [ RunTime:0.000123s ]
NOTIC: [8] Undefined index: id /Users/Boolean93/www/timetravel/Admin/#Runtime/Cache/Admin/b595b808c2ebeeeb0478ffc30bb4e87a.php 第 107 行.
INFO: Run Behavior\ParseTemplateBehavior [ RunTime:0.011849s ]
INFO: [ view_parse ] --END-- [ RunTime:0.011888s ]
INFO: [ view_filter ] --START--
INFO: Run Behavior\WriteHtmlCacheBehavior [ RunTime:0.000642s ]
INFO: [ view_filter ] --END-- [ RunTime:0.000689s ]
INFO: [ app_end ] --START--
INFO: Run Behavior\ShowPageTraceBehavior [ RunTime:0.001070s ]
INFO: [ app_end ] --END-- [ RunTime:0.001127s ]

[ 2014-12-14T16:28:26+08:00 ] ::1 /timetravel/Admin/index.php?s=/admin/index/center.html
INFO: [ app_init ] --START--
INFO: Run Behavior\BuildLiteBehavior [ RunTime:0.000010s ]
INFO: Run Common\Behavior\InitHookBehavior [ RunTime:0.000819s ]
INFO: [ app_init ] --END-- [ RunTime:0.001068s ]
INFO: [ app_begin ] --START--
INFO: Run Behavior\ReadHtmlCacheBehavior [ RunTime:0.000285s ]
INFO: [ app_begin ] --END-- [ RunTime:0.000327s ]
INFO: [ view_parse ] --START--
INFO: [ template_filter ] --START--
INFO: Run Behavior\ContentReplaceBehavior [ RunTime:0.000038s ]
INFO: [ template_filter ] --END-- [ RunTime:0.000084s ]
INFO: [ AdminIndex ] --START--
SQL: SHOW COLUMNS FROM `addons` [ RunTime:0.002485s ]
SQL: SELECT `config` FROM `addons` WHERE ( `name` = 'SiteStat' ) AND ( `status` = 1 ) LIMIT 1   [ RunTime:0.000316s ]
SQL: SHOW COLUMNS FROM `member` [ RunTime:0.001839s ]
SQL: SELECT COUNT(*) AS tp_count FROM `member` LIMIT 1   [ RunTime:0.000285s ]
SQL: SHOW COLUMNS FROM `action_log` [ RunTime:0.002012s ]
SQL: SELECT COUNT(*) AS tp_count FROM `action_log` LIMIT 1   [ RunTime:0.001397s ]
SQL: SHOW COLUMNS FROM `article` [ RunTime:0.004371s ]
SQL: SELECT COUNT(*) AS tp_count FROM `article` LIMIT 1   [ RunTime:0.006358s ]
SQL: SHOW COLUMNS FROM `category` [ RunTime:0.025445s ]
SQL: SELECT COUNT(*) AS tp_count FROM `category` LIMIT 1   [ RunTime:0.002051s ]
INFO: [ view_parse ] --START--
INFO: [ template_filter ] --START--
INFO: Run Behavior\ContentReplaceBehavior [ RunTime:0.000045s ]
INFO: [ template_filter ] --END-- [ RunTime:-0.068192s ]
INFO: Run Behavior\ParseTemplateBehavior [ RunTime:0.001756s ]
INFO: [ view_parse ] --END-- [ RunTime:0.001819s ]
INFO: [ view_filter ] --START--
INFO: Run Behavior\WriteHtmlCacheBehavior [ RunTime:0.000164s ]
INFO: [ view_filter ] --END-- [ RunTime:0.000211s ]
INFO: Run SiteStat [ RunTime:0.062908s ]
SQL: SELECT `config` FROM `addons` WHERE ( `name` = 'SystemInfo' ) AND ( `status` = 1 ) LIMIT 1   [ RunTime:0.001573s ]
SQL:  select version() AS version [ RunTime:0.000685s ]
INFO: [ view_parse ] --START--
INFO: [ template_filter ] --START--
INFO: Run Behavior\ContentReplaceBehavior [ RunTime:0.000044s ]
INFO: [ template_filter ] --END-- [ RunTime:-0.075784s ]
INFO: Run Behavior\ParseTemplateBehavior [ RunTime:0.003477s ]
INFO: [ view_parse ] --END-- [ RunTime:-0.004067s ]
INFO: [ view_filter ] --START--
INFO: Run Behavior\WriteHtmlCacheBehavior [ RunTime:0.000011s ]
INFO: [ view_filter ] --END-- [ RunTime:-0.007388s ]
INFO: Run SystemInfo [ RunTime:0.007408s ]
SQL: SELECT `config` FROM `addons` WHERE ( `name` = 'DevTeam' ) AND ( `status` = 1 ) LIMIT 1   [ RunTime:0.000631s ]
INFO: [ view_parse ] --START--
INFO: [ template_filter ] --START--
INFO: Run Behavior\ContentReplaceBehavior [ RunTime:0.000047s ]
INFO: [ template_filter ] --END-- [ RunTime:-0.080057s ]
INFO: Run Behavior\ParseTemplateBehavior [ RunTime:0.002050s ]
INFO: [ view_parse ] --END-- [ RunTime:-0.009685s ]
INFO: [ view_filter ] --START--
INFO: Run Behavior\WriteHtmlCacheBehavior [ RunTime:0.000014s ]
INFO: [ view_filter ] --END-- [ RunTime:-0.011595s ]
INFO: Run DevTeam [ RunTime:0.004194s ]
INFO: [ AdminIndex ] --END-- [ RunTime:0.074604s ]
INFO: Run Behavior\ParseTemplateBehavior [ RunTime:0.002238s ]
INFO: [ view_parse ] --END-- [ RunTime:-0.009685s ]
INFO: [ view_filter ] --START--
INFO: Run Behavior\WriteHtmlCacheBehavior [ RunTime:0.000009s ]
INFO: [ view_filter ] --END-- [ RunTime:-0.011750s ]
INFO: [ app_end ] --START--
INFO: Run Behavior\ShowPageTraceBehavior [ RunTime:0.000587s ]
INFO: [ app_end ] --END-- [ RunTime:0.000643s ]

[ 2014-12-14T16:29:33+08:00 ] ::1 /timetravel/Admin/
INFO: [ app_init ] --START--
INFO: Run Behavior\BuildLiteBehavior [ RunTime:0.000009s ]
INFO: Run Common\Behavior\InitHookBehavior [ RunTime:0.000817s ]
INFO: [ app_init ] --END-- [ RunTime:0.001046s ]
INFO: [ app_begin ] --START--
INFO: Run Behavior\ReadHtmlCacheBehavior [ RunTime:0.000272s ]
INFO: [ app_begin ] --END-- [ RunTime:0.000304s ]
SQL: SHOW COLUMNS FROM `auth` [ RunTime:0.001595s ]
NOTIC: [8] Undefined variable: map /Users/Boolean93/www/timetravel/Admin/Application/Admin/Controller/IndexController.class.php 第 31 行.
SQL: SELECT * FROM `auth` ORDER BY sort  [ RunTime:0.000484s ]
SQL: SHOW COLUMNS FROM `addons` [ RunTime:0.002132s ]
SQL: SELECT `title`,`name` FROM `addons` WHERE ( status=1 AND has_adminlist=1 )  [ RunTime:0.000266s ]
NOTIC: [8] Undefined index: id /Users/Boolean93/www/timetravel/Admin/Application/Common/Common/function.php 第 312 行.
INFO: [ view_parse ] --START--
INFO: [ template_filter ] --START--
INFO: Run Behavior\ContentReplaceBehavior [ RunTime:0.000087s ]
INFO: [ template_filter ] --END-- [ RunTime:0.000153s ]
NOTIC: [8] Undefined index: id /Users/Boolean93/www/timetravel/Admin/#Runtime/Cache/Admin/b595b808c2ebeeeb0478ffc30bb4e87a.php 第 107 行.
INFO: Run Behavior\ParseTemplateBehavior [ RunTime:0.010655s ]
INFO: [ view_parse ] --END-- [ RunTime:0.010696s ]
INFO: [ view_filter ] --START--
INFO: Run Behavior\WriteHtmlCacheBehavior [ RunTime:0.000153s ]
INFO: [ view_filter ] --END-- [ RunTime:0.000186s ]
INFO: [ app_end ] --START--
INFO: Run Behavior\ShowPageTraceBehavior [ RunTime:0.000500s ]
INFO: [ app_end ] --END-- [ RunTime:0.000537s ]

[ 2014-12-14T16:29:33+08:00 ] ::1 /timetravel/Admin/index.php?s=/admin/index/center.html
INFO: [ app_init ] --START--
INFO: Run Behavior\BuildLiteBehavior [ RunTime:0.000010s ]
INFO: Run Common\Behavior\InitHookBehavior [ RunTime:0.000824s ]
INFO: [ app_init ] --END-- [ RunTime:0.001081s ]
INFO: [ app_begin ] --START--
INFO: Run Behavior\ReadHtmlCacheBehavior [ RunTime:0.000284s ]
INFO: [ app_begin ] --END-- [ RunTime:0.000322s ]
INFO: [ view_parse ] --START--
INFO: [ template_filter ] --START--
INFO: Run Behavior\ContentReplaceBehavior [ RunTime:0.000040s ]
INFO: [ template_filter ] --END-- [ RunTime:0.000090s ]
INFO: [ AdminIndex ] --START--
SQL: SHOW COLUMNS FROM `addons` [ RunTime:0.003051s ]
SQL: SELECT `config` FROM `addons` WHERE ( `name` = 'SiteStat' ) AND ( `status` = 1 ) LIMIT 1   [ RunTime:0.000349s ]
SQL: SHOW COLUMNS FROM `member` [ RunTime:0.002039s ]
SQL: SELECT COUNT(*) AS tp_count FROM `member` LIMIT 1   [ RunTime:0.000231s ]
SQL: SHOW COLUMNS FROM `action_log` [ RunTime:0.001822s ]
SQL: SELECT COUNT(*) AS tp_count FROM `action_log` LIMIT 1   [ RunTime:0.000283s ]
SQL: SHOW COLUMNS FROM `article` [ RunTime:0.003059s ]
SQL: SELECT COUNT(*) AS tp_count FROM `article` LIMIT 1   [ RunTime:0.003110s ]
SQL: SHOW COLUMNS FROM `category` [ RunTime:0.021322s ]
SQL: SELECT COUNT(*) AS tp_count FROM `category` LIMIT 1   [ RunTime:0.000269s ]
INFO: [ view_parse ] --START--
INFO: [ template_filter ] --START--
INFO: Run Behavior\ContentReplaceBehavior [ RunTime:0.000041s ]
INFO: [ template_filter ] --END-- [ RunTime:-0.044664s ]
INFO: Run Behavior\ParseTemplateBehavior [ RunTime:0.007296s ]
INFO: [ view_parse ] --END-- [ RunTime:0.007364s ]
INFO: [ view_filter ] --START--
INFO: Run Behavior\WriteHtmlCacheBehavior [ RunTime:0.000160s ]
INFO: [ view_filter ] --END-- [ RunTime:0.000203s ]
INFO: Run SiteStat [ RunTime:0.051046s ]
SQL: SELECT `config` FROM `addons` WHERE ( `name` = 'SystemInfo' ) AND ( `status` = 1 ) LIMIT 1   [ RunTime:0.000506s ]
SQL:  select version() AS version [ RunTime:0.000314s ]
INFO: [ view_parse ] --START--
INFO: [ template_filter ] --START--
INFO: Run Behavior\ContentReplaceBehavior [ RunTime:0.000044s ]
INFO: [ template_filter ] --END-- [ RunTime:-0.055073s ]
INFO: Run Behavior\ParseTemplateBehavior [ RunTime:0.002589s ]
INFO: [ view_parse ] --END-- [ RunTime:-0.002099s ]
INFO: [ view_filter ] --START--
INFO: Run Behavior\WriteHtmlCacheBehavior [ RunTime:0.000012s ]
INFO: [ view_filter ] --END-- [ RunTime:-0.004548s ]
INFO: Run SystemInfo [ RunTime:0.004581s ]
SQL: SELECT `config` FROM `addons` WHERE ( `name` = 'DevTeam' ) AND ( `status` = 1 ) LIMIT 1   [ RunTime:0.000900s ]
INFO: [ view_parse ] --START--
INFO: [ template_filter ] --START--
INFO: Run Behavior\ContentReplaceBehavior [ RunTime:0.000048s ]
INFO: [ template_filter ] --END-- [ RunTime:-0.060452s ]
INFO: Run Behavior\ParseTemplateBehavior [ RunTime:0.001998s ]
INFO: [ view_parse ] --END-- [ RunTime:-0.007806s ]
INFO: [ view_filter ] --START--
INFO: Run Behavior\WriteHtmlCacheBehavior [ RunTime:0.000011s ]
INFO: [ view_filter ] --END-- [ RunTime:-0.009656s ]
INFO: Run DevTeam [ RunTime:0.005085s ]
INFO: [ AdminIndex ] --END-- [ RunTime:0.060797s ]
INFO: Run Behavior\ParseTemplateBehavior [ RunTime:0.002168s ]
INFO: [ view_parse ] --END-- [ RunTime:-0.007806s ]
INFO: [ view_filter ] --START--
INFO: Run Behavior\WriteHtmlCacheBehavior [ RunTime:0.000009s ]
INFO: [ view_filter ] --END-- [ RunTime:-0.009804s ]
INFO: [ app_end ] --START--
INFO: Run Behavior\ShowPageTraceBehavior [ RunTime:0.000555s ]
INFO: [ app_end ] --END-- [ RunTime:0.000604s ]

[ 2014-12-14T16:29:46+08:00 ] ::1 /timetravel/Admin/index.php?s=/admin/route/index.html
INFO: [ app_init ] --START--
INFO: Run Behavior\BuildLiteBehavior [ RunTime:0.000017s ]
INFO: Run Common\Behavior\InitHookBehavior [ RunTime:0.001327s ]
INFO: [ app_init ] --END-- [ RunTime:0.001716s ]
INFO: [ app_begin ] --START--
INFO: Run Behavior\ReadHtmlCacheBehavior [ RunTime:0.000316s ]
INFO: [ app_begin ] --END-- [ RunTime:0.000351s ]
NOTIC: [8] Undefined variable: map /Users/Boolean93/www/timetravel/Admin/Application/Admin/Controller/RouteController.class.php 第 34 行.
SQL: SHOW COLUMNS FROM `route` [ RunTime:0.003444s ]
SQL: SELECT COUNT(*) AS tp_count FROM `route` LIMIT 1   [ RunTime:0.000375s ]
SQL: SELECT `id`,`title`,`travel_line`,`content`,`create_time`,`start_time`,`end_time`,`pic_url`,`type` FROM `route` ORDER BY id LIMIT 0,10   [ RunTime:0.000404s ]
NOTIC: [8] Undefined variable: map /Users/Boolean93/www/timetravel/Admin/Application/Admin/Controller/RouteController.class.php 第 36 行.
INFO: [ view_parse ] --START--
INFO: [ template_filter ] --START--
INFO: Run Behavior\ContentReplaceBehavior [ RunTime:0.000079s ]
INFO: [ template_filter ] --END-- [ RunTime:0.000137s ]
INFO: Run Behavior\ParseTemplateBehavior [ RunTime:0.012356s ]
INFO: [ view_parse ] --END-- [ RunTime:0.012409s ]
INFO: [ view_filter ] --START--
INFO: Run Behavior\WriteHtmlCacheBehavior [ RunTime:0.000170s ]
INFO: [ view_filter ] --END-- [ RunTime:0.000209s ]
INFO: [ app_end ] --START--
INFO: Run Behavior\ShowPageTraceBehavior [ RunTime:0.000896s ]
INFO: [ app_end ] --END-- [ RunTime:0.001009s ]

[ 2014-12-14T16:29:47+08:00 ] ::1 /timetravel/Admin/index.php?s=/admin/article/index.html
INFO: [ app_init ] --START--
INFO: Run Behavior\BuildLiteBehavior [ RunTime:0.000012s ]
INFO: Run Common\Behavior\InitHookBehavior [ RunTime:0.001033s ]
INFO: [ app_init ] --END-- [ RunTime:0.001362s ]
INFO: [ app_begin ] --START--
INFO: Run Behavior\ReadHtmlCacheBehavior [ RunTime:0.000893s ]
INFO: [ app_begin ] --END-- [ RunTime:0.000973s ]
NOTIC: [8] Undefined variable: map /Users/Boolean93/www/timetravel/Admin/Application/Admin/Controller/ArticleController.class.php 第 34 行.
SQL: SHOW COLUMNS FROM `article` [ RunTime:0.002204s ]
SQL: SELECT COUNT(*) AS tp_count FROM `article` WHERE ( `status` >= 0 ) LIMIT 1   [ RunTime:0.000383s ]
SQL: SELECT `id`,`title`,`content`,`header_img`,`type`,`create_time`,`click`,`good`,`reply`,`status` FROM `article` WHERE ( `status` >= 0 ) ORDER BY id LIMIT 0,10   [ RunTime:0.000514s ]
NOTIC: [8] Undefined variable: map /Users/Boolean93/www/timetravel/Admin/Application/Admin/Controller/ArticleController.class.php 第 36 行.
INFO: [ view_parse ] --START--
INFO: [ template_filter ] --START--
INFO: Run Behavior\ContentReplaceBehavior [ RunTime:0.000043s ]
INFO: [ template_filter ] --END-- [ RunTime:0.000077s ]
NOTIC: [2] date() expects parameter 2 to be long, string given /Users/Boolean93/www/timetravel/Admin/#Runtime/Cache/Admin/7a4184ffe8f804b12b2e7f8851dd8f7d.php 第 46 行.
NOTIC: [2] date() expects parameter 2 to be long, string given /Users/Boolean93/www/timetravel/Admin/#Runtime/Cache/Admin/7a4184ffe8f804b12b2e7f8851dd8f7d.php 第 46 行.
INFO: Run Behavior\ParseTemplateBehavior [ RunTime:0.005268s ]
INFO: [ view_parse ] --END-- [ RunTime:0.005298s ]
INFO: [ view_filter ] --START--
INFO: Run Behavior\WriteHtmlCacheBehavior [ RunTime:0.000092s ]
INFO: [ view_filter ] --END-- [ RunTime:0.000115s ]
INFO: [ app_end ] --START--
INFO: Run Behavior\ShowPageTraceBehavior [ RunTime:0.000282s ]
INFO: [ app_end ] --END-- [ RunTime:0.000307s ]

[ 2014-12-14T16:29:48+08:00 ] ::1 /timetravel/Admin/index.php?s=/admin/memory/index.html
INFO: [ app_init ] --START--
INFO: Run Behavior\BuildLiteBehavior [ RunTime:0.000018s ]
INFO: Run Common\Behavior\InitHookBehavior [ RunTime:0.001428s ]
INFO: [ app_init ] --END-- [ RunTime:0.001870s ]
INFO: [ app_begin ] --START--
INFO: Run Behavior\ReadHtmlCacheBehavior [ RunTime:0.000528s ]
INFO: [ app_begin ] --END-- [ RunTime:0.000629s ]
NOTIC: [8] Undefined variable: map /Users/Boolean93/www/timetravel/Admin/Application/Admin/Controller/MemoryController.class.php 第 34 行.
SQL: SHOW COLUMNS FROM `memory` [ RunTime:0.002669s ]
SQL: SELECT COUNT(*) AS tp_count FROM `memory` LIMIT 1   [ RunTime:0.000283s ]
SQL: SELECT `id`,`title`,`content`,`pic_url`,`user_id`,`create_time`,`click`,`good`,`readable` FROM `memory` ORDER BY id LIMIT 0,10   [ RunTime:0.000333s ]
NOTIC: [8] Undefined variable: map /Users/Boolean93/www/timetravel/Admin/Application/Admin/Controller/MemoryController.class.php 第 36 行.
INFO: [ view_parse ] --START--
INFO: [ template_filter ] --START--
INFO: Run Behavior\ContentReplaceBehavior [ RunTime:0.000097s ]
INFO: [ template_filter ] --END-- [ RunTime:0.000208s ]
INFO: Run Behavior\ParseTemplateBehavior [ RunTime:0.012163s ]
INFO: [ view_parse ] --END-- [ RunTime:0.012223s ]
INFO: [ view_filter ] --START--
INFO: Run Behavior\WriteHtmlCacheBehavior [ RunTime:0.000166s ]
INFO: [ view_filter ] --END-- [ RunTime:0.000205s ]
INFO: [ app_end ] --START--
INFO: Run Behavior\ShowPageTraceBehavior [ RunTime:0.000468s ]
INFO: [ app_end ] --END-- [ RunTime:0.000511s ]

[ 2014-12-14T16:29:48+08:00 ] ::1 /timetravel/Admin/index.php?s=/admin/relation/index.html
INFO: [ app_init ] --START--
INFO: Run Behavior\BuildLiteBehavior [ RunTime:0.000008s ]
INFO: Run Common\Behavior\InitHookBehavior [ RunTime:0.000751s ]
INFO: [ app_init ] --END-- [ RunTime:0.000969s ]
INFO: [ app_begin ] --START--
INFO: Run Behavior\ReadHtmlCacheBehavior [ RunTime:0.000254s ]
INFO: [ app_begin ] --END-- [ RunTime:0.000288s ]
NOTIC: [8] Undefined variable: map /Users/Boolean93/www/timetravel/Admin/Application/Admin/Controller/RelationController.class.php 第 34 行.
SQL: SHOW COLUMNS FROM `relation_article_route` [ RunTime:0.002964s ]
SQL: SELECT COUNT(*) AS tp_count FROM `relation_article_route` LIMIT 1   [ RunTime:0.000292s ]
SQL: SELECT `id`,`article_id`,`route_id` FROM `relation_article_route` ORDER BY article_id LIMIT 0,10   [ RunTime:0.000320s ]
NOTIC: [8] Undefined variable: map /Users/Boolean93/www/timetravel/Admin/Application/Admin/Controller/RelationController.class.php 第 36 行.
INFO: [ view_parse ] --START--
INFO: [ template_filter ] --START--
INFO: Run Behavior\ContentReplaceBehavior [ RunTime:0.000064s ]
INFO: [ template_filter ] --END-- [ RunTime:0.000123s ]
SQL: SHOW COLUMNS FROM `article` [ RunTime:0.002083s ]
SQL: SELECT `title` FROM `article` WHERE ( `id` = 1 ) LIMIT 1   [ RunTime:0.000390s ]
SQL: SHOW COLUMNS FROM `route` [ RunTime:0.002044s ]
SQL: SELECT `title` FROM `route` WHERE ( `id` = 1 ) LIMIT 1   [ RunTime:0.000355s ]
SQL: SELECT `title` FROM `article` WHERE ( `id` = 1 ) LIMIT 1   [ RunTime:0.000206s ]
SQL: SELECT `title` FROM `route` WHERE ( `id` = 18 ) LIMIT 1   [ RunTime:0.000204s ]
SQL: SELECT `title` FROM `article` WHERE ( `id` = 7 ) LIMIT 1   [ RunTime:0.000218s ]
SQL: SELECT `title` FROM `route` WHERE ( `id` = 11 ) LIMIT 1   [ RunTime:0.000218s ]
SQL: SELECT `title` FROM `article` WHERE ( `id` = 10 ) LIMIT 1   [ RunTime:0.000221s ]
SQL: SELECT `title` FROM `route` WHERE ( `id` = 18 ) LIMIT 1   [ RunTime:0.000285s ]
SQL: SELECT `title` FROM `article` WHERE ( `id` = 10 ) LIMIT 1   [ RunTime:0.000305s ]
SQL: SELECT `title` FROM `route` WHERE ( `id` = 18 ) LIMIT 1   [ RunTime:0.000271s ]
SQL: SELECT `title` FROM `article` WHERE ( `id` = 11 ) LIMIT 1   [ RunTime:0.000433s ]
SQL: SELECT `title` FROM `route` WHERE ( `id` = 1 ) LIMIT 1   [ RunTime:0.000419s ]
SQL: SELECT `title` FROM `article` WHERE ( `id` = 11 ) LIMIT 1   [ RunTime:0.000350s ]
SQL: SELECT `title` FROM `route` WHERE ( `id` = 1 ) LIMIT 1   [ RunTime:0.000251s ]
INFO: Run Behavior\ParseTemplateBehavior [ RunTime:0.019744s ]
INFO: [ view_parse ] --END-- [ RunTime:0.019788s ]
INFO: [ view_filter ] --START--
INFO: Run Behavior\WriteHtmlCacheBehavior [ RunTime:0.000159s ]
INFO: [ view_filter ] --END-- [ RunTime:0.000184s ]
INFO: [ app_end ] --START--
INFO: Run Behavior\ShowPageTraceBehavior [ RunTime:0.000363s ]
INFO: [ app_end ] --END-- [ RunTime:0.000389s ]

[ 2014-12-14T16:29:55+08:00 ] ::1 /timetravel/Admin/index.php?s=/admin/memory/index.html
INFO: [ app_init ] --START--
INFO: Run Behavior\BuildLiteBehavior [ RunTime:0.000015s ]
INFO: Run Common\Behavior\InitHookBehavior [ RunTime:0.000992s ]
INFO: [ app_init ] --END-- [ RunTime:0.001320s ]
INFO: [ app_begin ] --START--
INFO: Run Behavior\ReadHtmlCacheBehavior [ RunTime:0.000292s ]
INFO: [ app_begin ] --END-- [ RunTime:0.000349s ]
NOTIC: [8] Undefined variable: map /Users/Boolean93/www/timetravel/Admin/Application/Admin/Controller/MemoryController.class.php 第 34 行.
SQL: SHOW COLUMNS FROM `memory` [ RunTime:0.002764s ]
SQL: SELECT COUNT(*) AS tp_count FROM `memory` LIMIT 1   [ RunTime:0.000425s ]
SQL: SELECT `id`,`title`,`content`,`pic_url`,`user_id`,`create_time`,`click`,`good`,`readable` FROM `memory` ORDER BY id LIMIT 0,10   [ RunTime:0.000407s ]
NOTIC: [8] Undefined variable: map /Users/Boolean93/www/timetravel/Admin/Application/Admin/Controller/MemoryController.class.php 第 36 行.
INFO: [ view_parse ] --START--
INFO: [ template_filter ] --START--
INFO: Run Behavior\ContentReplaceBehavior [ RunTime:0.000045s ]
INFO: [ template_filter ] --END-- [ RunTime:0.000082s ]
INFO: Run Behavior\ParseTemplateBehavior [ RunTime:0.005639s ]
INFO: [ view_parse ] --END-- [ RunTime:0.005680s ]
INFO: [ view_filter ] --START--
INFO: Run Behavior\WriteHtmlCacheBehavior [ RunTime:0.000094s ]
INFO: [ view_filter ] --END-- [ RunTime:0.000118s ]
INFO: [ app_end ] --START--
INFO: Run Behavior\ShowPageTraceBehavior [ RunTime:0.000300s ]
INFO: [ app_end ] --END-- [ RunTime:0.000327s ]

[ 2014-12-14T16:30:10+08:00 ] ::1 /timetravel/Admin/index.php?s=/Admin/Memory/edit/id/1.html
INFO: [ app_init ] --START--
INFO: Run Behavior\BuildLiteBehavior [ RunTime:0.000008s ]
INFO: Run Common\Behavior\InitHookBehavior [ RunTime:0.000832s ]
INFO: [ app_init ] --END-- [ RunTime:0.001057s ]
INFO: [ app_begin ] --START--
INFO: Run Behavior\ReadHtmlCacheBehavior [ RunTime:0.000335s ]
INFO: [ app_begin ] --END-- [ RunTime:0.000377s ]
SQL: SHOW COLUMNS FROM `memory` [ RunTime:0.007242s ]
SQL: SELECT `id`,`title`,`content`,`pic_url`,`user_id`,`create_time`,`click`,`good`,`readable` FROM `memory` WHERE ( `id` = 1 ) LIMIT 1   [ RunTime:0.000628s ]
SQL: SHOW COLUMNS FROM `category` [ RunTime:0.002677s ]
SQL: SELECT `cid`,`title`,`ename`,`pid`,`type`,`keywords`,`description`,`content`,`status`,`sort` FROM `category`  [ RunTime:0.000346s ]
INFO: [ view_parse ] --START--
INFO: [ template_filter ] --START--
INFO: Run Behavior\ContentReplaceBehavior [ RunTime:0.000061s ]
INFO: [ template_filter ] --END-- [ RunTime:0.000109s ]
INFO: Run Behavior\ParseTemplateBehavior [ RunTime:0.007554s ]
INFO: [ view_parse ] --END-- [ RunTime:0.007619s ]
INFO: [ view_filter ] --START--
INFO: Run Behavior\WriteHtmlCacheBehavior [ RunTime:0.000131s ]
INFO: [ view_filter ] --END-- [ RunTime:0.000161s ]
INFO: [ app_end ] --START--
INFO: Run Behavior\ShowPageTraceBehavior [ RunTime:0.000407s ]
INFO: [ app_end ] --END-- [ RunTime:0.000443s ]

[ 2014-12-14T16:30:10+08:00 ] ::1 /timetravel/Admin/index.php?s=/Admin/Article/ueditor.html&action=config&&noCache=1418545810558
INFO: [ app_init ] --START--
INFO: Run Behavior\BuildLiteBehavior [ RunTime:0.000011s ]
INFO: Run Common\Behavior\InitHookBehavior [ RunTime:0.000836s ]
INFO: [ app_init ] --END-- [ RunTime:0.001099s ]
INFO: [ app_begin ] --START--
INFO: Run Behavior\ReadHtmlCacheBehavior [ RunTime:0.000319s ]
INFO: [ app_begin ] --END-- [ RunTime:0.000367s ]
INFO: [ app_end ] --START--
INFO: Run Behavior\ShowPageTraceBehavior [ RunTime:0.000454s ]
INFO: [ app_end ] --END-- [ RunTime:0.000522s ]

[ 2014-12-14T16:31:52+08:00 ] ::1 /timetravel/Admin/index.php?s=/admin/relation/index.html
INFO: [ app_init ] --START--
INFO: Run Behavior\BuildLiteBehavior [ RunTime:0.000015s ]
INFO: Run Common\Behavior\InitHookBehavior [ RunTime:0.001501s ]
INFO: [ app_init ] --END-- [ RunTime:0.001908s ]
INFO: [ app_begin ] --START--
INFO: Run Behavior\ReadHtmlCacheBehavior [ RunTime:0.000558s ]
INFO: [ app_begin ] --END-- [ RunTime:0.000628s ]
NOTIC: [8] Undefined variable: map /Users/Boolean93/www/timetravel/Admin/Application/Admin/Controller/RelationController.class.php 第 34 行.
SQL: SHOW COLUMNS FROM `relation_article_route` [ RunTime:0.003068s ]
SQL: SELECT COUNT(*) AS tp_count FROM `relation_article_route` LIMIT 1   [ RunTime:0.000375s ]
SQL: SELECT `id`,`article_id`,`route_id` FROM `relation_article_route` ORDER BY article_id LIMIT 0,10   [ RunTime:0.000293s ]
NOTIC: [8] Undefined variable: map /Users/Boolean93/www/timetravel/Admin/Application/Admin/Controller/RelationController.class.php 第 36 行.
INFO: [ view_parse ] --START--
INFO: [ template_filter ] --START--
INFO: Run Behavior\ContentReplaceBehavior [ RunTime:0.000046s ]
INFO: [ template_filter ] --END-- [ RunTime:0.000086s ]
SQL: SHOW COLUMNS FROM `article` [ RunTime:0.002201s ]
SQL: SELECT `title` FROM `article` WHERE ( `id` = 1 ) LIMIT 1   [ RunTime:0.000421s ]
SQL: SHOW COLUMNS FROM `route` [ RunTime:0.002613s ]
SQL: SELECT `title` FROM `route` WHERE ( `id` = 1 ) LIMIT 1   [ RunTime:0.000297s ]
SQL: SELECT `title` FROM `article` WHERE ( `id` = 1 ) LIMIT 1   [ RunTime:0.000446s ]
SQL: SELECT `title` FROM `route` WHERE ( `id` = 18 ) LIMIT 1   [ RunTime:0.000260s ]
SQL: SELECT `title` FROM `article` WHERE ( `id` = 7 ) LIMIT 1   [ RunTime:0.000253s ]
SQL: SELECT `title` FROM `route` WHERE ( `id` = 11 ) LIMIT 1   [ RunTime:0.000222s ]
SQL: SELECT `title` FROM `article` WHERE ( `id` = 10 ) LIMIT 1   [ RunTime:0.000229s ]
SQL: SELECT `title` FROM `route` WHERE ( `id` = 18 ) LIMIT 1   [ RunTime:0.000257s ]
SQL: SELECT `title` FROM `article` WHERE ( `id` = 10 ) LIMIT 1   [ RunTime:0.000230s ]
SQL: SELECT `title` FROM `route` WHERE ( `id` = 18 ) LIMIT 1   [ RunTime:0.000202s ]
SQL: SELECT `title` FROM `article` WHERE ( `id` = 11 ) LIMIT 1   [ RunTime:0.000191s ]
SQL: SELECT `title` FROM `route` WHERE ( `id` = 1 ) LIMIT 1   [ RunTime:0.000220s ]
SQL: SELECT `title` FROM `article` WHERE ( `id` = 11 ) LIMIT 1   [ RunTime:0.000301s ]
SQL: SELECT `title` FROM `route` WHERE ( `id` = 1 ) LIMIT 1   [ RunTime:0.000210s ]
INFO: Run Behavior\ParseTemplateBehavior [ RunTime:0.019695s ]
INFO: [ view_parse ] --END-- [ RunTime:0.019732s ]
INFO: [ view_filter ] --START--
INFO: Run Behavior\WriteHtmlCacheBehavior [ RunTime:0.000182s ]
INFO: [ view_filter ] --END-- [ RunTime:0.000211s ]
INFO: [ app_end ] --START--
INFO: Run Behavior\ShowPageTraceBehavior [ RunTime:0.000452s ]
INFO: [ app_end ] --END-- [ RunTime:0.000488s ]

[ 2014-12-14T16:31:52+08:00 ] ::1 /timetravel/Admin/index.php?s=/admin/relation/index.html
INFO: [ app_init ] --START--
INFO: Run Behavior\BuildLiteBehavior [ RunTime:0.000011s ]
INFO: Run Common\Behavior\InitHookBehavior [ RunTime:0.000935s ]
INFO: [ app_init ] --END-- [ RunTime:0.001226s ]
INFO: [ app_begin ] --START--
INFO: Run Behavior\ReadHtmlCacheBehavior [ RunTime:0.000315s ]
INFO: [ app_begin ] --END-- [ RunTime:0.000361s ]
NOTIC: [8] Undefined variable: map /Users/Boolean93/www/timetravel/Admin/Application/Admin/Controller/RelationController.class.php 第 34 行.
SQL: SHOW COLUMNS FROM `relation_article_route` [ RunTime:0.001928s ]
SQL: SELECT COUNT(*) AS tp_count FROM `relation_article_route` LIMIT 1   [ RunTime:0.000218s ]
SQL: SELECT `id`,`article_id`,`route_id` FROM `relation_article_route` ORDER BY article_id LIMIT 0,10   [ RunTime:0.000280s ]
NOTIC: [8] Undefined variable: map /Users/Boolean93/www/timetravel/Admin/Application/Admin/Controller/RelationController.class.php 第 36 行.
INFO: [ view_parse ] --START--
INFO: [ template_filter ] --START--
INFO: Run Behavior\ContentReplaceBehavior [ RunTime:0.000076s ]
INFO: [ template_filter ] --END-- [ RunTime:0.000145s ]
SQL: SHOW COLUMNS FROM `article` [ RunTime:0.003439s ]
SQL: SELECT `title` FROM `article` WHERE ( `id` = 1 ) LIMIT 1   [ RunTime:0.000258s ]
SQL: SHOW COLUMNS FROM `route` [ RunTime:0.002154s ]
SQL: SELECT `title` FROM `route` WHERE ( `id` = 1 ) LIMIT 1   [ RunTime:0.000305s ]
SQL: SELECT `title` FROM `article` WHERE ( `id` = 1 ) LIMIT 1   [ RunTime:0.000185s ]
SQL: SELECT `title` FROM `route` WHERE ( `id` = 18 ) LIMIT 1   [ RunTime:0.000223s ]
SQL: SELECT `title` FROM `article` WHERE ( `id` = 7 ) LIMIT 1   [ RunTime:0.000188s ]
SQL: SELECT `title` FROM `route` WHERE ( `id` = 11 ) LIMIT 1   [ RunTime:0.000183s ]
SQL: SELECT `title` FROM `article` WHERE ( `id` = 10 ) LIMIT 1   [ RunTime:0.000179s ]
SQL: SELECT `title` FROM `route` WHERE ( `id` = 18 ) LIMIT 1   [ RunTime:0.000171s ]
SQL: SELECT `title` FROM `article` WHERE ( `id` = 10 ) LIMIT 1   [ RunTime:0.000186s ]
SQL: SELECT `title` FROM `route` WHERE ( `id` = 18 ) LIMIT 1   [ RunTime:0.000190s ]
SQL: SELECT `title` FROM `article` WHERE ( `id` = 11 ) LIMIT 1   [ RunTime:0.000195s ]
SQL: SELECT `title` FROM `route` WHERE ( `id` = 1 ) LIMIT 1   [ RunTime:0.000304s ]
SQL: SELECT `title` FROM `article` WHERE ( `id` = 11 ) LIMIT 1   [ RunTime:0.000256s ]
SQL: SELECT `title` FROM `route` WHERE ( `id` = 1 ) LIMIT 1   [ RunTime:0.000204s ]
INFO: Run Behavior\ParseTemplateBehavior [ RunTime:0.021569s ]
INFO: [ view_parse ] --END-- [ RunTime:0.021606s ]
INFO: [ view_filter ] --START--
INFO: Run Behavior\WriteHtmlCacheBehavior [ RunTime:0.000182s ]
INFO: [ view_filter ] --END-- [ RunTime:0.000210s ]
INFO: [ app_end ] --START--
INFO: Run Behavior\ShowPageTraceBehavior [ RunTime:0.000345s ]
INFO: [ app_end ] --END-- [ RunTime:0.000376s ]

[ 2014-12-14T16:31:54+08:00 ] ::1 /timetravel/Admin/index.php?s=/admin/article/index.html
INFO: [ app_init ] --START--
INFO: Run Behavior\BuildLiteBehavior [ RunTime:0.000010s ]
INFO: Run Common\Behavior\InitHookBehavior [ RunTime:0.000885s ]
INFO: [ app_init ] --END-- [ RunTime:0.001169s ]
INFO: [ app_begin ] --START--
INFO: Run Behavior\ReadHtmlCacheBehavior [ RunTime:0.000352s ]
INFO: [ app_begin ] --END-- [ RunTime:0.000397s ]
NOTIC: [8] Undefined variable: map /Users/Boolean93/www/timetravel/Admin/Application/Admin/Controller/ArticleController.class.php 第 34 行.
SQL: SHOW COLUMNS FROM `article` [ RunTime:0.003354s ]
SQL: SELECT COUNT(*) AS tp_count FROM `article` WHERE ( `status` >= 0 ) LIMIT 1   [ RunTime:0.000337s ]
SQL: SELECT `id`,`title`,`content`,`header_img`,`type`,`create_time`,`click`,`good`,`reply`,`status` FROM `article` WHERE ( `status` >= 0 ) ORDER BY id LIMIT 0,10   [ RunTime:0.000329s ]
NOTIC: [8] Undefined variable: map /Users/Boolean93/www/timetravel/Admin/Application/Admin/Controller/ArticleController.class.php 第 36 行.
INFO: [ view_parse ] --START--
INFO: [ template_filter ] --START--
INFO: Run Behavior\ContentReplaceBehavior [ RunTime:0.000043s ]
INFO: [ template_filter ] --END-- [ RunTime:0.000079s ]
NOTIC: [2] date() expects parameter 2 to be long, string given /Users/Boolean93/www/timetravel/Admin/#Runtime/Cache/Admin/7a4184ffe8f804b12b2e7f8851dd8f7d.php 第 46 行.
NOTIC: [2] date() expects parameter 2 to be long, string given /Users/Boolean93/www/timetravel/Admin/#Runtime/Cache/Admin/7a4184ffe8f804b12b2e7f8851dd8f7d.php 第 46 行.
INFO: Run Behavior\ParseTemplateBehavior [ RunTime:0.005508s ]
INFO: [ view_parse ] --END-- [ RunTime:0.005537s ]
INFO: [ view_filter ] --START--
INFO: Run Behavior\WriteHtmlCacheBehavior [ RunTime:0.000099s ]
INFO: [ view_filter ] --END-- [ RunTime:0.000121s ]
INFO: [ app_end ] --START--
INFO: Run Behavior\ShowPageTraceBehavior [ RunTime:0.000286s ]
INFO: [ app_end ] --END-- [ RunTime:0.000312s ]

[ 2014-12-14T16:31:55+08:00 ] ::1 /timetravel/Admin/index.php?s=/admin/memory/index.html
INFO: [ app_init ] --START--
INFO: Run Behavior\BuildLiteBehavior [ RunTime:0.000012s ]
INFO: Run Common\Behavior\InitHookBehavior [ RunTime:0.001132s ]
INFO: [ app_init ] --END-- [ RunTime:0.001446s ]
INFO: [ app_begin ] --START--
INFO: Run Behavior\ReadHtmlCacheBehavior [ RunTime:0.000671s ]
INFO: [ app_begin ] --END-- [ RunTime:0.000783s ]
NOTIC: [8] Undefined variable: map /Users/Boolean93/www/timetravel/Admin/Application/Admin/Controller/MemoryController.class.php 第 34 行.
SQL: SHOW COLUMNS FROM `memory` [ RunTime:0.003215s ]
SQL: SELECT COUNT(*) AS tp_count FROM `memory` LIMIT 1   [ RunTime:0.000334s ]
SQL: SELECT `id`,`title`,`content`,`pic_url`,`user_id`,`create_time`,`click`,`good`,`readable` FROM `memory` ORDER BY id LIMIT 0,10   [ RunTime:0.000314s ]
NOTIC: [8] Undefined variable: map /Users/Boolean93/www/timetravel/Admin/Application/Admin/Controller/MemoryController.class.php 第 36 行.
INFO: [ view_parse ] --START--
INFO: [ template_filter ] --START--
INFO: Run Behavior\ContentReplaceBehavior [ RunTime:0.000046s ]
INFO: [ template_filter ] --END-- [ RunTime:0.000087s ]
INFO: Run Behavior\ParseTemplateBehavior [ RunTime:0.007636s ]
INFO: [ view_parse ] --END-- [ RunTime:0.007679s ]
INFO: [ view_filter ] --START--
INFO: Run Behavior\WriteHtmlCacheBehavior [ RunTime:0.000110s ]
INFO: [ view_filter ] --END-- [ RunTime:0.000135s ]
INFO: [ app_end ] --START--
INFO: Run Behavior\ShowPageTraceBehavior [ RunTime:0.000298s ]
INFO: [ app_end ] --END-- [ RunTime:0.000324s ]

[ 2014-12-14T16:31:56+08:00 ] ::1 /timetravel/Admin/index.php?s=/admin/route/index.html
INFO: [ app_init ] --START--
INFO: Run Behavior\BuildLiteBehavior [ RunTime:0.000009s ]
INFO: Run Common\Behavior\InitHookBehavior [ RunTime:0.000725s ]
INFO: [ app_init ] --END-- [ RunTime:0.000948s ]
INFO: [ app_begin ] --START--
INFO: Run Behavior\ReadHtmlCacheBehavior [ RunTime:0.000280s ]
INFO: [ app_begin ] --END-- [ RunTime:0.000312s ]
NOTIC: [8] Undefined variable: map /Users/Boolean93/www/timetravel/Admin/Application/Admin/Controller/RouteController.class.php 第 34 行.
SQL: SHOW COLUMNS FROM `route` [ RunTime:0.004014s ]
SQL: SELECT COUNT(*) AS tp_count FROM `route` LIMIT 1   [ RunTime:0.000268s ]
SQL: SELECT `id`,`title`,`travel_line`,`content`,`create_time`,`start_time`,`end_time`,`pic_url`,`type` FROM `route` ORDER BY id LIMIT 0,10   [ RunTime:0.000391s ]
NOTIC: [8] Undefined variable: map /Users/Boolean93/www/timetravel/Admin/Application/Admin/Controller/RouteController.class.php 第 36 行.
INFO: [ view_parse ] --START--
INFO: [ template_filter ] --START--
INFO: Run Behavior\ContentReplaceBehavior [ RunTime:0.000074s ]
INFO: [ template_filter ] --END-- [ RunTime:0.000134s ]
INFO: Run Behavior\ParseTemplateBehavior [ RunTime:0.006626s ]
INFO: [ view_parse ] --END-- [ RunTime:0.006686s ]
INFO: [ view_filter ] --START--
INFO: Run Behavior\WriteHtmlCacheBehavior [ RunTime:0.000167s ]
INFO: [ view_filter ] --END-- [ RunTime:0.000203s ]
INFO: [ app_end ] --START--
INFO: Run Behavior\ShowPageTraceBehavior [ RunTime:0.000541s ]
INFO: [ app_end ] --END-- [ RunTime:0.000588s ]

[ 2014-12-14T16:32:01+08:00 ] ::1 /timetravel/Admin/index.php?s=/admin/image/index.html
INFO: [ app_init ] --START--
INFO: Run Behavior\BuildLiteBehavior [ RunTime:0.000008s ]
INFO: Run Common\Behavior\InitHookBehavior [ RunTime:0.000773s ]
INFO: [ app_init ] --END-- [ RunTime:0.001012s ]
INFO: [ app_begin ] --START--
INFO: Run Behavior\ReadHtmlCacheBehavior [ RunTime:0.000482s ]
INFO: [ app_begin ] --END-- [ RunTime:0.000546s ]
NOTIC: [8] Undefined variable: map /Users/Boolean93/www/timetravel/Admin/Application/Admin/Controller/ImageController.class.php 第 34 行.
SQL: SHOW COLUMNS FROM `image` [ RunTime:0.001886s ]
SQL: SELECT COUNT(*) AS tp_count FROM `image` LIMIT 1   [ RunTime:0.000314s ]
SQL: SELECT `id`,`url` FROM `image` ORDER BY id LIMIT 0,10   [ RunTime:0.000353s ]
NOTIC: [8] Undefined variable: map /Users/Boolean93/www/timetravel/Admin/Application/Admin/Controller/ImageController.class.php 第 36 行.
INFO: [ view_parse ] --START--
INFO: [ template_filter ] --START--
INFO: Run Behavior\ContentReplaceBehavior [ RunTime:0.000058s ]
INFO: [ template_filter ] --END-- [ RunTime:0.000107s ]
INFO: Run Behavior\ParseTemplateBehavior [ RunTime:0.006489s ]
INFO: [ view_parse ] --END-- [ RunTime:0.006544s ]
INFO: [ view_filter ] --START--
INFO: Run Behavior\WriteHtmlCacheBehavior [ RunTime:0.000124s ]
INFO: [ view_filter ] --END-- [ RunTime:0.000155s ]
INFO: [ app_end ] --START--
INFO: Run Behavior\ShowPageTraceBehavior [ RunTime:0.000374s ]
INFO: [ app_end ] --END-- [ RunTime:0.000407s ]

[ 2014-12-14T16:32:07+08:00 ] ::1 /timetravel/Admin/index.php?s=/admin/article/index.html
INFO: [ app_init ] --START--
INFO: Run Behavior\BuildLiteBehavior [ RunTime:0.000015s ]
INFO: Run Common\Behavior\InitHookBehavior [ RunTime:0.001436s ]
INFO: [ app_init ] --END-- [ RunTime:0.001866s ]
INFO: [ app_begin ] --START--
INFO: Run Behavior\ReadHtmlCacheBehavior [ RunTime:0.000475s ]
INFO: [ app_begin ] --END-- [ RunTime:0.000535s ]
NOTIC: [8] Undefined variable: map /Users/Boolean93/www/timetravel/Admin/Application/Admin/Controller/ArticleController.class.php 第 34 行.
SQL: SHOW COLUMNS FROM `article` [ RunTime:0.003732s ]
SQL: SELECT COUNT(*) AS tp_count FROM `article` WHERE ( `status` >= 0 ) LIMIT 1   [ RunTime:0.000405s ]
SQL: SELECT `id`,`title`,`content`,`header_img`,`type`,`create_time`,`click`,`good`,`reply`,`status` FROM `article` WHERE ( `status` >= 0 ) ORDER BY id LIMIT 0,10   [ RunTime:0.000403s ]
NOTIC: [8] Undefined variable: map /Users/Boolean93/www/timetravel/Admin/Application/Admin/Controller/ArticleController.class.php 第 36 行.
INFO: [ view_parse ] --START--
INFO: [ template_filter ] --START--
INFO: Run Behavior\ContentReplaceBehavior [ RunTime:0.000042s ]
INFO: [ template_filter ] --END-- [ RunTime:0.000073s ]
NOTIC: [2] date() expects parameter 2 to be long, string given /Users/Boolean93/www/timetravel/Admin/#Runtime/Cache/Admin/7a4184ffe8f804b12b2e7f8851dd8f7d.php 第 46 行.
NOTIC: [2] date() expects parameter 2 to be long, string given /Users/Boolean93/www/timetravel/Admin/#Runtime/Cache/Admin/7a4184ffe8f804b12b2e7f8851dd8f7d.php 第 46 行.
INFO: Run Behavior\ParseTemplateBehavior [ RunTime:0.006730s ]
INFO: [ view_parse ] --END-- [ RunTime:0.006809s ]
INFO: [ view_filter ] --START--
INFO: Run Behavior\WriteHtmlCacheBehavior [ RunTime:0.000341s ]
INFO: [ view_filter ] --END-- [ RunTime:0.000421s ]
INFO: [ app_end ] --START--
INFO: Run Behavior\ShowPageTraceBehavior [ RunTime:0.000891s ]
INFO: [ app_end ] --END-- [ RunTime:0.000978s ]

[ 2014-12-14T16:32:09+08:00 ] ::1 /timetravel/Admin/index.php?s=/Admin/Article/add.html
INFO: [ app_init ] --START--
INFO: Run Behavior\BuildLiteBehavior [ RunTime:0.000010s ]
INFO: Run Common\Behavior\InitHookBehavior [ RunTime:0.000840s ]
INFO: [ app_init ] --END-- [ RunTime:0.001102s ]
INFO: [ app_begin ] --START--
INFO: Run Behavior\ReadHtmlCacheBehavior [ RunTime:0.000284s ]
INFO: [ app_begin ] --END-- [ RunTime:0.000321s ]
INFO: [ view_parse ] --START--
INFO: [ template_filter ] --START--
INFO: Run Behavior\ContentReplaceBehavior [ RunTime:0.000066s ]
INFO: [ template_filter ] --END-- [ RunTime:0.000118s ]
INFO: [ adminArticleEdit ] --START--
SQL: SHOW COLUMNS FROM `addons` [ RunTime:0.003315s ]
SQL: SELECT `config` FROM `addons` WHERE ( `name` = 'EditorForAdmin' ) AND ( `status` = 1 ) LIMIT 1   [ RunTime:0.000314s ]
INFO: [ view_parse ] --START--
INFO: [ template_filter ] --START--
INFO: Run Behavior\ContentReplaceBehavior [ RunTime:0.000067s ]
INFO: [ template_filter ] --END-- [ RunTime:-0.022342s ]
INFO: Run Behavior\ParseTemplateBehavior [ RunTime:0.003880s ]
INFO: [ view_parse ] --END-- [ RunTime:0.003926s ]
INFO: [ view_filter ] --START--
INFO: Run Behavior\WriteHtmlCacheBehavior [ RunTime:0.000140s ]
INFO: [ view_filter ] --END-- [ RunTime:0.000171s ]
INFO: Run EditorForAdmin [ RunTime:0.017771s ]
INFO: [ adminArticleEdit ] --END-- [ RunTime:0.017819s ]
INFO: Run Behavior\ParseTemplateBehavior [ RunTime:0.004149s ]
INFO: [ view_parse ] --END-- [ RunTime:0.003926s ]
INFO: [ view_filter ] --START--
INFO: Run Behavior\WriteHtmlCacheBehavior [ RunTime:0.000006s ]
INFO: [ view_filter ] --END-- [ RunTime:-0.000075s ]
INFO: [ app_end ] --START--
INFO: Run Behavior\ShowPageTraceBehavior [ RunTime:0.000542s ]
INFO: [ app_end ] --END-- [ RunTime:0.000601s ]

[ 2014-12-14T16:32:09+08:00 ] ::1 /timetravel/Admin/index.php?s=/Admin/Article/ueditor.html&action=config&&noCache=1418545929552
INFO: [ app_init ] --START--
INFO: Run Behavior\BuildLiteBehavior [ RunTime:0.000010s ]
INFO: Run Common\Behavior\InitHookBehavior [ RunTime:0.000888s ]
INFO: [ app_init ] --END-- [ RunTime:0.001155s ]
INFO: [ app_begin ] --START--
INFO: Run Behavior\ReadHtmlCacheBehavior [ RunTime:0.000292s ]
INFO: [ app_begin ] --END-- [ RunTime:0.000331s ]
INFO: [ app_end ] --START--
INFO: Run Behavior\ShowPageTraceBehavior [ RunTime:0.000332s ]
INFO: [ app_end ] --END-- [ RunTime:0.000388s ]

[ 2014-12-14T16:32:18+08:00 ] ::1 /timetravel/Admin/index.php?s=/Admin/Article/edit/id/2.html
INFO: [ app_init ] --START--
INFO: Run Behavior\BuildLiteBehavior [ RunTime:0.000009s ]
INFO: Run Common\Behavior\InitHookBehavior [ RunTime:0.000749s ]
INFO: [ app_init ] --END-- [ RunTime:0.000973s ]
INFO: [ app_begin ] --START--
INFO: Run Behavior\ReadHtmlCacheBehavior [ RunTime:0.000246s ]
INFO: [ app_begin ] --END-- [ RunTime:0.000278s ]
SQL: SHOW COLUMNS FROM `article` [ RunTime:0.003173s ]
SQL: SELECT `id`,`title`,`content`,`header_img`,`type`,`create_time`,`click`,`good`,`reply`,`status` FROM `article` WHERE ( `id` = 2 ) LIMIT 1   [ RunTime:0.000575s ]
INFO: [ view_parse ] --START--
INFO: [ template_filter ] --START--
INFO: Run Behavior\ContentReplaceBehavior [ RunTime:0.000166s ]
INFO: [ template_filter ] --END-- [ RunTime:0.000315s ]
INFO: Run Behavior\ParseTemplateBehavior [ RunTime:0.009722s ]
INFO: [ view_parse ] --END-- [ RunTime:0.009773s ]
INFO: [ view_filter ] --START--
INFO: Run Behavior\WriteHtmlCacheBehavior [ RunTime:0.000163s ]
INFO: [ view_filter ] --END-- [ RunTime:0.000198s ]
INFO: [ app_end ] --START--
INFO: Run Behavior\ShowPageTraceBehavior [ RunTime:0.000393s ]
INFO: [ app_end ] --END-- [ RunTime:0.000427s ]

[ 2014-12-14T16:32:19+08:00 ] ::1 /timetravel/Admin/index.php?s=/Admin/Article/ueditor.html&action=config&&noCache=1418545939107
INFO: [ app_init ] --START--
INFO: Run Behavior\BuildLiteBehavior [ RunTime:0.000016s ]
INFO: Run Common\Behavior\InitHookBehavior [ RunTime:0.001022s ]
INFO: [ app_init ] --END-- [ RunTime:0.001366s ]
INFO: [ app_begin ] --START--
INFO: Run Behavior\ReadHtmlCacheBehavior [ RunTime:0.000335s ]
INFO: [ app_begin ] --END-- [ RunTime:0.000390s ]
INFO: [ app_end ] --START--
INFO: Run Behavior\ShowPageTraceBehavior [ RunTime:0.000313s ]
INFO: [ app_end ] --END-- [ RunTime:0.000363s ]

[ 2014-12-14T16:32:46+08:00 ] ::1 /timetravel/Admin/index.php?s=/admin/image/index.html
INFO: [ app_init ] --START--
INFO: Run Behavior\BuildLiteBehavior [ RunTime:0.000014s ]
INFO: Run Common\Behavior\InitHookBehavior [ RunTime:0.001172s ]
INFO: [ app_init ] --END-- [ RunTime:0.001552s ]
INFO: [ app_begin ] --START--
INFO: Run Behavior\ReadHtmlCacheBehavior [ RunTime:0.000404s ]
INFO: [ app_begin ] --END-- [ RunTime:0.000457s ]
NOTIC: [8] Undefined variable: map /Users/Boolean93/www/timetravel/Admin/Application/Admin/Controller/ImageController.class.php 第 34 行.
SQL: SHOW COLUMNS FROM `image` [ RunTime:0.002447s ]
SQL: SELECT COUNT(*) AS tp_count FROM `image` LIMIT 1   [ RunTime:0.000266s ]
SQL: SELECT `id`,`url` FROM `image` ORDER BY id LIMIT 0,10   [ RunTime:0.000343s ]
NOTIC: [8] Undefined variable: map /Users/Boolean93/www/timetravel/Admin/Application/Admin/Controller/ImageController.class.php 第 36 行.
INFO: [ view_parse ] --START--
INFO: [ template_filter ] --START--
INFO: Run Behavior\ContentReplaceBehavior [ RunTime:0.000044s ]
INFO: [ template_filter ] --END-- [ RunTime:0.000085s ]
INFO: Run Behavior\ParseTemplateBehavior [ RunTime:0.007014s ]
INFO: [ view_parse ] --END-- [ RunTime:0.007049s ]
INFO: [ view_filter ] --START--
INFO: Run Behavior\WriteHtmlCacheBehavior [ RunTime:0.000108s ]
INFO: [ view_filter ] --END-- [ RunTime:0.000137s ]
INFO: [ app_end ] --START--
INFO: Run Behavior\ShowPageTraceBehavior [ RunTime:0.000292s ]
INFO: [ app_end ] --END-- [ RunTime:0.000317s ]

[ 2014-12-14T16:33:07+08:00 ] ::1 /timetravel/Admin/index.php?s=/admin/slider/index.html
INFO: [ app_init ] --START--
INFO: Run Behavior\BuildLiteBehavior [ RunTime:0.000016s ]
INFO: Run Common\Behavior\InitHookBehavior [ RunTime:0.001525s ]
INFO: [ app_init ] --END-- [ RunTime:0.001962s ]
INFO: [ app_begin ] --START--
INFO: Run Behavior\ReadHtmlCacheBehavior [ RunTime:0.000310s ]
INFO: [ app_begin ] --END-- [ RunTime:0.000355s ]
NOTIC: [8] Undefined variable: map /Users/Boolean93/www/timetravel/Admin/Application/Admin/Controller/SliderController.class.php 第 37 行.
SQL: SHOW COLUMNS FROM `slider` [ RunTime:0.002872s ]
SQL: SELECT COUNT(*) AS tp_count FROM `slider` WHERE ( `status` >= 0 ) LIMIT 1   [ RunTime:0.000618s ]
SQL: SELECT `id`,`img_url`,`status` FROM `slider` WHERE ( `status` >= 0 ) ORDER BY id LIMIT 0,10   [ RunTime:0.000287s ]
NOTIC: [8] Undefined variable: map /Users/Boolean93/www/timetravel/Admin/Application/Admin/Controller/SliderController.class.php 第 39 行.
INFO: [ view_parse ] --START--
INFO: [ template_filter ] --START--
INFO: Run Behavior\ContentReplaceBehavior [ RunTime:0.000044s ]
INFO: [ template_filter ] --END-- [ RunTime:0.000081s ]
INFO: Run Behavior\ParseTemplateBehavior [ RunTime:0.005983s ]
INFO: [ view_parse ] --END-- [ RunTime:0.006016s ]
INFO: [ view_filter ] --START--
INFO: Run Behavior\WriteHtmlCacheBehavior [ RunTime:0.000095s ]
INFO: [ view_filter ] --END-- [ RunTime:0.000118s ]
INFO: [ app_end ] --START--
INFO: Run Behavior\ShowPageTraceBehavior [ RunTime:0.000285s ]
INFO: [ app_end ] --END-- [ RunTime:0.000310s ]

[ 2014-12-14T16:33:13+08:00 ] ::1 /timetravel/Admin/index.php?s=/admin/memory/index.html
INFO: [ app_init ] --START--
INFO: Run Behavior\BuildLiteBehavior [ RunTime:0.000014s ]
INFO: Run Common\Behavior\InitHookBehavior [ RunTime:0.002235s ]
INFO: [ app_init ] --END-- [ RunTime:0.002655s ]
INFO: [ app_begin ] --START--
INFO: Run Behavior\ReadHtmlCacheBehavior [ RunTime:0.000307s ]
INFO: [ app_begin ] --END-- [ RunTime:0.000353s ]
NOTIC: [8] Undefined variable: map /Users/Boolean93/www/timetravel/Admin/Application/Admin/Controller/MemoryController.class.php 第 34 行.
SQL: SHOW COLUMNS FROM `memory` [ RunTime:0.003849s ]
SQL: SELECT COUNT(*) AS tp_count FROM `memory` LIMIT 1   [ RunTime:0.000261s ]
SQL: SELECT `id`,`title`,`content`,`pic_url`,`user_id`,`create_time`,`click`,`good`,`readable` FROM `memory` ORDER BY id LIMIT 0,10   [ RunTime:0.000385s ]
NOTIC: [8] Undefined variable: map /Users/Boolean93/www/timetravel/Admin/Application/Admin/Controller/MemoryController.class.php 第 36 行.
INFO: [ view_parse ] --START--
INFO: [ template_filter ] --START--
INFO: Run Behavior\ContentReplaceBehavior [ RunTime:0.000049s ]
INFO: [ template_filter ] --END-- [ RunTime:0.000096s ]
INFO: Run Behavior\ParseTemplateBehavior [ RunTime:0.006733s ]
INFO: [ view_parse ] --END-- [ RunTime:0.006777s ]
INFO: [ view_filter ] --START--
INFO: Run Behavior\WriteHtmlCacheBehavior [ RunTime:0.000152s ]
INFO: [ view_filter ] --END-- [ RunTime:0.000181s ]
INFO: [ app_end ] --START--
INFO: Run Behavior\ShowPageTraceBehavior [ RunTime:0.000338s ]
INFO: [ app_end ] --END-- [ RunTime:0.000368s ]

[ 2014-12-14T16:33:15+08:00 ] ::1 /timetravel/Admin/index.php?s=/Admin/Memory/pass/id/2/readable/1.html
INFO: [ app_init ] --START--
INFO: Run Behavior\BuildLiteBehavior [ RunTime:0.000012s ]
INFO: Run Common\Behavior\InitHookBehavior [ RunTime:0.000970s ]
INFO: [ app_init ] --END-- [ RunTime:0.001260s ]
INFO: [ app_begin ] --START--
INFO: Run Behavior\ReadHtmlCacheBehavior [ RunTime:0.000596s ]
INFO: [ app_begin ] --END-- [ RunTime:0.000674s ]
SQL: SHOW COLUMNS FROM `memory` [ RunTime:0.002927s ]
SQL: UPDATE `memory` SET `readable`=1 WHERE ( `id` = 2 ) [ RunTime:0.000522s ]
SQL: SHOW COLUMNS FROM `action` [ RunTime:0.002554s ]
SQL: SELECT * FROM `action` WHERE ( `name` = 'pass_memory' ) LIMIT 1   [ RunTime:0.000393s ]

[ 2014-12-14T16:33:17+08:00 ] ::1 /timetravel/Admin/index.php?s=/admin/memory/index.html
INFO: [ app_init ] --START--
INFO: Run Behavior\BuildLiteBehavior [ RunTime:0.000009s ]
INFO: Run Common\Behavior\InitHookBehavior [ RunTime:0.000772s ]
INFO: [ app_init ] --END-- [ RunTime:0.001020s ]
INFO: [ app_begin ] --START--
INFO: Run Behavior\ReadHtmlCacheBehavior [ RunTime:0.000266s ]
INFO: [ app_begin ] --END-- [ RunTime:0.000300s ]
NOTIC: [8] Undefined variable: map /Users/Boolean93/www/timetravel/Admin/Application/Admin/Controller/MemoryController.class.php 第 34 行.
SQL: SHOW COLUMNS FROM `memory` [ RunTime:0.003262s ]
SQL: SELECT COUNT(*) AS tp_count FROM `memory` LIMIT 1   [ RunTime:0.000264s ]
SQL: SELECT `id`,`title`,`content`,`pic_url`,`user_id`,`create_time`,`click`,`good`,`readable` FROM `memory` ORDER BY id LIMIT 0,10   [ RunTime:0.000370s ]
NOTIC: [8] Undefined variable: map /Users/Boolean93/www/timetravel/Admin/Application/Admin/Controller/MemoryController.class.php 第 36 行.
INFO: [ view_parse ] --START--
INFO: [ template_filter ] --START--
INFO: Run Behavior\ContentReplaceBehavior [ RunTime:0.000046s ]
INFO: [ template_filter ] --END-- [ RunTime:0.000082s ]
INFO: Run Behavior\ParseTemplateBehavior [ RunTime:0.006130s ]
INFO: [ view_parse ] --END-- [ RunTime:0.006179s ]
INFO: [ view_filter ] --START--
INFO: Run Behavior\WriteHtmlCacheBehavior [ RunTime:0.000124s ]
INFO: [ view_filter ] --END-- [ RunTime:0.000149s ]
INFO: [ app_end ] --START--
INFO: Run Behavior\ShowPageTraceBehavior [ RunTime:0.000299s ]
INFO: [ app_end ] --END-- [ RunTime:0.000325s ]

[ 2014-12-14T16:33:19+08:00 ] ::1 /timetravel/Admin/index.php?s=/Admin/Memory/pass/id/2/readable/0.html
INFO: [ app_init ] --START--
INFO: Run Behavior\BuildLiteBehavior [ RunTime:0.000018s ]
INFO: Run Common\Behavior\InitHookBehavior [ RunTime:0.001562s ]
INFO: [ app_init ] --END-- [ RunTime:0.002077s ]
INFO: [ app_begin ] --START--
INFO: Run Behavior\ReadHtmlCacheBehavior [ RunTime:0.000326s ]
INFO: [ app_begin ] --END-- [ RunTime:0.000361s ]
SQL: SHOW COLUMNS FROM `memory` [ RunTime:0.002795s ]
SQL: UPDATE `memory` SET `readable`=0 WHERE ( `id` = 2 ) [ RunTime:0.001818s ]
SQL: SHOW COLUMNS FROM `action` [ RunTime:0.002214s ]
SQL: SELECT * FROM `action` WHERE ( `name` = 'pass_memory' ) LIMIT 1   [ RunTime:0.000571s ]

[ 2014-12-14T16:33:21+08:00 ] ::1 /timetravel/Admin/index.php?s=/admin/memory/index.html
INFO: [ app_init ] --START--
INFO: Run Behavior\BuildLiteBehavior [ RunTime:0.000009s ]
INFO: Run Common\Behavior\InitHookBehavior [ RunTime:0.000790s ]
INFO: [ app_init ] --END-- [ RunTime:0.001077s ]
INFO: [ app_begin ] --START--
INFO: Run Behavior\ReadHtmlCacheBehavior [ RunTime:0.000246s ]
INFO: [ app_begin ] --END-- [ RunTime:0.000278s ]
NOTIC: [8] Undefined variable: map /Users/Boolean93/www/timetravel/Admin/Application/Admin/Controller/MemoryController.class.php 第 34 行.
SQL: SHOW COLUMNS FROM `memory` [ RunTime:0.002753s ]
SQL: SELECT COUNT(*) AS tp_count FROM `memory` LIMIT 1   [ RunTime:0.000301s ]
SQL: SELECT `id`,`title`,`content`,`pic_url`,`user_id`,`create_time`,`click`,`good`,`readable` FROM `memory` ORDER BY id LIMIT 0,10   [ RunTime:0.000464s ]
NOTIC: [8] Undefined variable: map /Users/Boolean93/www/timetravel/Admin/Application/Admin/Controller/MemoryController.class.php 第 36 行.
INFO: [ view_parse ] --START--
INFO: [ template_filter ] --START--
INFO: Run Behavior\ContentReplaceBehavior [ RunTime:0.000045s ]
INFO: [ template_filter ] --END-- [ RunTime:0.000083s ]
INFO: Run Behavior\ParseTemplateBehavior [ RunTime:0.006505s ]
INFO: [ view_parse ] --END-- [ RunTime:0.006565s ]
INFO: [ view_filter ] --START--
INFO: Run Behavior\WriteHtmlCacheBehavior [ RunTime:0.000217s ]
INFO: [ view_filter ] --END-- [ RunTime:0.000264s ]
INFO: [ app_end ] --START--
INFO: Run Behavior\ShowPageTraceBehavior [ RunTime:0.000626s ]
INFO: [ app_end ] --END-- [ RunTime:0.000676s ]

[ 2014-12-14T16:33:26+08:00 ] ::1 /timetravel/Admin/index.php?s=/admin/auth/index.html
INFO: [ app_init ] --START--
INFO: Run Behavior\BuildLiteBehavior [ RunTime:0.000009s ]
INFO: Run Common\Behavior\InitHookBehavior [ RunTime:0.000795s ]
INFO: [ app_init ] --END-- [ RunTime:0.001019s ]
INFO: [ app_begin ] --START--
INFO: Run Behavior\ReadHtmlCacheBehavior [ RunTime:0.000251s ]
INFO: [ app_begin ] --END-- [ RunTime:0.000284s ]
SQL: SHOW COLUMNS FROM `auth` [ RunTime:0.002650s ]
SQL: SELECT * FROM `auth`  [ RunTime:0.000397s ]
INFO: [ view_parse ] --START--
INFO: [ template_filter ] --START--
INFO: Run Behavior\ContentReplaceBehavior [ RunTime:0.000052s ]
INFO: [ template_filter ] --END-- [ RunTime:0.000115s ]
NOTIC: [8] Undefined variable: _page /Users/Boolean93/www/timetravel/Admin/#Runtime/Cache/Admin/7037a8d5a64fd30b57d5fa54024ea286.php 第 55 行.
INFO: Run Behavior\ParseTemplateBehavior [ RunTime:0.009887s ]
INFO: [ view_parse ] --END-- [ RunTime:0.009993s ]
INFO: [ view_filter ] --START--
INFO: Run Behavior\WriteHtmlCacheBehavior [ RunTime:0.000258s ]
INFO: [ view_filter ] --END-- [ RunTime:0.000310s ]
INFO: [ app_end ] --START--
INFO: Run Behavior\ShowPageTraceBehavior [ RunTime:0.000599s ]
INFO: [ app_end ] --END-- [ RunTime:0.000655s ]

[ 2014-12-14T16:33:32+08:00 ] ::1 /timetravel/Admin/index.php?s=/admin/config/index.html
INFO: [ app_init ] --START--
INFO: Run Behavior\BuildLiteBehavior [ RunTime:0.000009s ]
INFO: Run Common\Behavior\InitHookBehavior [ RunTime:0.001493s ]
INFO: [ app_init ] --END-- [ RunTime:0.001757s ]
INFO: [ app_begin ] --START--
INFO: Run Behavior\ReadHtmlCacheBehavior [ RunTime:0.000486s ]
INFO: [ app_begin ] --END-- [ RunTime:0.000549s ]
SQL: SHOW COLUMNS FROM `config` [ RunTime:0.002147s ]
SQL: SELECT COUNT(*) AS tp_count FROM `config` WHERE ( `status` >= 0 ) LIMIT 1   [ RunTime:0.000398s ]
SQL: SELECT `id`,`name`,`title`,`status`,`value`,`extra` FROM `config` WHERE ( `status` >= 0 ) ORDER BY id LIMIT 0,10   [ RunTime:0.000376s ]
INFO: [ view_parse ] --START--
INFO: [ template_filter ] --START--
INFO: Run Behavior\ContentReplaceBehavior [ RunTime:0.000061s ]
INFO: [ template_filter ] --END-- [ RunTime:0.000111s ]
INFO: Run Behavior\ParseTemplateBehavior [ RunTime:0.008191s ]
INFO: [ view_parse ] --END-- [ RunTime:0.008239s ]
INFO: [ view_filter ] --START--
INFO: Run Behavior\WriteHtmlCacheBehavior [ RunTime:0.000136s ]
INFO: [ view_filter ] --END-- [ RunTime:0.000169s ]
INFO: [ app_end ] --START--
INFO: Run Behavior\ShowPageTraceBehavior [ RunTime:0.000388s ]
INFO: [ app_end ] --END-- [ RunTime:0.000423s ]

[ 2014-12-14T16:33:35+08:00 ] ::1 /timetravel/Admin/index.php?s=/admin/addons/hooks.html
INFO: [ app_init ] --START--
INFO: Run Behavior\BuildLiteBehavior [ RunTime:0.000015s ]
INFO: Run Common\Behavior\InitHookBehavior [ RunTime:0.001484s ]
INFO: [ app_init ] --END-- [ RunTime:0.001907s ]
INFO: [ app_begin ] --START--
INFO: Run Behavior\ReadHtmlCacheBehavior [ RunTime:0.000620s ]
INFO: [ app_begin ] --END-- [ RunTime:0.000687s ]
SQL: SHOW COLUMNS FROM `hooks` [ RunTime:0.002329s ]
SQL: SELECT COUNT(*) AS tp_count FROM `hooks` LIMIT 1   [ RunTime:0.006369s ]
SQL: SELECT `id`,`name`,`description`,`type`,`update_time`,`addons` FROM `hooks` ORDER BY id desc LIMIT 0,10   [ RunTime:0.000356s ]
INFO: [ view_parse ] --START--
INFO: [ template_filter ] --START--
INFO: Run Behavior\ContentReplaceBehavior [ RunTime:0.000045s ]
INFO: [ template_filter ] --END-- [ RunTime:0.000083s ]
INFO: Run Behavior\ParseTemplateBehavior [ RunTime:0.005985s ]
INFO: [ view_parse ] --END-- [ RunTime:0.006019s ]
INFO: [ view_filter ] --START--
INFO: Run Behavior\WriteHtmlCacheBehavior [ RunTime:0.000094s ]
INFO: [ view_filter ] --END-- [ RunTime:0.000117s ]
INFO: [ app_end ] --START--
INFO: Run Behavior\ShowPageTraceBehavior [ RunTime:0.000297s ]
INFO: [ app_end ] --END-- [ RunTime:0.000322s ]

[ 2014-12-14T16:33:39+08:00 ] ::1 /timetravel/Admin/index.php?s=/admin/addons/index.html
INFO: [ app_init ] --START--
INFO: Run Behavior\BuildLiteBehavior [ RunTime:0.000010s ]
INFO: Run Common\Behavior\InitHookBehavior [ RunTime:0.000954s ]
INFO: [ app_init ] --END-- [ RunTime:0.001193s ]
INFO: [ app_begin ] --START--
INFO: Run Behavior\ReadHtmlCacheBehavior [ RunTime:0.000254s ]
INFO: [ app_begin ] --END-- [ RunTime:0.000287s ]
SQL: SHOW COLUMNS FROM `addons` [ RunTime:0.012921s ]
SQL: SELECT `id`,`name`,`title`,`description`,`status`,`config`,`author`,`version`,`create_time`,`has_adminlist` FROM `addons` WHERE ( `name` IN ('Attachment','DevTeam','EditorForAdmin','SiteStat','SystemInfo') )  [ RunTime:0.000945s ]
INFO: [ view_parse ] --START--
INFO: [ template_filter ] --START--
INFO: Run Behavior\ContentReplaceBehavior [ RunTime:0.000085s ]
INFO: [ template_filter ] --END-- [ RunTime:0.000163s ]
SQL: SHOW COLUMNS FROM `addons` [ RunTime:0.002449s ]
SQL: SELECT `config` FROM `addons` WHERE ( `name` = 'DevTeam' ) AND ( `status` = 1 ) LIMIT 1   [ RunTime:0.000351s ]
SQL: SELECT `config` FROM `addons` WHERE ( `name` = 'SystemInfo' ) AND ( `status` = 1 ) LIMIT 1   [ RunTime:0.000311s ]
SQL: SELECT `config` FROM `addons` WHERE ( `name` = 'SiteStat' ) AND ( `status` = 1 ) LIMIT 1   [ RunTime:0.000321s ]
SQL: SELECT `config` FROM `addons` WHERE ( `name` = 'EditorForAdmin' ) AND ( `status` = 1 ) LIMIT 1   [ RunTime:0.000328s ]
SQL: SELECT `config` FROM `addons` WHERE ( `name` = 'Attachment' ) AND ( `status` = 1 ) LIMIT 1   [ RunTime:0.000527s ]
INFO: Run Behavior\ParseTemplateBehavior [ RunTime:0.019718s ]
INFO: [ view_parse ] --END-- [ RunTime:0.019760s ]
INFO: [ view_filter ] --START--
INFO: Run Behavior\WriteHtmlCacheBehavior [ RunTime:0.000270s ]
INFO: [ view_filter ] --END-- [ RunTime:0.000342s ]
INFO: [ app_end ] --START--
INFO: Run Behavior\ShowPageTraceBehavior [ RunTime:0.002002s ]
INFO: [ app_end ] --END-- [ RunTime:0.002080s ]

[ 2014-12-14T17:07:00+08:00 ] ::1 /timetravel/Admin/
INFO: [ app_init ] --START--
INFO: Run Behavior\BuildLiteBehavior [ RunTime:0.000011s ]
INFO: Run Common\Behavior\InitHookBehavior [ RunTime:0.000945s ]
INFO: [ app_init ] --END-- [ RunTime:0.001230s ]
INFO: [ app_begin ] --START--
INFO: Run Behavior\ReadHtmlCacheBehavior [ RunTime:0.000312s ]
INFO: [ app_begin ] --END-- [ RunTime:0.000353s ]
SQL: SHOW COLUMNS FROM `auth` [ RunTime:0.001585s ]
NOTIC: [8] Undefined variable: map /Users/Boolean93/www/timetravel/Admin/Application/Admin/Controller/IndexController.class.php 第 31 行.
SQL: SELECT * FROM `auth` ORDER BY sort  [ RunTime:0.000531s ]
SQL: SHOW COLUMNS FROM `addons` [ RunTime:0.002004s ]
SQL: SELECT `title`,`name` FROM `addons` WHERE ( status=1 AND has_adminlist=1 )  [ RunTime:0.000275s ]
NOTIC: [8] Undefined index: id /Users/Boolean93/www/timetravel/Admin/Application/Common/Common/function.php 第 312 行.
INFO: [ view_parse ] --START--
INFO: [ template_filter ] --START--
INFO: Run Behavior\ContentReplaceBehavior [ RunTime:0.000079s ]
INFO: [ template_filter ] --END-- [ RunTime:0.000145s ]
NOTIC: [8] Undefined index: id /Users/Boolean93/www/timetravel/Admin/#Runtime/Cache/Admin/b595b808c2ebeeeb0478ffc30bb4e87a.php 第 107 行.
INFO: Run Behavior\ParseTemplateBehavior [ RunTime:0.014956s ]
INFO: [ view_parse ] --END-- [ RunTime:0.015014s ]
INFO: [ view_filter ] --START--
INFO: Run Behavior\WriteHtmlCacheBehavior [ RunTime:0.001814s ]
INFO: [ view_filter ] --END-- [ RunTime:0.001907s ]
INFO: [ app_end ] --START--
INFO: Run Behavior\ShowPageTraceBehavior [ RunTime:0.001672s ]
INFO: [ app_end ] --END-- [ RunTime:0.001728s ]

[ 2014-12-14T17:07:00+08:00 ] ::1 /timetravel/Admin/index.php?s=/admin/index/center.html
INFO: [ app_init ] --START--
INFO: Run Behavior\BuildLiteBehavior [ RunTime:0.000016s ]
INFO: Run Common\Behavior\InitHookBehavior [ RunTime:0.001259s ]
INFO: [ app_init ] --END-- [ RunTime:0.001751s ]
INFO: [ app_begin ] --START--
INFO: Run Behavior\ReadHtmlCacheBehavior [ RunTime:0.000420s ]
INFO: [ app_begin ] --END-- [ RunTime:0.000476s ]
INFO: [ view_parse ] --START--
INFO: [ template_filter ] --START--
INFO: Run Behavior\ContentReplaceBehavior [ RunTime:0.000060s ]
INFO: [ template_filter ] --END-- [ RunTime:0.000133s ]
INFO: [ AdminIndex ] --START--
SQL: SHOW COLUMNS FROM `addons` [ RunTime:0.002533s ]
SQL: SELECT `config` FROM `addons` WHERE ( `name` = 'SiteStat' ) AND ( `status` = 1 ) LIMIT 1   [ RunTime:0.000383s ]
SQL: SHOW COLUMNS FROM `member` [ RunTime:0.003417s ]
SQL: SELECT COUNT(*) AS tp_count FROM `member` LIMIT 1   [ RunTime:0.000437s ]
SQL: SHOW COLUMNS FROM `action_log` [ RunTime:0.003396s ]
SQL: SELECT COUNT(*) AS tp_count FROM `action_log` LIMIT 1   [ RunTime:0.000392s ]
SQL: SHOW COLUMNS FROM `article` [ RunTime:0.003126s ]
SQL: SELECT COUNT(*) AS tp_count FROM `article` LIMIT 1   [ RunTime:0.000326s ]
SQL: SHOW COLUMNS FROM `category` [ RunTime:0.003138s ]
SQL: SELECT COUNT(*) AS tp_count FROM `category` LIMIT 1   [ RunTime:0.000937s ]
INFO: [ view_parse ] --START--
INFO: [ template_filter ] --START--
INFO: Run Behavior\ContentReplaceBehavior [ RunTime:0.000050s ]
INFO: [ template_filter ] --END-- [ RunTime:-0.035545s ]
INFO: Run Behavior\ParseTemplateBehavior [ RunTime:0.002625s ]
INFO: [ view_parse ] --END-- [ RunTime:0.002715s ]
INFO: [ view_filter ] --START--
INFO: Run Behavior\WriteHtmlCacheBehavior [ RunTime:0.000224s ]
INFO: [ view_filter ] --END-- [ RunTime:0.000280s ]
INFO: Run SiteStat [ RunTime:0.036636s ]
SQL: SELECT `config` FROM `addons` WHERE ( `name` = 'SystemInfo' ) AND ( `status` = 1 ) LIMIT 1   [ RunTime:0.000967s ]
SQL:  select version() AS version [ RunTime:0.000294s ]
INFO: [ view_parse ] --START--
INFO: [ template_filter ] --START--
INFO: Run Behavior\ContentReplaceBehavior [ RunTime:0.000083s ]
INFO: [ template_filter ] --END-- [ RunTime:-0.041579s ]
INFO: Run Behavior\ParseTemplateBehavior [ RunTime:0.002082s ]
INFO: [ view_parse ] --END-- [ RunTime:-0.003410s ]
INFO: [ view_filter ] --START--
INFO: Run Behavior\WriteHtmlCacheBehavior [ RunTime:0.000011s ]
INFO: [ view_filter ] --END-- [ RunTime:-0.005256s ]
INFO: Run SystemInfo [ RunTime:0.005266s ]
SQL: SELECT `config` FROM `addons` WHERE ( `name` = 'DevTeam' ) AND ( `status` = 1 ) LIMIT 1   [ RunTime:0.000460s ]
INFO: [ view_parse ] --START--
INFO: [ template_filter ] --START--
INFO: Run Behavior\ContentReplaceBehavior [ RunTime:0.000046s ]
INFO: [ template_filter ] --END-- [ RunTime:-0.045161s ]
INFO: Run Behavior\ParseTemplateBehavior [ RunTime:0.001824s ]
INFO: [ view_parse ] --END-- [ RunTime:-0.007118s ]
INFO: [ view_filter ] --START--
INFO: Run Behavior\WriteHtmlCacheBehavior [ RunTime:0.000011s ]
INFO: [ view_filter ] --END-- [ RunTime:-0.008699s ]
INFO: Run DevTeam [ RunTime:0.003424s ]
INFO: [ AdminIndex ] --END-- [ RunTime:0.045410s ]
INFO: Run Behavior\ParseTemplateBehavior [ RunTime:0.001979s ]
INFO: [ view_parse ] --END-- [ RunTime:-0.007118s ]
INFO: [ view_filter ] --START--
INFO: Run Behavior\WriteHtmlCacheBehavior [ RunTime:0.000006s ]
INFO: [ view_filter ] --END-- [ RunTime:-0.008821s ]
INFO: [ app_end ] --START--
INFO: Run Behavior\ShowPageTraceBehavior [ RunTime:0.000625s ]
INFO: [ app_end ] --END-- [ RunTime:0.000679s ]

[ 2014-12-14T21:52:38+08:00 ] ::1 /timetravel/Admin/index.php?s=/admin/index/center.html
INFO: [ app_init ] --START--
INFO: Run Behavior\BuildLiteBehavior [ RunTime:0.000015s ]
INFO: Run Common\Behavior\InitHookBehavior [ RunTime:0.003410s ]
INFO: [ app_init ] --END-- [ RunTime:0.004214s ]
INFO: [ app_begin ] --START--
INFO: Run Behavior\ReadHtmlCacheBehavior [ RunTime:0.000697s ]
INFO: [ app_begin ] --END-- [ RunTime:0.000753s ]
INFO: [ view_parse ] --START--
INFO: [ template_filter ] --START--
INFO: Run Behavior\ContentReplaceBehavior [ RunTime:0.000064s ]
INFO: [ template_filter ] --END-- [ RunTime:0.000140s ]
INFO: [ AdminIndex ] --START--
SQL: SHOW COLUMNS FROM `addons` [ RunTime:0.002670s ]
SQL: SELECT `config` FROM `addons` WHERE ( `name` = 'SiteStat' ) AND ( `status` = 1 ) LIMIT 1   [ RunTime:0.000306s ]
SQL: SHOW COLUMNS FROM `member` [ RunTime:0.002133s ]
SQL: SELECT COUNT(*) AS tp_count FROM `member` LIMIT 1   [ RunTime:0.000258s ]
SQL: SHOW COLUMNS FROM `action_log` [ RunTime:0.002559s ]
SQL: SELECT COUNT(*) AS tp_count FROM `action_log` LIMIT 1   [ RunTime:0.000302s ]
SQL: SHOW COLUMNS FROM `article` [ RunTime:0.001941s ]
SQL: SELECT COUNT(*) AS tp_count FROM `article` LIMIT 1   [ RunTime:0.000324s ]
SQL: SHOW COLUMNS FROM `category` [ RunTime:0.002240s ]
SQL: SELECT COUNT(*) AS tp_count FROM `category` LIMIT 1   [ RunTime:0.000227s ]
INFO: [ view_parse ] --START--
INFO: [ template_filter ] --START--
INFO: Run Behavior\ContentReplaceBehavior [ RunTime:0.000028s ]
INFO: [ template_filter ] --END-- [ RunTime:-0.031666s ]
INFO: Run Behavior\ParseTemplateBehavior [ RunTime:0.001469s ]
INFO: [ view_parse ] --END-- [ RunTime:0.001506s ]
INFO: [ view_filter ] --START--
INFO: Run Behavior\WriteHtmlCacheBehavior [ RunTime:0.000405s ]
INFO: [ view_filter ] --END-- [ RunTime:0.000438s ]
INFO: Run SiteStat [ RunTime:0.030975s ]
SQL: SELECT `config` FROM `addons` WHERE ( `name` = 'SystemInfo' ) AND ( `status` = 1 ) LIMIT 1   [ RunTime:0.000404s ]
SQL:  select version() AS version [ RunTime:0.000207s ]
INFO: [ view_parse ] --START--
INFO: [ template_filter ] --START--
INFO: Run Behavior\ContentReplaceBehavior [ RunTime:0.000028s ]
INFO: [ template_filter ] --END-- [ RunTime:-0.035509s ]
INFO: Run Behavior\ParseTemplateBehavior [ RunTime:0.001470s ]
INFO: [ view_parse ] --END-- [ RunTime:-0.002426s ]
INFO: [ view_filter ] --START--
INFO: Run Behavior\WriteHtmlCacheBehavior [ RunTime:0.000010s ]
INFO: [ view_filter ] --END-- [ RunTime:-0.003527s ]
INFO: Run SystemInfo [ RunTime:0.003551s ]
SQL: SELECT `config` FROM `addons` WHERE ( `name` = 'DevTeam' ) AND ( `status` = 1 ) LIMIT 1   [ RunTime:0.000404s ]
INFO: [ view_parse ] --START--
INFO: [ template_filter ] --START--
INFO: Run Behavior\ContentReplaceBehavior [ RunTime:0.000027s ]
INFO: [ template_filter ] --END-- [ RunTime:-0.038831s ]
INFO: Run Behavior\ParseTemplateBehavior [ RunTime:0.001287s ]
INFO: [ view_parse ] --END-- [ RunTime:-0.005745s ]
INFO: [ view_filter ] --START--
INFO: Run Behavior\WriteHtmlCacheBehavior [ RunTime:0.000007s ]
INFO: [ view_filter ] --END-- [ RunTime:-0.006628s ]
INFO: Run DevTeam [ RunTime:0.003075s ]
INFO: [ AdminIndex ] --END-- [ RunTime:0.037684s ]
INFO: Run Behavior\ParseTemplateBehavior [ RunTime:0.001381s ]
INFO: [ view_parse ] --END-- [ RunTime:-0.005745s ]
INFO: [ view_filter ] --START--
INFO: Run Behavior\WriteHtmlCacheBehavior [ RunTime:0.000005s ]
INFO: [ view_filter ] --END-- [ RunTime:-0.006708s ]
INFO: [ app_end ] --START--
INFO: Run Behavior\ShowPageTraceBehavior [ RunTime:0.000769s ]
INFO: [ app_end ] --END-- [ RunTime:0.000803s ]

[ 2014-12-14T21:52:54+08:00 ] ::1 /timetravel/Admin/index.php?s=/admin/index/center.html
INFO: [ app_init ] --START--
INFO: Run Behavior\BuildLiteBehavior [ RunTime:0.000011s ]
INFO: Run Common\Behavior\InitHookBehavior [ RunTime:0.000892s ]
INFO: [ app_init ] --END-- [ RunTime:0.001231s ]
INFO: [ app_begin ] --START--
INFO: Run Behavior\ReadHtmlCacheBehavior [ RunTime:0.000303s ]
INFO: [ app_begin ] --END-- [ RunTime:0.000343s ]
INFO: [ view_parse ] --START--
INFO: [ template_filter ] --START--
INFO: Run Behavior\ContentReplaceBehavior [ RunTime:0.000038s ]
INFO: [ template_filter ] --END-- [ RunTime:0.000083s ]
INFO: [ AdminIndex ] --START--
SQL: SHOW COLUMNS FROM `addons` [ RunTime:0.002584s ]
SQL: SELECT `config` FROM `addons` WHERE ( `name` = 'SiteStat' ) AND ( `status` = 1 ) LIMIT 1   [ RunTime:0.000291s ]
SQL: SHOW COLUMNS FROM `member` [ RunTime:0.003010s ]
SQL: SELECT COUNT(*) AS tp_count FROM `member` LIMIT 1   [ RunTime:0.000335s ]
SQL: SHOW COLUMNS FROM `action_log` [ RunTime:0.002010s ]
SQL: SELECT COUNT(*) AS tp_count FROM `action_log` LIMIT 1   [ RunTime:0.000311s ]
SQL: SHOW COLUMNS FROM `article` [ RunTime:0.001694s ]
SQL: SELECT COUNT(*) AS tp_count FROM `article` LIMIT 1   [ RunTime:0.000233s ]
SQL: SHOW COLUMNS FROM `category` [ RunTime:0.002214s ]
SQL: SELECT COUNT(*) AS tp_count FROM `category` LIMIT 1   [ RunTime:0.000266s ]
INFO: [ view_parse ] --START--
INFO: [ template_filter ] --START--
INFO: Run Behavior\ContentReplaceBehavior [ RunTime:0.000038s ]
INFO: [ template_filter ] --END-- [ RunTime:-0.021792s ]
INFO: Run Behavior\ParseTemplateBehavior [ RunTime:0.001447s ]
INFO: [ view_parse ] --END-- [ RunTime:0.001506s ]
INFO: [ view_filter ] --START--
INFO: Run Behavior\WriteHtmlCacheBehavior [ RunTime:0.000125s ]
INFO: [ view_filter ] --END-- [ RunTime:0.000159s ]
INFO: Run SiteStat [ RunTime:0.022438s ]
SQL: SELECT `config` FROM `addons` WHERE ( `name` = 'SystemInfo' ) AND ( `status` = 1 ) LIMIT 1   [ RunTime:0.000320s ]
SQL:  select version() AS version [ RunTime:0.000185s ]
INFO: [ view_parse ] --START--
INFO: [ template_filter ] --START--
INFO: Run Behavior\ContentReplaceBehavior [ RunTime:0.000030s ]
INFO: [ template_filter ] --END-- [ RunTime:-0.024627s ]
INFO: Run Behavior\ParseTemplateBehavior [ RunTime:0.001328s ]
INFO: [ view_parse ] --END-- [ RunTime:-0.001286s ]
INFO: [ view_filter ] --START--
INFO: Run Behavior\WriteHtmlCacheBehavior [ RunTime:0.000009s ]
INFO: [ view_filter ] --END-- [ RunTime:-0.002489s ]
INFO: Run SystemInfo [ RunTime:0.002512s ]
SQL: SELECT `config` FROM `addons` WHERE ( `name` = 'DevTeam' ) AND ( `status` = 1 ) LIMIT 1   [ RunTime:0.000389s ]
INFO: [ view_parse ] --START--
INFO: [ template_filter ] --START--
INFO: Run Behavior\ContentReplaceBehavior [ RunTime:0.000029s ]
INFO: [ template_filter ] --END-- [ RunTime:-0.026936s ]
INFO: Run Behavior\ParseTemplateBehavior [ RunTime:0.001138s ]
INFO: [ view_parse ] --END-- [ RunTime:-0.003620s ]
INFO: [ view_filter ] --START--
INFO: Run Behavior\WriteHtmlCacheBehavior [ RunTime:0.000009s ]
INFO: [ view_filter ] --END-- [ RunTime:-0.004627s ]
INFO: Run DevTeam [ RunTime:0.002121s ]
INFO: [ AdminIndex ] --END-- [ RunTime:0.027122s ]
INFO: Run Behavior\ParseTemplateBehavior [ RunTime:0.001248s ]
INFO: [ view_parse ] --END-- [ RunTime:-0.003620s ]
INFO: [ view_filter ] --START--
INFO: Run Behavior\WriteHtmlCacheBehavior [ RunTime:0.000005s ]
INFO: [ view_filter ] --END-- [ RunTime:-0.004719s ]
INFO: [ app_end ] --START--
INFO: Run Behavior\ShowPageTraceBehavior [ RunTime:0.000410s ]
INFO: [ app_end ] --END-- [ RunTime:0.000443s ]

[ 2014-12-14T21:52:57+08:00 ] ::1 /timetravel/Admin/index.php?s=/admin/addons/index.html
INFO: [ app_init ] --START--
INFO: Run Behavior\BuildLiteBehavior [ RunTime:0.000012s ]
INFO: Run Common\Behavior\InitHookBehavior [ RunTime:0.000992s ]
INFO: [ app_init ] --END-- [ RunTime:0.001285s ]
INFO: [ app_begin ] --START--
INFO: Run Behavior\ReadHtmlCacheBehavior [ RunTime:0.000275s ]
INFO: [ app_begin ] --END-- [ RunTime:0.000310s ]
SQL: SHOW COLUMNS FROM `addons` [ RunTime:0.001999s ]
SQL: SELECT `id`,`name`,`title`,`description`,`status`,`config`,`author`,`version`,`create_time`,`has_adminlist` FROM `addons` WHERE ( `name` IN ('Attachment','DevTeam','EditorForAdmin','SiteStat','SystemInfo') )  [ RunTime:0.000382s ]
INFO: [ view_parse ] --START--
INFO: [ template_filter ] --START--
INFO: Run Behavior\ContentReplaceBehavior [ RunTime:0.000056s ]
INFO: [ template_filter ] --END-- [ RunTime:0.000100s ]
SQL: SHOW COLUMNS FROM `addons` [ RunTime:0.001983s ]
SQL: SELECT `config` FROM `addons` WHERE ( `name` = 'DevTeam' ) AND ( `status` = 1 ) LIMIT 1   [ RunTime:0.000323s ]
SQL: SELECT `config` FROM `addons` WHERE ( `name` = 'SystemInfo' ) AND ( `status` = 1 ) LIMIT 1   [ RunTime:0.000339s ]
SQL: SELECT `config` FROM `addons` WHERE ( `name` = 'SiteStat' ) AND ( `status` = 1 ) LIMIT 1   [ RunTime:0.000296s ]
SQL: SELECT `config` FROM `addons` WHERE ( `name` = 'EditorForAdmin' ) AND ( `status` = 1 ) LIMIT 1   [ RunTime:0.000306s ]
SQL: SELECT `config` FROM `addons` WHERE ( `name` = 'Attachment' ) AND ( `status` = 1 ) LIMIT 1   [ RunTime:0.000515s ]
INFO: Run Behavior\ParseTemplateBehavior [ RunTime:0.021078s ]
INFO: [ view_parse ] --END-- [ RunTime:0.021170s ]
INFO: [ view_filter ] --START--
INFO: Run Behavior\WriteHtmlCacheBehavior [ RunTime:0.000318s ]
INFO: [ view_filter ] --END-- [ RunTime:0.000365s ]
INFO: [ app_end ] --START--
INFO: Run Behavior\ShowPageTraceBehavior [ RunTime:0.002177s ]
INFO: [ app_end ] --END-- [ RunTime:0.002273s ]

[ 2014-12-14T21:52:58+08:00 ] ::1 /timetravel/Admin/index.php?s=/admin/addons/hooks.html
INFO: [ app_init ] --START--
INFO: Run Behavior\BuildLiteBehavior [ RunTime:0.000013s ]
INFO: Run Common\Behavior\InitHookBehavior [ RunTime:0.000910s ]
INFO: [ app_init ] --END-- [ RunTime:0.001206s ]
INFO: [ app_begin ] --START--
INFO: Run Behavior\ReadHtmlCacheBehavior [ RunTime:0.000475s ]
INFO: [ app_begin ] --END-- [ RunTime:0.000547s ]
SQL: SHOW COLUMNS FROM `hooks` [ RunTime:0.001815s ]
SQL: SELECT COUNT(*) AS tp_count FROM `hooks` LIMIT 1   [ RunTime:0.000293s ]
SQL: SELECT `id`,`name`,`description`,`type`,`update_time`,`addons` FROM `hooks` ORDER BY id desc LIMIT 0,10   [ RunTime:0.000294s ]
INFO: [ view_parse ] --START--
INFO: [ template_filter ] --START--
INFO: Run Behavior\ContentReplaceBehavior [ RunTime:0.000060s ]
INFO: [ template_filter ] --END-- [ RunTime:0.000122s ]
INFO: Run Behavior\ParseTemplateBehavior [ RunTime:0.008095s ]
INFO: [ view_parse ] --END-- [ RunTime:0.008147s ]
INFO: [ view_filter ] --START--
INFO: Run Behavior\WriteHtmlCacheBehavior [ RunTime:0.000143s ]
INFO: [ view_filter ] --END-- [ RunTime:0.000176s ]
INFO: [ app_end ] --START--
INFO: Run Behavior\ShowPageTraceBehavior [ RunTime:0.000305s ]
INFO: [ app_end ] --END-- [ RunTime:0.000333s ]

[ 2014-12-14T21:53:01+08:00 ] ::1 /timetravel/Admin/index.php?s=/admin/auth/index.html
INFO: [ app_init ] --START--
INFO: Run Behavior\BuildLiteBehavior [ RunTime:0.000009s ]
INFO: Run Common\Behavior\InitHookBehavior [ RunTime:0.000766s ]
INFO: [ app_init ] --END-- [ RunTime:0.000994s ]
INFO: [ app_begin ] --START--
INFO: Run Behavior\ReadHtmlCacheBehavior [ RunTime:0.000251s ]
INFO: [ app_begin ] --END-- [ RunTime:0.000283s ]
SQL: SHOW COLUMNS FROM `auth` [ RunTime:0.002127s ]
SQL: SELECT * FROM `auth`  [ RunTime:0.000332s ]
INFO: [ view_parse ] --START--
INFO: [ template_filter ] --START--
INFO: Run Behavior\ContentReplaceBehavior [ RunTime:0.000046s ]
INFO: [ template_filter ] --END-- [ RunTime:0.000089s ]
NOTIC: [8] Undefined variable: _page /Users/Boolean93/www/timetravel/Admin/#Runtime/Cache/Admin/7037a8d5a64fd30b57d5fa54024ea286.php 第 55 行.
INFO: Run Behavior\ParseTemplateBehavior [ RunTime:0.009312s ]
INFO: [ view_parse ] --END-- [ RunTime:0.009369s ]
INFO: [ view_filter ] --START--
INFO: Run Behavior\WriteHtmlCacheBehavior [ RunTime:0.000140s ]
INFO: [ view_filter ] --END-- [ RunTime:0.000175s ]
INFO: [ app_end ] --START--
INFO: Run Behavior\ShowPageTraceBehavior [ RunTime:0.000412s ]
INFO: [ app_end ] --END-- [ RunTime:0.000460s ]

[ 2014-12-14T21:53:03+08:00 ] ::1 /timetravel/Admin/index.php?s=/admin/config/index.html
INFO: [ app_init ] --START--
INFO: Run Behavior\BuildLiteBehavior [ RunTime:0.000013s ]
INFO: Run Common\Behavior\InitHookBehavior [ RunTime:0.001332s ]
INFO: [ app_init ] --END-- [ RunTime:0.001703s ]
INFO: [ app_begin ] --START--
INFO: Run Behavior\ReadHtmlCacheBehavior [ RunTime:0.000438s ]
INFO: [ app_begin ] --END-- [ RunTime:0.000500s ]
SQL: SHOW COLUMNS FROM `config` [ RunTime:0.002672s ]
SQL: SELECT COUNT(*) AS tp_count FROM `config` WHERE ( `status` >= 0 ) LIMIT 1   [ RunTime:0.000280s ]
SQL: SELECT `id`,`name`,`title`,`status`,`value`,`extra` FROM `config` WHERE ( `status` >= 0 ) ORDER BY id LIMIT 0,10   [ RunTime:0.000304s ]
INFO: [ view_parse ] --START--
INFO: [ template_filter ] --START--
INFO: Run Behavior\ContentReplaceBehavior [ RunTime:0.000071s ]
INFO: [ template_filter ] --END-- [ RunTime:0.000139s ]
INFO: Run Behavior\ParseTemplateBehavior [ RunTime:0.007308s ]
INFO: [ view_parse ] --END-- [ RunTime:0.007406s ]
INFO: [ view_filter ] --START--
INFO: Run Behavior\WriteHtmlCacheBehavior [ RunTime:0.000199s ]
INFO: [ view_filter ] --END-- [ RunTime:0.000249s ]
INFO: [ app_end ] --START--
INFO: Run Behavior\ShowPageTraceBehavior [ RunTime:0.000563s ]
INFO: [ app_end ] --END-- [ RunTime:0.000621s ]

